05/26/22 8:17:38: controlpanel-sidebar.scss - parse error: failed at `#sidebar` /home/rampup/clane-rampup.com/public_html/default/wp-content/themes/rampup/assets/scss/controlpanel-sidebar.scss on line 229, at column 1
05/27/22 12:58:53: page-mypage.scss - parse error: failed at `justify-content: ;` /home/rampup/clane-rampup.com/public_html/default/wp-content/themes/rampup/assets/scss/page-mypage.scss on line 357, at column 13
05/31/22 2:03:04: App-style.scss - parse error: failed at `$gray_edf` /home/rampup/clane-rampup.com/public_html/default/wp-content/themes/rampup/assets/scss/_configuration.scss on line 37, at column 1
05/31/22 2:03:04: controlpanel-common.scss - parse error: failed at `$gray_edf` /home/rampup/clane-rampup.com/public_html/default/wp-content/themes/rampup/assets/scss/_configuration.scss on line 37, at column 1
05/31/22 2:03:04: component-sidebar.scss - parse error: failed at `$gray_edf` /home/rampup/clane-rampup.com/public_html/default/wp-content/themes/rampup/assets/scss/_configuration.scss on line 37, at column 1
05/31/22 2:03:04: component-modal.scss - parse error: failed at `$gray_edf` /home/rampup/clane-rampup.com/public_html/default/wp-content/themes/rampup/assets/scss/_configuration.scss on line 37, at column 1
05/31/22 2:03:04: component-calendar.scss - parse error: failed at `$gray_edf` /home/rampup/clane-rampup.com/public_html/default/wp-content/themes/rampup/assets/scss/_configuration.scss on line 37, at column 1
05/31/22 2:03:04: archive-index-child--test.scss - parse error: failed at `$gray_edf` /home/rampup/clane-rampup.com/public_html/default/wp-content/themes/rampup/assets/scss/_configuration.scss on line 37, at column 1
05/31/22 2:03:04: footer-default.scss - parse error: failed at `$gray_edf` /home/rampup/clane-rampup.com/public_html/default/wp-content/themes/rampup/assets/scss/_configuration.scss on line 37, at column 1
05/31/22 2:03:04: footer.scss - parse error: failed at `$gray_edf` /home/rampup/clane-rampup.com/public_html/default/wp-content/themes/rampup/assets/scss/_configuration.scss on line 37, at column 1
05/31/22 2:03:04: header.scss - parse error: failed at `$gray_edf` /home/rampup/clane-rampup.com/public_html/default/wp-content/themes/rampup/assets/scss/_configuration.scss on line 37, at column 1
05/31/22 2:03:04: mypageStatement.scss - parse error: failed at `$gray_edf` /home/rampup/clane-rampup.com/public_html/default/wp-content/themes/rampup/assets/scss/_configuration.scss on line 37, at column 1
05/31/22 2:03:04: page-submissions.scss - parse error: failed at `$gray_edf` /home/rampup/clane-rampup.com/public_html/default/wp-content/themes/rampup/assets/scss/_configuration.scss on line 37, at column 1
05/31/22 2:03:04: page-templateDesign.scss - parse error: failed at `$gray_edf` /home/rampup/clane-rampup.com/public_html/default/wp-content/themes/rampup/assets/scss/_configuration.scss on line 37, at column 1
05/31/22 2:03:04: search.scss - parse error: failed at `$gray_edf` /home/rampup/clane-rampup.com/public_html/default/wp-content/themes/rampup/assets/scss/_configuration.scss on line 37, at column 1
05/31/22 2:03:04: style.scss - parse error: failed at `$gray_edf` /home/rampup/clane-rampup.com/public_html/default/wp-content/themes/rampup/assets/scss/_configuration.scss on line 37, at column 1
05/31/22 2:03:04: top.scss - parse error: failed at `$gray_edf` /home/rampup/clane-rampup.com/public_html/default/wp-content/themes/rampup/assets/scss/_configuration.scss on line 37, at column 1
05/31/22 2:03:04: single-membership.scss - parse error: failed at `$gray_edf` /home/rampup/clane-rampup.com/public_html/default/wp-content/themes/rampup/assets/scss/_configuration.scss on line 37, at column 1
05/31/22 2:03:04: single-email.scss - parse error: failed at `$gray_edf` /home/rampup/clane-rampup.com/public_html/default/wp-content/themes/rampup/assets/scss/_configuration.scss on line 37, at column 1
05/31/22 2:03:04: page-termsOfService.scss - parse error: failed at `$gray_edf` /home/rampup/clane-rampup.com/public_html/default/wp-content/themes/rampup/assets/scss/_configuration.scss on line 37, at column 1
05/31/22 2:03:04: page-mypage-timer.scss - parse error: failed at `$gray_edf` /home/rampup/clane-rampup.com/public_html/default/wp-content/themes/rampup/assets/scss/_configuration.scss on line 37, at column 1
05/31/22 2:03:04: page-mypage-progress.scss - parse error: failed at `$gray_edf` /home/rampup/clane-rampup.com/public_html/default/wp-content/themes/rampup/assets/scss/_configuration.scss on line 37, at column 1
05/31/22 2:03:04: page-mypage.scss - parse error: failed at `$gray_edf` /home/rampup/clane-rampup.com/public_html/default/wp-content/themes/rampup/assets/scss/_configuration.scss on line 37, at column 1
05/31/22 2:03:04: page-controlpanel-user-list.scss - parse error: failed at `$gray_edf` /home/rampup/clane-rampup.com/public_html/default/wp-content/themes/rampup/assets/scss/_configuration.scss on line 37, at column 1
05/31/22 2:03:04: page-controlpanel-user-info.scss - parse error: failed at `$gray_edf` /home/rampup/clane-rampup.com/public_html/default/wp-content/themes/rampup/assets/scss/_configuration.scss on line 37, at column 1
05/31/22 2:03:04: page-controlpanel-user-edit.scss - parse error: failed at `$gray_edf` /home/rampup/clane-rampup.com/public_html/default/wp-content/themes/rampup/assets/scss/_configuration.scss on line 37, at column 1
05/31/22 2:03:04: page-controlpanel-stepmail-list.scss - parse error: failed at `$gray_edf` /home/rampup/clane-rampup.com/public_html/default/wp-content/themes/rampup/assets/scss/_configuration.scss on line 37, at column 1
05/31/22 2:03:04: page-controlpanel-stepmail-edit.scss - parse error: failed at `$gray_edf` /home/rampup/clane-rampup.com/public_html/default/wp-content/themes/rampup/assets/scss/_configuration.scss on line 37, at column 1
05/31/22 2:03:04: page-controlpanel-setting.scss - parse error: failed at `$gray_edf` /home/rampup/clane-rampup.com/public_html/default/wp-content/themes/rampup/assets/scss/_configuration.scss on line 37, at column 1
05/31/22 2:03:04: page-controlpanel-meeting-list.scss - parse error: failed at `$gray_edf` /home/rampup/clane-rampup.com/public_html/default/wp-content/themes/rampup/assets/scss/_configuration.scss on line 37, at column 1
05/31/22 2:03:04: page-controlpanel-groupEmail-edit.scss - parse error: failed at `$gray_edf` /home/rampup/clane-rampup.com/public_html/default/wp-content/themes/rampup/assets/scss/_configuration.scss on line 37, at column 1
05/31/22 2:03:04: page-controlpanel-dashboard.scss - parse error: failed at `$gray_edf` /home/rampup/clane-rampup.com/public_html/default/wp-content/themes/rampup/assets/scss/_configuration.scss on line 37, at column 1
05/31/22 2:03:04: page-cardPayment.scss - parse error: failed at `$gray_edf` /home/rampup/clane-rampup.com/public_html/default/wp-content/themes/rampup/assets/scss/_configuration.scss on line 37, at column 1
05/31/22 2:03:04: form-common.scss - parse error: failed at `$gray_edf` /home/rampup/clane-rampup.com/public_html/default/wp-content/themes/rampup/assets/scss/_configuration.scss on line 37, at column 1
05/31/22 2:03:04: customPost-reservation.scss - parse error: failed at `$gray_edf` /home/rampup/clane-rampup.com/public_html/default/wp-content/themes/rampup/assets/scss/_configuration.scss on line 37, at column 1
05/31/22 2:03:04: controlpanel-sidebar.scss - parse error: failed at `$gray_edf` /home/rampup/clane-rampup.com/public_html/default/wp-content/themes/rampup/assets/scss/_configuration.scss on line 37, at column 1
05/31/22 2:03:04: controlpanel-header.scss - parse error: failed at `$gray_edf` /home/rampup/clane-rampup.com/public_html/default/wp-content/themes/rampup/assets/scss/_configuration.scss on line 37, at column 1
05/31/22 2:03:04: component-mypage-modal.scss - parse error: failed at `$gray_edf` /home/rampup/clane-rampup.com/public_html/default/wp-content/themes/rampup/assets/scss/_configuration.scss on line 37, at column 1
05/31/22 2:03:04: component-dashboard-table.scss - parse error: failed at `$gray_edf` /home/rampup/clane-rampup.com/public_html/default/wp-content/themes/rampup/assets/scss/_configuration.scss on line 37, at column 1
05/31/22 2:03:04: archive-index.scss - parse error: failed at `$gray_edf` /home/rampup/clane-rampup.com/public_html/default/wp-content/themes/rampup/assets/scss/_configuration.scss on line 37, at column 1
05/31/22 3:15:32: page-controlpanel-meeting-list.scss - parse error: failed at `background-color: ;` /home/rampup/clane-rampup.com/public_html/default/wp-content/themes/rampup/assets/scss/page-controlpanel-meeting-list.scss on line 376, at column 7
05/31/22 3:15:34: page-controlpanel-meeting-list.scss - parse error: failed at `background-color: ;` /home/rampup/clane-rampup.com/public_html/default/wp-content/themes/rampup/assets/scss/page-controlpanel-meeting-list.scss on line 376, at column 7
05/31/22 3:17:33: page-controlpanel-meeting-list.scss - parse error: failed at `border-bottom: ;` /home/rampup/clane-rampup.com/public_html/default/wp-content/themes/rampup/assets/scss/page-controlpanel-meeting-list.scss on line 377, at column 7
06/01/22 7:57:46: page-controlpanel-user-list.scss - parse error: failed at `display: ;` /home/rampup/clane-rampup.com/public_html/default/wp-content/themes/rampup/assets/scss/page-controlpanel-user-list.scss on line 455, at column 3
