12-24-2021 @ 11:01:19 - ---[ New import started at 2021-12-24 11:01:19 ] PHP Memory: 1 GB, WP Memory: 40 MB
12-24-2021 @ 11:01:19 - Preparing for import.
12-24-2021 @ 11:01:19 - Row :1 - Parsing item.
12-24-2021 @ 11:01:19 - Row :1 - Processing item.
12-24-2021 @ 11:01:19 - Processing users.
12-24-2021 @ 11:01:19 - > &#8220;632&#8221;User imported successfully. ID:632
12-24-2021 @ 11:01:19 - > Finished importing user 632
12-24-2021 @ 11:01:19 - Row :1 - User imported successfully.
12-24-2021 @ 11:01:19 - Row :2 - Parsing item.
12-24-2021 @ 11:01:19 - Row :2 - Processing item.
12-24-2021 @ 11:01:19 - Processing users.
12-24-2021 @ 11:01:19 - > &#8220;633&#8221;User imported successfully. ID:633
12-24-2021 @ 11:01:19 - > Finished importing user 633
12-24-2021 @ 11:01:19 - Row :2 - User imported successfully.
12-24-2021 @ 11:01:19 - Row :3 - Parsing item.
12-24-2021 @ 11:01:19 - Row :3 - Processing item.
12-24-2021 @ 11:01:19 - Processing users.
12-24-2021 @ 11:01:19 - > &#8220;634&#8221;User imported successfully. ID:634
12-24-2021 @ 11:01:19 - > Finished importing user 634
12-24-2021 @ 11:01:19 - Row :3 - User imported successfully.
12-24-2021 @ 11:01:19 - Row :4 - Parsing item.
12-24-2021 @ 11:01:19 - Row :4 - Processing item.
12-24-2021 @ 11:01:19 - Processing users.
12-24-2021 @ 11:01:19 - > &#8220;635&#8221;User imported successfully. ID:635
12-24-2021 @ 11:01:19 - > Finished importing user 635
12-24-2021 @ 11:01:19 - Row :4 - User imported successfully.
12-24-2021 @ 11:01:19 - Row :5 - Parsing item.
12-24-2021 @ 11:01:19 - Row :5 - Processing item.
12-24-2021 @ 11:01:19 - Processing users.
12-24-2021 @ 11:01:19 - > &#8220;636&#8221;User imported successfully. ID:636
12-24-2021 @ 11:01:19 - > Finished importing user 636
12-24-2021 @ 11:01:19 - Row :5 - User imported successfully.
12-24-2021 @ 11:01:19 - Row :6 - Parsing item.
12-24-2021 @ 11:01:19 - Row :6 - Processing item.
12-24-2021 @ 11:01:19 - Processing users.
12-24-2021 @ 11:01:19 - > &#8220;637&#8221;User imported successfully. ID:637
12-24-2021 @ 11:01:19 - > Finished importing user 637
12-24-2021 @ 11:01:19 - Row :6 - User imported successfully.
12-24-2021 @ 11:01:19 - Row :7 - Parsing item.
12-24-2021 @ 11:01:19 - > skipped: cannot insert user without email.
12-24-2021 @ 11:01:19 - Row :7 - Parsing failed. Reason: > skipped: cannot insert user without email.
12-24-2021 @ 11:01:19 - Row :8 - Parsing item.
12-24-2021 @ 11:01:19 - Row :8 - Processing item.
12-24-2021 @ 11:01:19 - Processing users.
12-24-2021 @ 11:01:19 - > &#8220;638&#8221;User imported successfully. ID:638
12-24-2021 @ 11:01:19 - > Finished importing user 638
12-24-2021 @ 11:01:19 - Row :8 - User imported successfully.
12-24-2021 @ 11:01:19 - Row :9 - Parsing item.
12-24-2021 @ 11:01:19 - Row :9 - Processing item.
12-24-2021 @ 11:01:19 - Processing users.
12-24-2021 @ 11:01:19 - > &#8220;639&#8221;User imported successfully. ID:639
12-24-2021 @ 11:01:19 - > Finished importing user 639
12-24-2021 @ 11:01:19 - Row :9 - User imported successfully.
12-24-2021 @ 11:01:19 - Row :10 - Parsing item.
12-24-2021 @ 11:01:19 - Row :10 - Processing item.
12-24-2021 @ 11:01:19 - Processing users.
12-24-2021 @ 11:01:19 - > &#8220;640&#8221;User imported successfully. ID:640
12-24-2021 @ 11:01:19 - > Finished importing user 640
12-24-2021 @ 11:01:19 - Row :10 - User imported successfully.
12-24-2021 @ 11:01:19 - Preparing for import.
12-24-2021 @ 11:01:19 - Row :11 - Parsing item.
12-24-2021 @ 11:01:19 - Row :11 - Processing item.
12-24-2021 @ 11:01:19 - Processing users.
12-24-2021 @ 11:01:19 - > &#8220;641&#8221;User imported successfully. ID:641
12-24-2021 @ 11:01:19 - > Finished importing user 641
12-24-2021 @ 11:01:19 - Row :11 - User imported successfully.
12-24-2021 @ 11:01:19 - Row :12 - Parsing item.
12-24-2021 @ 11:01:19 - Row :12 - Processing item.
12-24-2021 @ 11:01:19 - Processing users.
12-24-2021 @ 11:01:19 - > &#8220;642&#8221;User imported successfully. ID:642
12-24-2021 @ 11:01:19 - > Finished importing user 642
12-24-2021 @ 11:01:19 - Row :12 - User imported successfully.
12-24-2021 @ 11:01:19 - Row :13 - Parsing item.
12-24-2021 @ 11:01:19 - Row :13 - Processing item.
12-24-2021 @ 11:01:19 - Processing users.
12-24-2021 @ 11:01:19 - > &#8220;643&#8221;User imported successfully. ID:643
12-24-2021 @ 11:01:19 - > Finished importing user 643
12-24-2021 @ 11:01:19 - Row :13 - User imported successfully.
12-24-2021 @ 11:01:19 - Row :14 - Parsing item.
12-24-2021 @ 11:01:19 - Row :14 - Processing item.
12-24-2021 @ 11:01:19 - Processing users.
12-24-2021 @ 11:01:19 - > &#8220;644&#8221;User imported successfully. ID:644
12-24-2021 @ 11:01:19 - > Finished importing user 644
12-24-2021 @ 11:01:19 - Row :14 - User imported successfully.
12-24-2021 @ 11:01:19 - Row :15 - Parsing item.
12-24-2021 @ 11:01:19 - Row :15 - Processing item.
12-24-2021 @ 11:01:19 - Processing users.
12-24-2021 @ 11:01:19 - > &#8220;645&#8221;User imported successfully. ID:645
12-24-2021 @ 11:01:19 - > Finished importing user 645
12-24-2021 @ 11:01:19 - Row :15 - User imported successfully.
12-24-2021 @ 11:01:19 - Row :16 - Parsing item.
12-24-2021 @ 11:01:19 - Row :16 - Processing item.
12-24-2021 @ 11:01:19 - Processing users.
12-24-2021 @ 11:01:19 - > &#8220;646&#8221;User imported successfully. ID:646
12-24-2021 @ 11:01:19 - > Finished importing user 646
12-24-2021 @ 11:01:19 - Row :16 - User imported successfully.
12-24-2021 @ 11:01:19 - Row :17 - Parsing item.
12-24-2021 @ 11:01:19 - Row :17 - Processing item.
12-24-2021 @ 11:01:19 - Processing users.
12-24-2021 @ 11:01:19 - > &#8220;647&#8221;User imported successfully. ID:647
12-24-2021 @ 11:01:19 - > Finished importing user 647
12-24-2021 @ 11:01:19 - Row :17 - User imported successfully.
12-24-2021 @ 11:01:19 - Row :18 - Parsing item.
12-24-2021 @ 11:01:19 - Row :18 - Processing item.
12-24-2021 @ 11:01:19 - Processing users.
12-24-2021 @ 11:01:19 - > &#8220;648&#8221;User imported successfully. ID:648
12-24-2021 @ 11:01:19 - > Finished importing user 648
12-24-2021 @ 11:01:19 - Row :18 - User imported successfully.
12-24-2021 @ 11:01:19 - Row :19 - Parsing item.
12-24-2021 @ 11:01:19 - Row :19 - Processing item.
12-24-2021 @ 11:01:19 - Processing users.
12-24-2021 @ 11:01:19 - > &#8220;649&#8221;User imported successfully. ID:649
12-24-2021 @ 11:01:19 - > Finished importing user 649
12-24-2021 @ 11:01:19 - Row :19 - User imported successfully.
12-24-2021 @ 11:01:19 - Row :20 - Parsing item.
12-24-2021 @ 11:01:19 - Row :20 - Processing item.
12-24-2021 @ 11:01:19 - Processing users.
12-24-2021 @ 11:01:20 - > &#8220;650&#8221;User imported successfully. ID:650
12-24-2021 @ 11:01:20 - > Finished importing user 650
12-24-2021 @ 11:01:20 - Row :20 - User imported successfully.
12-24-2021 @ 11:01:20 - Preparing for import.
12-24-2021 @ 11:01:20 - Row :21 - Parsing item.
12-24-2021 @ 11:01:20 - Row :21 - Processing item.
12-24-2021 @ 11:01:20 - Processing users.
12-24-2021 @ 11:01:20 - > &#8220;651&#8221;User imported successfully. ID:651
12-24-2021 @ 11:01:20 - > Finished importing user 651
12-24-2021 @ 11:01:20 - Row :21 - User imported successfully.
12-24-2021 @ 11:01:20 - Row :22 - Parsing item.
12-24-2021 @ 11:01:20 - Row :22 - Processing item.
12-24-2021 @ 11:01:20 - Processing users.
12-24-2021 @ 11:01:20 - > &#8220;652&#8221;User imported successfully. ID:652
12-24-2021 @ 11:01:20 - > Finished importing user 652
12-24-2021 @ 11:01:20 - Row :22 - User imported successfully.
12-24-2021 @ 11:01:20 - Row :23 - Parsing item.
12-24-2021 @ 11:01:20 - Row :23 - Processing item.
12-24-2021 @ 11:01:20 - Processing users.
12-24-2021 @ 11:01:20 - > &#8220;653&#8221;User imported successfully. ID:653
12-24-2021 @ 11:01:20 - > Finished importing user 653
12-24-2021 @ 11:01:20 - Row :23 - User imported successfully.
12-24-2021 @ 11:01:20 - Row :24 - Parsing item.
12-24-2021 @ 11:01:20 - Row :24 - Processing item.
12-24-2021 @ 11:01:20 - Processing users.
12-24-2021 @ 11:01:20 - > &#8220;654&#8221;User imported successfully. ID:654
12-24-2021 @ 11:01:20 - > Finished importing user 654
12-24-2021 @ 11:01:20 - Row :24 - User imported successfully.
12-24-2021 @ 11:01:20 - Row :25 - Parsing item.
12-24-2021 @ 11:01:20 - Row :25 - Processing item.
12-24-2021 @ 11:01:20 - Processing users.
12-24-2021 @ 11:01:20 - > &#8220;655&#8221;User imported successfully. ID:655
12-24-2021 @ 11:01:20 - > Finished importing user 655
12-24-2021 @ 11:01:20 - Row :25 - User imported successfully.
12-24-2021 @ 11:01:20 - Row :26 - Parsing item.
12-24-2021 @ 11:01:20 - Row :26 - Processing item.
12-24-2021 @ 11:01:20 - Processing users.
12-24-2021 @ 11:01:20 - > &#8220;656&#8221;User imported successfully. ID:656
12-24-2021 @ 11:01:20 - > Finished importing user 656
12-24-2021 @ 11:01:20 - Row :26 - User imported successfully.
12-24-2021 @ 11:01:20 - Row :27 - Parsing item.
12-24-2021 @ 11:01:20 - Row :27 - Processing item.
12-24-2021 @ 11:01:20 - Processing users.
12-24-2021 @ 11:01:20 - > &#8220;657&#8221;User imported successfully. ID:657
12-24-2021 @ 11:01:20 - > Finished importing user 657
12-24-2021 @ 11:01:20 - Row :27 - User imported successfully.
12-24-2021 @ 11:01:20 - Row :28 - Parsing item.
12-24-2021 @ 11:01:20 - Row :28 - Processing item.
12-24-2021 @ 11:01:20 - Processing users.
12-24-2021 @ 11:01:20 - > &#8220;658&#8221;User imported successfully. ID:658
12-24-2021 @ 11:01:20 - > Finished importing user 658
12-24-2021 @ 11:01:20 - Row :28 - User imported successfully.
12-24-2021 @ 11:01:20 - Row :29 - Parsing item.
12-24-2021 @ 11:01:20 - Row :29 - Processing item.
12-24-2021 @ 11:01:20 - Processing users.
12-24-2021 @ 11:01:20 - > &#8220;659&#8221;User imported successfully. ID:659
12-24-2021 @ 11:01:20 - > Finished importing user 659
12-24-2021 @ 11:01:20 - Row :29 - User imported successfully.
12-24-2021 @ 11:01:20 - Row :30 - Parsing item.
12-24-2021 @ 11:01:20 - Row :30 - Processing item.
12-24-2021 @ 11:01:20 - Processing users.
12-24-2021 @ 11:01:20 - > &#8220;660&#8221;User imported successfully. ID:660
12-24-2021 @ 11:01:20 - > Finished importing user 660
12-24-2021 @ 11:01:20 - Row :30 - User imported successfully.
12-24-2021 @ 11:01:20 - Preparing for import.
12-24-2021 @ 11:01:20 - Row :31 - Parsing item.
12-24-2021 @ 11:01:20 - Row :31 - Processing item.
12-24-2021 @ 11:01:20 - Processing users.
12-24-2021 @ 11:01:20 - > &#8220;661&#8221;User imported successfully. ID:661
12-24-2021 @ 11:01:20 - > Finished importing user 661
12-24-2021 @ 11:01:20 - Row :31 - User imported successfully.
12-24-2021 @ 11:01:20 - Row :32 - Parsing item.
12-24-2021 @ 11:01:20 - Row :32 - Processing item.
12-24-2021 @ 11:01:20 - Processing users.
12-24-2021 @ 11:01:20 - > &#8220;662&#8221;User imported successfully. ID:662
12-24-2021 @ 11:01:20 - > Finished importing user 662
12-24-2021 @ 11:01:20 - Row :32 - User imported successfully.
12-24-2021 @ 11:01:20 - Row :33 - Parsing item.
12-24-2021 @ 11:01:20 - Row :33 - Processing item.
12-24-2021 @ 11:01:20 - Processing users.
12-24-2021 @ 11:01:20 - > &#8220;663&#8221;User imported successfully. ID:663
12-24-2021 @ 11:01:20 - > Finished importing user 663
12-24-2021 @ 11:01:20 - Row :33 - User imported successfully.
12-24-2021 @ 11:01:20 - Row :34 - Parsing item.
12-24-2021 @ 11:01:20 - Row :34 - Processing item.
12-24-2021 @ 11:01:20 - Processing users.
12-24-2021 @ 11:01:20 - > &#8220;664&#8221;User imported successfully. ID:664
12-24-2021 @ 11:01:20 - > Finished importing user 664
12-24-2021 @ 11:01:20 - Row :34 - User imported successfully.
12-24-2021 @ 11:01:20 - Row :35 - Parsing item.
12-24-2021 @ 11:01:20 - Row :35 - Processing item.
12-24-2021 @ 11:01:20 - Processing users.
12-24-2021 @ 11:01:20 - > &#8220;665&#8221;User imported successfully. ID:665
12-24-2021 @ 11:01:20 - > Finished importing user 665
12-24-2021 @ 11:01:20 - Row :35 - User imported successfully.
12-24-2021 @ 11:01:20 - Row :36 - Parsing item.
12-24-2021 @ 11:01:20 - Row :36 - Processing item.
12-24-2021 @ 11:01:20 - Processing users.
12-24-2021 @ 11:01:20 - > &#8220;666&#8221;User imported successfully. ID:666
12-24-2021 @ 11:01:20 - > Finished importing user 666
12-24-2021 @ 11:01:20 - Row :36 - User imported successfully.
12-24-2021 @ 11:01:20 - Row :37 - Parsing item.
12-24-2021 @ 11:01:20 - Row :37 - Processing item.
12-24-2021 @ 11:01:20 - Processing users.
12-24-2021 @ 11:01:20 - > &#8220;667&#8221;User imported successfully. ID:667
12-24-2021 @ 11:01:20 - > Finished importing user 667
12-24-2021 @ 11:01:20 - Row :37 - User imported successfully.
12-24-2021 @ 11:01:20 - Row :38 - Parsing item.
12-24-2021 @ 11:01:20 - Row :38 - Processing item.
12-24-2021 @ 11:01:20 - Processing users.
12-24-2021 @ 11:01:20 - > &#8220;668&#8221;User imported successfully. ID:668
12-24-2021 @ 11:01:20 - > Finished importing user 668
12-24-2021 @ 11:01:20 - Row :38 - User imported successfully.
12-24-2021 @ 11:01:20 - Row :39 - Parsing item.
12-24-2021 @ 11:01:20 - Row :39 - Processing item.
12-24-2021 @ 11:01:20 - Processing users.
12-24-2021 @ 11:01:20 - > &#8220;669&#8221;User imported successfully. ID:669
12-24-2021 @ 11:01:20 - > Finished importing user 669
12-24-2021 @ 11:01:20 - Row :39 - User imported successfully.
12-24-2021 @ 11:01:20 - Row :40 - Parsing item.
12-24-2021 @ 11:01:20 - Row :40 - Processing item.
12-24-2021 @ 11:01:20 - Processing users.
12-24-2021 @ 11:01:20 - > &#8220;670&#8221;User imported successfully. ID:670
12-24-2021 @ 11:01:20 - > Finished importing user 670
12-24-2021 @ 11:01:20 - Row :40 - User imported successfully.
12-24-2021 @ 11:01:20 - Preparing for import.
12-24-2021 @ 11:01:20 - Row :41 - Parsing item.
12-24-2021 @ 11:01:20 - Row :41 - Processing item.
12-24-2021 @ 11:01:20 - Processing users.
12-24-2021 @ 11:01:20 - > &#8220;671&#8221;User imported successfully. ID:671
12-24-2021 @ 11:01:20 - > Finished importing user 671
12-24-2021 @ 11:01:20 - Row :41 - User imported successfully.
12-24-2021 @ 11:01:20 - Row :42 - Parsing item.
12-24-2021 @ 11:01:20 - Row :42 - Processing item.
12-24-2021 @ 11:01:20 - Processing users.
12-24-2021 @ 11:01:20 - > &#8220;672&#8221;User imported successfully. ID:672
12-24-2021 @ 11:01:20 - > Finished importing user 672
12-24-2021 @ 11:01:20 - Row :42 - User imported successfully.
12-24-2021 @ 11:01:20 - Row :43 - Parsing item.
12-24-2021 @ 11:01:20 - Row :43 - Processing item.
12-24-2021 @ 11:01:20 - Processing users.
12-24-2021 @ 11:01:20 - > &#8220;673&#8221;User imported successfully. ID:673
12-24-2021 @ 11:01:20 - > Finished importing user 673
12-24-2021 @ 11:01:20 - Row :43 - User imported successfully.
12-24-2021 @ 11:01:20 - Row :44 - Parsing item.
12-24-2021 @ 11:01:20 - Row :44 - Processing item.
12-24-2021 @ 11:01:20 - Processing users.
12-24-2021 @ 11:01:20 - > &#8220;674&#8221;User imported successfully. ID:674
12-24-2021 @ 11:01:20 - > Finished importing user 674
12-24-2021 @ 11:01:20 - Row :44 - User imported successfully.
12-24-2021 @ 11:01:20 - Row :45 - Parsing item.
12-24-2021 @ 11:01:20 - Row :45 - Processing item.
12-24-2021 @ 11:01:20 - Processing users.
12-24-2021 @ 11:01:20 - > &#8220;675&#8221;User imported successfully. ID:675
12-24-2021 @ 11:01:20 - > Finished importing user 675
12-24-2021 @ 11:01:20 - Row :45 - User imported successfully.
12-24-2021 @ 11:01:20 - Row :46 - Parsing item.
12-24-2021 @ 11:01:20 - Row :46 - Processing item.
12-24-2021 @ 11:01:20 - Processing users.
12-24-2021 @ 11:01:20 - > &#8220;676&#8221;User imported successfully. ID:676
12-24-2021 @ 11:01:20 - > Finished importing user 676
12-24-2021 @ 11:01:20 - Row :46 - User imported successfully.
12-24-2021 @ 11:01:20 - Row :47 - Parsing item.
12-24-2021 @ 11:01:20 - Row :47 - Processing item.
12-24-2021 @ 11:01:20 - Processing users.
12-24-2021 @ 11:01:21 - > &#8220;677&#8221;User imported successfully. ID:677
12-24-2021 @ 11:01:21 - > Finished importing user 677
12-24-2021 @ 11:01:21 - Row :47 - User imported successfully.
12-24-2021 @ 11:01:21 - Row :48 - Parsing item.
12-24-2021 @ 11:01:21 - Row :48 - Processing item.
12-24-2021 @ 11:01:21 - Processing users.
12-24-2021 @ 11:01:21 - > &#8220;678&#8221;User imported successfully. ID:678
12-24-2021 @ 11:01:21 - > Finished importing user 678
12-24-2021 @ 11:01:21 - Row :48 - User imported successfully.
12-24-2021 @ 11:01:21 - Row :49 - Parsing item.
12-24-2021 @ 11:01:21 - Row :49 - Processing item.
12-24-2021 @ 11:01:21 - Processing users.
12-24-2021 @ 11:01:21 - > &#8220;679&#8221;User imported successfully. ID:679
12-24-2021 @ 11:01:21 - > Finished importing user 679
12-24-2021 @ 11:01:21 - Row :49 - User imported successfully.
12-24-2021 @ 11:01:21 - Row :50 - Parsing item.
12-24-2021 @ 11:01:21 - Row :50 - Processing item.
12-24-2021 @ 11:01:21 - Processing users.
12-24-2021 @ 11:01:21 - > &#8220;680&#8221;User imported successfully. ID:680
12-24-2021 @ 11:01:21 - > Finished importing user 680
12-24-2021 @ 11:01:21 - Row :50 - User imported successfully.
12-24-2021 @ 11:01:21 - Preparing for import.
12-24-2021 @ 11:01:21 - Row :51 - Parsing item.
12-24-2021 @ 11:01:21 - Row :51 - Processing item.
12-24-2021 @ 11:01:21 - Processing users.
12-24-2021 @ 11:01:21 - > &#8220;681&#8221;User imported successfully. ID:681
12-24-2021 @ 11:01:21 - > Finished importing user 681
12-24-2021 @ 11:01:21 - Row :51 - User imported successfully.
12-24-2021 @ 11:01:21 - Row :52 - Parsing item.
12-24-2021 @ 11:01:21 - Row :52 - Processing item.
12-24-2021 @ 11:01:21 - Processing users.
12-24-2021 @ 11:01:21 - > &#8220;682&#8221;User imported successfully. ID:682
12-24-2021 @ 11:01:21 - > Finished importing user 682
12-24-2021 @ 11:01:21 - Row :52 - User imported successfully.
12-24-2021 @ 11:01:21 - Row :53 - Parsing item.
12-24-2021 @ 11:01:21 - Row :53 - Processing item.
12-24-2021 @ 11:01:21 - Processing users.
12-24-2021 @ 11:01:21 - > &#8220;683&#8221;User imported successfully. ID:683
12-24-2021 @ 11:01:21 - > Finished importing user 683
12-24-2021 @ 11:01:21 - Row :53 - User imported successfully.
12-24-2021 @ 11:01:21 - Row :54 - Parsing item.
12-24-2021 @ 11:01:21 - Row :54 - Processing item.
12-24-2021 @ 11:01:21 - Processing users.
12-24-2021 @ 11:01:21 - > &#8220;684&#8221;User imported successfully. ID:684
12-24-2021 @ 11:01:21 - > Finished importing user 684
12-24-2021 @ 11:01:21 - Row :54 - User imported successfully.
12-24-2021 @ 11:01:21 - Row :55 - Parsing item.
12-24-2021 @ 11:01:21 - Row :55 - Processing item.
12-24-2021 @ 11:01:21 - Processing users.
12-24-2021 @ 11:01:21 - > &#8220;685&#8221;User imported successfully. ID:685
12-24-2021 @ 11:01:21 - > Finished importing user 685
12-24-2021 @ 11:01:21 - Row :55 - User imported successfully.
12-24-2021 @ 11:01:21 - Row :56 - Parsing item.
12-24-2021 @ 11:01:21 - Row :56 - Processing item.
12-24-2021 @ 11:01:21 - Processing users.
12-24-2021 @ 11:01:21 - > &#8220;686&#8221;User imported successfully. ID:686
12-24-2021 @ 11:01:21 - > Finished importing user 686
12-24-2021 @ 11:01:21 - Row :56 - User imported successfully.
12-24-2021 @ 11:01:21 - Row :57 - Parsing item.
12-24-2021 @ 11:01:21 - Row :57 - Processing item.
12-24-2021 @ 11:01:21 - Processing users.
12-24-2021 @ 11:01:21 - > &#8220;687&#8221;User imported successfully. ID:687
12-24-2021 @ 11:01:21 - > Finished importing user 687
12-24-2021 @ 11:01:21 - Row :57 - User imported successfully.
12-24-2021 @ 11:01:21 - Row :58 - Parsing item.
12-24-2021 @ 11:01:21 - Row :58 - Processing item.
12-24-2021 @ 11:01:21 - Processing users.
12-24-2021 @ 11:01:21 - > &#8220;688&#8221;User imported successfully. ID:688
12-24-2021 @ 11:01:21 - > Finished importing user 688
12-24-2021 @ 11:01:21 - Row :58 - User imported successfully.
12-24-2021 @ 11:01:21 - Row :59 - Parsing item.
12-24-2021 @ 11:01:21 - Row :59 - Processing item.
12-24-2021 @ 11:01:21 - Processing users.
12-24-2021 @ 11:01:21 - > &#8220;689&#8221;User imported successfully. ID:689
12-24-2021 @ 11:01:21 - > Finished importing user 689
12-24-2021 @ 11:01:21 - Row :59 - User imported successfully.
12-24-2021 @ 11:01:21 - Row :60 - Parsing item.
12-24-2021 @ 11:01:21 - Row :60 - Processing item.
12-24-2021 @ 11:01:21 - Processing users.
12-24-2021 @ 11:01:21 - > &#8220;690&#8221;User imported successfully. ID:690
12-24-2021 @ 11:01:21 - > Finished importing user 690
12-24-2021 @ 11:01:21 - Row :60 - User imported successfully.
12-24-2021 @ 11:01:21 - Preparing for import.
12-24-2021 @ 11:01:21 - Row :61 - Parsing item.
12-24-2021 @ 11:01:21 - Row :61 - Processing item.
12-24-2021 @ 11:01:21 - Processing users.
12-24-2021 @ 11:01:21 - > &#8220;691&#8221;User imported successfully. ID:691
12-24-2021 @ 11:01:21 - > Finished importing user 691
12-24-2021 @ 11:01:21 - Row :61 - User imported successfully.
12-24-2021 @ 11:01:21 - Row :62 - Parsing item.
12-24-2021 @ 11:01:21 - Row :62 - Processing item.
12-24-2021 @ 11:01:21 - Processing users.
12-24-2021 @ 11:01:21 - > &#8220;692&#8221;User imported successfully. ID:692
12-24-2021 @ 11:01:21 - > Finished importing user 692
12-24-2021 @ 11:01:21 - Row :62 - User imported successfully.
12-24-2021 @ 11:01:21 - Row :63 - Parsing item.
12-24-2021 @ 11:01:21 - Row :63 - Processing item.
12-24-2021 @ 11:01:21 - Processing users.
12-24-2021 @ 11:01:21 - > &#8220;693&#8221;User imported successfully. ID:693
12-24-2021 @ 11:01:21 - > Finished importing user 693
12-24-2021 @ 11:01:21 - Row :63 - User imported successfully.
12-24-2021 @ 11:01:21 - Row :64 - Parsing item.
12-24-2021 @ 11:01:21 - Row :64 - Processing item.
12-24-2021 @ 11:01:21 - Processing users.
12-24-2021 @ 11:01:21 - > &#8220;694&#8221;User imported successfully. ID:694
12-24-2021 @ 11:01:21 - > Finished importing user 694
12-24-2021 @ 11:01:21 - Row :64 - User imported successfully.
12-24-2021 @ 11:01:21 - Row :65 - Parsing item.
12-24-2021 @ 11:01:21 - Row :65 - Processing item.
12-24-2021 @ 11:01:21 - Processing users.
12-24-2021 @ 11:01:21 - > &#8220;695&#8221;User imported successfully. ID:695
12-24-2021 @ 11:01:21 - > Finished importing user 695
12-24-2021 @ 11:01:21 - Row :65 - User imported successfully.
12-24-2021 @ 11:01:21 - Row :66 - Parsing item.
12-24-2021 @ 11:01:21 - Row :66 - Processing item.
12-24-2021 @ 11:01:21 - Processing users.
12-24-2021 @ 11:01:21 - > &#8220;696&#8221;User imported successfully. ID:696
12-24-2021 @ 11:01:21 - > Finished importing user 696
12-24-2021 @ 11:01:21 - Row :66 - User imported successfully.
12-24-2021 @ 11:01:21 - Row :67 - Parsing item.
12-24-2021 @ 11:01:21 - Row :67 - Processing item.
12-24-2021 @ 11:01:21 - Processing users.
12-24-2021 @ 11:01:21 - > &#8220;697&#8221;User imported successfully. ID:697
12-24-2021 @ 11:01:21 - > Finished importing user 697
12-24-2021 @ 11:01:21 - Row :67 - User imported successfully.
12-24-2021 @ 11:01:21 - Row :68 - Parsing item.
12-24-2021 @ 11:01:21 - Row :68 - Processing item.
12-24-2021 @ 11:01:21 - Processing users.
12-24-2021 @ 11:01:21 - > &#8220;698&#8221;User imported successfully. ID:698
12-24-2021 @ 11:01:21 - > Finished importing user 698
12-24-2021 @ 11:01:21 - Row :68 - User imported successfully.
12-24-2021 @ 11:01:21 - Row :69 - Parsing item.
12-24-2021 @ 11:01:21 - Row :69 - Processing item.
12-24-2021 @ 11:01:21 - Processing users.
12-24-2021 @ 11:01:21 - > &#8220;699&#8221;User imported successfully. ID:699
12-24-2021 @ 11:01:21 - > Finished importing user 699
12-24-2021 @ 11:01:21 - Row :69 - User imported successfully.
12-24-2021 @ 11:01:21 - Row :70 - Parsing item.
12-24-2021 @ 11:01:21 - Row :70 - Processing item.
12-24-2021 @ 11:01:21 - Processing users.
12-24-2021 @ 11:01:21 - > &#8220;700&#8221;User imported successfully. ID:700
12-24-2021 @ 11:01:21 - > Finished importing user 700
12-24-2021 @ 11:01:21 - Row :70 - User imported successfully.
12-24-2021 @ 11:01:21 - Preparing for import.
12-24-2021 @ 11:01:21 - Row :71 - Parsing item.
12-24-2021 @ 11:01:21 - Row :71 - Processing item.
12-24-2021 @ 11:01:21 - Processing users.
12-24-2021 @ 11:01:21 - > &#8220;701&#8221;User imported successfully. ID:701
12-24-2021 @ 11:01:21 - > Finished importing user 701
12-24-2021 @ 11:01:21 - Row :71 - User imported successfully.
12-24-2021 @ 11:01:21 - Row :72 - Parsing item.
12-24-2021 @ 11:01:21 - Row :72 - Processing item.
12-24-2021 @ 11:01:21 - Processing users.
12-24-2021 @ 11:01:22 - > &#8220;702&#8221;User imported successfully. ID:702
12-24-2021 @ 11:01:22 - > Finished importing user 702
12-24-2021 @ 11:01:22 - Row :72 - User imported successfully.
12-24-2021 @ 11:01:22 - Row :73 - Parsing item.
12-24-2021 @ 11:01:22 - Row :73 - Processing item.
12-24-2021 @ 11:01:22 - Processing users.
12-24-2021 @ 11:01:22 - > &#8220;703&#8221;User imported successfully. ID:703
12-24-2021 @ 11:01:22 - > Finished importing user 703
12-24-2021 @ 11:01:22 - Row :73 - User imported successfully.
12-24-2021 @ 11:01:22 - Row :74 - Parsing item.
12-24-2021 @ 11:01:22 - Row :74 - Processing item.
12-24-2021 @ 11:01:22 - Processing users.
12-24-2021 @ 11:01:22 - > &#8220;704&#8221;User imported successfully. ID:704
12-24-2021 @ 11:01:22 - > Finished importing user 704
12-24-2021 @ 11:01:22 - Row :74 - User imported successfully.
12-24-2021 @ 11:01:22 - Row :75 - Parsing item.
12-24-2021 @ 11:01:22 - Row :75 - Processing item.
12-24-2021 @ 11:01:22 - Processing users.
12-24-2021 @ 11:01:22 - > &#8220;705&#8221;User imported successfully. ID:705
12-24-2021 @ 11:01:22 - > Finished importing user 705
12-24-2021 @ 11:01:22 - Row :75 - User imported successfully.
12-24-2021 @ 11:01:22 - Row :76 - Parsing item.
12-24-2021 @ 11:01:22 - Row :76 - Processing item.
12-24-2021 @ 11:01:22 - Processing users.
12-24-2021 @ 11:01:22 - > &#8220;706&#8221;User imported successfully. ID:706
12-24-2021 @ 11:01:22 - > Finished importing user 706
12-24-2021 @ 11:01:22 - Row :76 - User imported successfully.
12-24-2021 @ 11:01:22 - Row :77 - Parsing item.
12-24-2021 @ 11:01:22 - Row :77 - Processing item.
12-24-2021 @ 11:01:22 - Processing users.
12-24-2021 @ 11:01:22 - > &#8220;707&#8221;User imported successfully. ID:707
12-24-2021 @ 11:01:22 - > Finished importing user 707
12-24-2021 @ 11:01:22 - Row :77 - User imported successfully.
12-24-2021 @ 11:01:22 - Row :78 - Parsing item.
12-24-2021 @ 11:01:22 - Row :78 - Processing item.
12-24-2021 @ 11:01:22 - Processing users.
12-24-2021 @ 11:01:22 - > &#8220;708&#8221;User imported successfully. ID:708
12-24-2021 @ 11:01:22 - > Finished importing user 708
12-24-2021 @ 11:01:22 - Row :78 - User imported successfully.
12-24-2021 @ 11:01:22 - Row :79 - Parsing item.
12-24-2021 @ 11:01:22 - Row :79 - Processing item.
12-24-2021 @ 11:01:22 - Processing users.
12-24-2021 @ 11:01:22 - > &#8220;709&#8221;User imported successfully. ID:709
12-24-2021 @ 11:01:22 - > Finished importing user 709
12-24-2021 @ 11:01:22 - Row :79 - User imported successfully.
12-24-2021 @ 11:01:22 - Row :80 - Parsing item.
12-24-2021 @ 11:01:22 - Row :80 - Processing item.
12-24-2021 @ 11:01:22 - Processing users.
12-24-2021 @ 11:01:22 - > &#8220;710&#8221;User imported successfully. ID:710
12-24-2021 @ 11:01:22 - > Finished importing user 710
12-24-2021 @ 11:01:22 - Row :80 - User imported successfully.
12-24-2021 @ 11:01:22 - Preparing for import.
12-24-2021 @ 11:01:22 - Row :81 - Parsing item.
12-24-2021 @ 11:01:22 - Row :81 - Processing item.
12-24-2021 @ 11:01:22 - Processing users.
12-24-2021 @ 11:01:22 - > &#8220;711&#8221;User imported successfully. ID:711
12-24-2021 @ 11:01:22 - > Finished importing user 711
12-24-2021 @ 11:01:22 - Row :81 - User imported successfully.
12-24-2021 @ 11:01:22 - Row :82 - Parsing item.
12-24-2021 @ 11:01:22 - Row :82 - Processing item.
12-24-2021 @ 11:01:22 - Processing users.
12-24-2021 @ 11:01:22 - > &#8220;712&#8221;User imported successfully. ID:712
12-24-2021 @ 11:01:22 - > Finished importing user 712
12-24-2021 @ 11:01:22 - Row :82 - User imported successfully.
12-24-2021 @ 11:01:22 - Row :83 - Parsing item.
12-24-2021 @ 11:01:22 - Row :83 - Processing item.
12-24-2021 @ 11:01:22 - Processing users.
12-24-2021 @ 11:01:22 - > &#8220;713&#8221;User imported successfully. ID:713
12-24-2021 @ 11:01:22 - > Finished importing user 713
12-24-2021 @ 11:01:22 - Row :83 - User imported successfully.
12-24-2021 @ 11:01:22 - Row :84 - Parsing item.
12-24-2021 @ 11:01:22 - Row :84 - Processing item.
12-24-2021 @ 11:01:22 - Processing users.
12-24-2021 @ 11:01:22 - > &#8220;714&#8221;User imported successfully. ID:714
12-24-2021 @ 11:01:22 - > Finished importing user 714
12-24-2021 @ 11:01:22 - Row :84 - User imported successfully.
12-24-2021 @ 11:01:22 - Row :85 - Parsing item.
12-24-2021 @ 11:01:22 - Row :85 - Processing item.
12-24-2021 @ 11:01:22 - Processing users.
12-24-2021 @ 11:01:22 - > &#8220;715&#8221;User imported successfully. ID:715
12-24-2021 @ 11:01:22 - > Finished importing user 715
12-24-2021 @ 11:01:22 - Row :85 - User imported successfully.
12-24-2021 @ 11:01:22 - Row :86 - Parsing item.
12-24-2021 @ 11:01:22 - Row :86 - Processing item.
12-24-2021 @ 11:01:22 - Processing users.
12-24-2021 @ 11:01:22 - > &#8220;716&#8221;User imported successfully. ID:716
12-24-2021 @ 11:01:22 - > Finished importing user 716
12-24-2021 @ 11:01:22 - Row :86 - User imported successfully.
12-24-2021 @ 11:01:22 - Row :87 - Parsing item.
12-24-2021 @ 11:01:22 - Row :87 - Processing item.
12-24-2021 @ 11:01:22 - Processing users.
12-24-2021 @ 11:01:22 - > &#8220;717&#8221;User imported successfully. ID:717
12-24-2021 @ 11:01:22 - > Finished importing user 717
12-24-2021 @ 11:01:22 - Row :87 - User imported successfully.
12-24-2021 @ 11:01:22 - Row :88 - Parsing item.
12-24-2021 @ 11:01:22 - Row :88 - Processing item.
12-24-2021 @ 11:01:22 - Processing users.
12-24-2021 @ 11:01:22 - > &#8220;718&#8221;User imported successfully. ID:718
12-24-2021 @ 11:01:22 - > Finished importing user 718
12-24-2021 @ 11:01:22 - Row :88 - User imported successfully.
12-24-2021 @ 11:01:22 - Row :89 - Parsing item.
12-24-2021 @ 11:01:22 - Row :89 - Processing item.
12-24-2021 @ 11:01:22 - Processing users.
12-24-2021 @ 11:01:22 - > &#8220;719&#8221;User imported successfully. ID:719
12-24-2021 @ 11:01:22 - > Finished importing user 719
12-24-2021 @ 11:01:22 - Row :89 - User imported successfully.
12-24-2021 @ 11:01:22 - Row :90 - Parsing item.
12-24-2021 @ 11:01:22 - Row :90 - Processing item.
12-24-2021 @ 11:01:22 - Processing users.
12-24-2021 @ 11:01:22 - > &#8220;720&#8221;User imported successfully. ID:720
12-24-2021 @ 11:01:22 - > Finished importing user 720
12-24-2021 @ 11:01:22 - Row :90 - User imported successfully.
12-24-2021 @ 11:01:22 - Preparing for import.
12-24-2021 @ 11:01:22 - Row :91 - Parsing item.
12-24-2021 @ 11:01:22 - Row :91 - Processing item.
12-24-2021 @ 11:01:22 - Processing users.
12-24-2021 @ 11:01:22 - > &#8220;721&#8221;User imported successfully. ID:721
12-24-2021 @ 11:01:22 - > Finished importing user 721
12-24-2021 @ 11:01:22 - Row :91 - User imported successfully.
12-24-2021 @ 11:01:22 - Row :92 - Parsing item.
12-24-2021 @ 11:01:22 - Row :92 - Processing item.
12-24-2021 @ 11:01:22 - Processing users.
12-24-2021 @ 11:01:22 - > &#8220;722&#8221;User imported successfully. ID:722
12-24-2021 @ 11:01:22 - > Finished importing user 722
12-24-2021 @ 11:01:22 - Row :92 - User imported successfully.
12-24-2021 @ 11:01:22 - Row :93 - Parsing item.
12-24-2021 @ 11:01:22 - Row :93 - Processing item.
12-24-2021 @ 11:01:22 - Processing users.
12-24-2021 @ 11:01:22 - > &#8220;723&#8221;User imported successfully. ID:723
12-24-2021 @ 11:01:22 - > Finished importing user 723
12-24-2021 @ 11:01:22 - Row :93 - User imported successfully.
12-24-2021 @ 11:01:22 - Row :94 - Parsing item.
12-24-2021 @ 11:01:22 - Row :94 - Processing item.
12-24-2021 @ 11:01:22 - Processing users.
12-24-2021 @ 11:01:22 - > &#8220;724&#8221;User imported successfully. ID:724
12-24-2021 @ 11:01:22 - > Finished importing user 724
12-24-2021 @ 11:01:22 - Row :94 - User imported successfully.
12-24-2021 @ 11:01:22 - Row :95 - Parsing item.
12-24-2021 @ 11:01:22 - Row :95 - Processing item.
12-24-2021 @ 11:01:22 - Processing users.
12-24-2021 @ 11:01:22 - > &#8220;725&#8221;User imported successfully. ID:725
12-24-2021 @ 11:01:22 - > Finished importing user 725
12-24-2021 @ 11:01:22 - Row :95 - User imported successfully.
12-24-2021 @ 11:01:22 - Row :96 - Parsing item.
12-24-2021 @ 11:01:22 - Row :96 - Processing item.
12-24-2021 @ 11:01:22 - Processing users.
12-24-2021 @ 11:01:22 - > &#8220;726&#8221;User imported successfully. ID:726
12-24-2021 @ 11:01:22 - > Finished importing user 726
12-24-2021 @ 11:01:22 - Row :96 - User imported successfully.
12-24-2021 @ 11:01:22 - Row :97 - Parsing item.
12-24-2021 @ 11:01:22 - Row :97 - Processing item.
12-24-2021 @ 11:01:22 - Processing users.
12-24-2021 @ 11:01:23 - > &#8220;727&#8221;User imported successfully. ID:727
12-24-2021 @ 11:01:23 - > Finished importing user 727
12-24-2021 @ 11:01:23 - Row :97 - User imported successfully.
12-24-2021 @ 11:01:23 - Row :98 - Parsing item.
12-24-2021 @ 11:01:23 - Row :98 - Processing item.
12-24-2021 @ 11:01:23 - Processing users.
12-24-2021 @ 11:01:23 - > &#8220;728&#8221;User imported successfully. ID:728
12-24-2021 @ 11:01:23 - > Finished importing user 728
12-24-2021 @ 11:01:23 - Row :98 - User imported successfully.
12-24-2021 @ 11:01:23 - Row :99 - Parsing item.
12-24-2021 @ 11:01:23 - Row :99 - Processing item.
12-24-2021 @ 11:01:23 - Processing users.
12-24-2021 @ 11:01:23 - > &#8220;729&#8221;User imported successfully. ID:729
12-24-2021 @ 11:01:23 - > Finished importing user 729
12-24-2021 @ 11:01:23 - Row :99 - User imported successfully.
12-24-2021 @ 11:01:23 - Row :100 - Parsing item.
12-24-2021 @ 11:01:23 - Row :100 - Processing item.
12-24-2021 @ 11:01:23 - Processing users.
12-24-2021 @ 11:01:23 - > &#8220;730&#8221;User imported successfully. ID:730
12-24-2021 @ 11:01:23 - > Finished importing user 730
12-24-2021 @ 11:01:23 - Row :100 - User imported successfully.
12-24-2021 @ 11:01:23 - Preparing for import.
12-24-2021 @ 11:01:23 - Row :101 - Parsing item.
12-24-2021 @ 11:01:23 - Row :101 - Processing item.
12-24-2021 @ 11:01:23 - Processing users.
12-24-2021 @ 11:01:23 - > &#8220;731&#8221;User imported successfully. ID:731
12-24-2021 @ 11:01:23 - > Finished importing user 731
12-24-2021 @ 11:01:23 - Row :101 - User imported successfully.
12-24-2021 @ 11:01:23 - Row :102 - Parsing item.
12-24-2021 @ 11:01:23 - Row :102 - Processing item.
12-24-2021 @ 11:01:23 - Processing users.
12-24-2021 @ 11:01:23 - > &#8220;732&#8221;User imported successfully. ID:732
12-24-2021 @ 11:01:23 - > Finished importing user 732
12-24-2021 @ 11:01:23 - Row :102 - User imported successfully.
12-24-2021 @ 11:01:23 - Row :103 - Parsing item.
12-24-2021 @ 11:01:23 - Row :103 - Processing item.
12-24-2021 @ 11:01:23 - Processing users.
12-24-2021 @ 11:01:23 - > &#8220;733&#8221;User imported successfully. ID:733
12-24-2021 @ 11:01:23 - > Finished importing user 733
12-24-2021 @ 11:01:23 - Row :103 - User imported successfully.
12-24-2021 @ 11:01:23 - Row :104 - Parsing item.
12-24-2021 @ 11:01:23 - Row :104 - Processing item.
12-24-2021 @ 11:01:23 - Processing users.
12-24-2021 @ 11:01:23 - > &#8220;734&#8221;User imported successfully. ID:734
12-24-2021 @ 11:01:23 - > Finished importing user 734
12-24-2021 @ 11:01:23 - Row :104 - User imported successfully.
12-24-2021 @ 11:01:23 - Row :105 - Parsing item.
12-24-2021 @ 11:01:23 - Row :105 - Processing item.
12-24-2021 @ 11:01:23 - Processing users.
12-24-2021 @ 11:01:23 - > &#8220;735&#8221;User imported successfully. ID:735
12-24-2021 @ 11:01:23 - > Finished importing user 735
12-24-2021 @ 11:01:23 - Row :105 - User imported successfully.
12-24-2021 @ 11:01:23 - Row :106 - Parsing item.
12-24-2021 @ 11:01:23 - Row :106 - Processing item.
12-24-2021 @ 11:01:23 - Processing users.
12-24-2021 @ 11:01:23 - > &#8220;736&#8221;User imported successfully. ID:736
12-24-2021 @ 11:01:23 - > Finished importing user 736
12-24-2021 @ 11:01:23 - Row :106 - User imported successfully.
12-24-2021 @ 11:01:23 - Row :107 - Parsing item.
12-24-2021 @ 11:01:23 - Row :107 - Processing item.
12-24-2021 @ 11:01:23 - Processing users.
12-24-2021 @ 11:01:23 - > &#8220;737&#8221;User imported successfully. ID:737
12-24-2021 @ 11:01:23 - > Finished importing user 737
12-24-2021 @ 11:01:23 - Row :107 - User imported successfully.
12-24-2021 @ 11:01:23 - Row :108 - Parsing item.
12-24-2021 @ 11:01:23 - Row :108 - Processing item.
12-24-2021 @ 11:01:23 - Processing users.
12-24-2021 @ 11:01:23 - > &#8220;738&#8221;User imported successfully. ID:738
12-24-2021 @ 11:01:23 - > Finished importing user 738
12-24-2021 @ 11:01:23 - Row :108 - User imported successfully.
12-24-2021 @ 11:01:23 - Row :109 - Parsing item.
12-24-2021 @ 11:01:23 - Row :109 - Processing item.
12-24-2021 @ 11:01:23 - Processing users.
12-24-2021 @ 11:01:23 - > &#8220;739&#8221;User imported successfully. ID:739
12-24-2021 @ 11:01:23 - > Finished importing user 739
12-24-2021 @ 11:01:23 - Row :109 - User imported successfully.
12-24-2021 @ 11:01:23 - Row :110 - Parsing item.
12-24-2021 @ 11:01:23 - Row :110 - Processing item.
12-24-2021 @ 11:01:23 - Processing users.
12-24-2021 @ 11:01:23 - > &#8220;740&#8221;User imported successfully. ID:740
12-24-2021 @ 11:01:23 - > Finished importing user 740
12-24-2021 @ 11:01:23 - Row :110 - User imported successfully.
12-24-2021 @ 11:01:23 - Preparing for import.
12-24-2021 @ 11:01:23 - Row :111 - Parsing item.
12-24-2021 @ 11:01:23 - Row :111 - Processing item.
12-24-2021 @ 11:01:23 - Processing users.
12-24-2021 @ 11:01:23 - > &#8220;741&#8221;User imported successfully. ID:741
12-24-2021 @ 11:01:23 - > Finished importing user 741
12-24-2021 @ 11:01:23 - Row :111 - User imported successfully.
12-24-2021 @ 11:01:23 - Row :112 - Parsing item.
12-24-2021 @ 11:01:23 - Row :112 - Processing item.
12-24-2021 @ 11:01:23 - Processing users.
12-24-2021 @ 11:01:23 - > &#8220;742&#8221;User imported successfully. ID:742
12-24-2021 @ 11:01:23 - > Finished importing user 742
12-24-2021 @ 11:01:23 - Row :112 - User imported successfully.
12-24-2021 @ 11:01:23 - Row :113 - Parsing item.
12-24-2021 @ 11:01:23 - Row :113 - Processing item.
12-24-2021 @ 11:01:23 - Processing users.
12-24-2021 @ 11:01:23 - > &#8220;743&#8221;User imported successfully. ID:743
12-24-2021 @ 11:01:23 - > Finished importing user 743
12-24-2021 @ 11:01:23 - Row :113 - User imported successfully.
12-24-2021 @ 11:01:23 - Row :114 - Parsing item.
12-24-2021 @ 11:01:23 - Row :114 - Processing item.
12-24-2021 @ 11:01:23 - Processing users.
12-24-2021 @ 11:01:23 - > &#8220;744&#8221;User imported successfully. ID:744
12-24-2021 @ 11:01:23 - > Finished importing user 744
12-24-2021 @ 11:01:23 - Row :114 - User imported successfully.
12-24-2021 @ 11:01:23 - Row :115 - Parsing item.
12-24-2021 @ 11:01:23 - Row :115 - Processing item.
12-24-2021 @ 11:01:23 - Processing users.
12-24-2021 @ 11:01:23 - > &#8220;745&#8221;User imported successfully. ID:745
12-24-2021 @ 11:01:23 - > Finished importing user 745
12-24-2021 @ 11:01:23 - Row :115 - User imported successfully.
12-24-2021 @ 11:01:23 - Row :116 - Parsing item.
12-24-2021 @ 11:01:23 - Row :116 - Processing item.
12-24-2021 @ 11:01:23 - Processing users.
12-24-2021 @ 11:01:23 - > &#8220;746&#8221;User imported successfully. ID:746
12-24-2021 @ 11:01:23 - > Finished importing user 746
12-24-2021 @ 11:01:23 - Row :116 - User imported successfully.
12-24-2021 @ 11:01:23 - Row :117 - Parsing item.
12-24-2021 @ 11:01:23 - Row :117 - Processing item.
12-24-2021 @ 11:01:23 - Processing users.
12-24-2021 @ 11:01:23 - > &#8220;747&#8221;User imported successfully. ID:747
12-24-2021 @ 11:01:23 - > Finished importing user 747
12-24-2021 @ 11:01:23 - Row :117 - User imported successfully.
12-24-2021 @ 11:01:23 - Row :118 - Parsing item.
12-24-2021 @ 11:01:23 - Row :118 - Processing item.
12-24-2021 @ 11:01:23 - Processing users.
12-24-2021 @ 11:01:23 - > &#8220;748&#8221;User imported successfully. ID:748
12-24-2021 @ 11:01:23 - > Finished importing user 748
12-24-2021 @ 11:01:23 - Row :118 - User imported successfully.
12-24-2021 @ 11:01:23 - Row :119 - Parsing item.
12-24-2021 @ 11:01:23 - Row :119 - Processing item.
12-24-2021 @ 11:01:23 - Processing users.
12-24-2021 @ 11:01:23 - > &#8220;749&#8221;User imported successfully. ID:749
12-24-2021 @ 11:01:23 - > Finished importing user 749
12-24-2021 @ 11:01:23 - Row :119 - User imported successfully.
12-24-2021 @ 11:01:23 - Row :120 - Parsing item.
12-24-2021 @ 11:01:23 - Row :120 - Processing item.
12-24-2021 @ 11:01:23 - Processing users.
12-24-2021 @ 11:01:23 - > &#8220;750&#8221;User imported successfully. ID:750
12-24-2021 @ 11:01:23 - > Finished importing user 750
12-24-2021 @ 11:01:23 - Row :120 - User imported successfully.
12-24-2021 @ 11:01:24 - Preparing for import.
12-24-2021 @ 11:01:24 - Row :121 - Parsing item.
12-24-2021 @ 11:01:24 - Row :121 - Processing item.
12-24-2021 @ 11:01:24 - Processing users.
12-24-2021 @ 11:01:24 - > &#8220;751&#8221;User imported successfully. ID:751
12-24-2021 @ 11:01:24 - > Finished importing user 751
12-24-2021 @ 11:01:24 - Row :121 - User imported successfully.
12-24-2021 @ 11:01:24 - Row :122 - Parsing item.
12-24-2021 @ 11:01:24 - Row :122 - Processing item.
12-24-2021 @ 11:01:24 - Processing users.
12-24-2021 @ 11:01:24 - > &#8220;752&#8221;User imported successfully. ID:752
12-24-2021 @ 11:01:24 - > Finished importing user 752
12-24-2021 @ 11:01:24 - Row :122 - User imported successfully.
12-24-2021 @ 11:01:24 - Row :123 - Parsing item.
12-24-2021 @ 11:01:24 - Row :123 - Processing item.
12-24-2021 @ 11:01:24 - Processing users.
12-24-2021 @ 11:01:24 - > &#8220;753&#8221;User imported successfully. ID:753
12-24-2021 @ 11:01:24 - > Finished importing user 753
12-24-2021 @ 11:01:24 - Row :123 - User imported successfully.
12-24-2021 @ 11:01:24 - Row :124 - Parsing item.
12-24-2021 @ 11:01:24 - Row :124 - Processing item.
12-24-2021 @ 11:01:24 - Processing users.
12-24-2021 @ 11:01:24 - > &#8220;754&#8221;User imported successfully. ID:754
12-24-2021 @ 11:01:24 - > Finished importing user 754
12-24-2021 @ 11:01:24 - Row :124 - User imported successfully.
12-24-2021 @ 11:01:24 - Row :125 - Parsing item.
12-24-2021 @ 11:01:24 - Row :125 - Processing item.
12-24-2021 @ 11:01:24 - Processing users.
12-24-2021 @ 11:01:24 - > &#8220;755&#8221;User imported successfully. ID:755
12-24-2021 @ 11:01:24 - > Finished importing user 755
12-24-2021 @ 11:01:24 - Row :125 - User imported successfully.
12-24-2021 @ 11:01:24 - Row :126 - Parsing item.
12-24-2021 @ 11:01:24 - Row :126 - Processing item.
12-24-2021 @ 11:01:24 - Processing users.
12-24-2021 @ 11:01:24 - > &#8220;756&#8221;User imported successfully. ID:756
12-24-2021 @ 11:01:24 - > Finished importing user 756
12-24-2021 @ 11:01:24 - Row :126 - User imported successfully.
12-24-2021 @ 11:01:24 - Row :127 - Parsing item.
12-24-2021 @ 11:01:24 - Row :127 - Processing item.
12-24-2021 @ 11:01:24 - Processing users.
12-24-2021 @ 11:01:24 - > &#8220;757&#8221;User imported successfully. ID:757
12-24-2021 @ 11:01:24 - > Finished importing user 757
12-24-2021 @ 11:01:24 - Row :127 - User imported successfully.
12-24-2021 @ 11:01:24 - Row :128 - Parsing item.
12-24-2021 @ 11:01:24 - Row :128 - Processing item.
12-24-2021 @ 11:01:24 - Processing users.
12-24-2021 @ 11:01:24 - > &#8220;758&#8221;User imported successfully. ID:758
12-24-2021 @ 11:01:24 - > Finished importing user 758
12-24-2021 @ 11:01:24 - Row :128 - User imported successfully.
12-24-2021 @ 11:01:24 - Row :129 - Parsing item.
12-24-2021 @ 11:01:24 - Row :129 - Processing item.
12-24-2021 @ 11:01:24 - Processing users.
12-24-2021 @ 11:01:24 - > &#8220;759&#8221;User imported successfully. ID:759
12-24-2021 @ 11:01:24 - > Finished importing user 759
12-24-2021 @ 11:01:24 - Row :129 - User imported successfully.
12-24-2021 @ 11:01:24 - Row :130 - Parsing item.
12-24-2021 @ 11:01:24 - Row :130 - Processing item.
12-24-2021 @ 11:01:24 - Processing users.
12-24-2021 @ 11:01:24 - > &#8220;760&#8221;User imported successfully. ID:760
12-24-2021 @ 11:01:24 - > Finished importing user 760
12-24-2021 @ 11:01:24 - Row :130 - User imported successfully.
12-24-2021 @ 11:01:24 - Preparing for import.
12-24-2021 @ 11:01:24 - Row :131 - Parsing item.
12-24-2021 @ 11:01:24 - Row :131 - Processing item.
12-24-2021 @ 11:01:24 - Processing users.
12-24-2021 @ 11:01:24 - > &#8220;761&#8221;User imported successfully. ID:761
12-24-2021 @ 11:01:24 - > Finished importing user 761
12-24-2021 @ 11:01:24 - Row :131 - User imported successfully.
12-24-2021 @ 11:01:24 - Row :132 - Parsing item.
12-24-2021 @ 11:01:24 - Row :132 - Processing item.
12-24-2021 @ 11:01:24 - Processing users.
12-24-2021 @ 11:01:24 - > &#8220;762&#8221;User imported successfully. ID:762
12-24-2021 @ 11:01:24 - > Finished importing user 762
12-24-2021 @ 11:01:24 - Row :132 - User imported successfully.
12-24-2021 @ 11:01:24 - Row :133 - Parsing item.
12-24-2021 @ 11:01:24 - Row :133 - Processing item.
12-24-2021 @ 11:01:24 - Processing users.
12-24-2021 @ 11:01:24 - > &#8220;763&#8221;User imported successfully. ID:763
12-24-2021 @ 11:01:24 - > Finished importing user 763
12-24-2021 @ 11:01:24 - Row :133 - User imported successfully.
12-24-2021 @ 11:01:24 - Row :134 - Parsing item.
12-24-2021 @ 11:01:24 - Row :134 - Processing item.
12-24-2021 @ 11:01:24 - Processing users.
12-24-2021 @ 11:01:24 - > &#8220;764&#8221;User imported successfully. ID:764
12-24-2021 @ 11:01:24 - > Finished importing user 764
12-24-2021 @ 11:01:24 - Row :134 - User imported successfully.
12-24-2021 @ 11:01:24 - Row :135 - Parsing item.
12-24-2021 @ 11:01:24 - Row :135 - Processing item.
12-24-2021 @ 11:01:24 - Processing users.
12-24-2021 @ 11:01:24 - > &#8220;765&#8221;User imported successfully. ID:765
12-24-2021 @ 11:01:24 - > Finished importing user 765
12-24-2021 @ 11:01:24 - Row :135 - User imported successfully.
12-24-2021 @ 11:01:24 - Row :136 - Parsing item.
12-24-2021 @ 11:01:24 - Row :136 - Processing item.
12-24-2021 @ 11:01:24 - Processing users.
12-24-2021 @ 11:01:24 - > &#8220;766&#8221;User imported successfully. ID:766
12-24-2021 @ 11:01:24 - > Finished importing user 766
12-24-2021 @ 11:01:24 - Row :136 - User imported successfully.
12-24-2021 @ 11:01:24 - Row :137 - Parsing item.
12-24-2021 @ 11:01:24 - Row :137 - Processing item.
12-24-2021 @ 11:01:24 - Processing users.
12-24-2021 @ 11:01:24 - > &#8220;767&#8221;User imported successfully. ID:767
12-24-2021 @ 11:01:24 - > Finished importing user 767
12-24-2021 @ 11:01:24 - Row :137 - User imported successfully.
12-24-2021 @ 11:01:24 - Row :138 - Parsing item.
12-24-2021 @ 11:01:24 - Row :138 - Parsing failed. Reason: User with same Email already exists. Email: info@clane.co.jp
12-24-2021 @ 11:01:24 - Row :139 - Parsing item.
12-24-2021 @ 11:01:24 - Row :139 - Processing item.
12-24-2021 @ 11:01:24 - Processing users.
12-24-2021 @ 11:01:24 - > &#8220;768&#8221;User imported successfully. ID:768
12-24-2021 @ 11:01:24 - > Finished importing user 768
12-24-2021 @ 11:01:24 - Row :139 - User imported successfully.
12-24-2021 @ 11:01:24 - Row :140 - Parsing item.
12-24-2021 @ 11:01:24 - Row :140 - Processing item.
12-24-2021 @ 11:01:24 - Processing users.
12-24-2021 @ 11:01:24 - > &#8220;769&#8221;User imported successfully. ID:769
12-24-2021 @ 11:01:24 - > Finished importing user 769
12-24-2021 @ 11:01:24 - Row :140 - User imported successfully.
12-24-2021 @ 11:01:24 - Preparing for import.
12-24-2021 @ 11:01:24 - Row :141 - Parsing item.
12-24-2021 @ 11:01:24 - Row :141 - Processing item.
12-24-2021 @ 11:01:24 - Processing users.
12-24-2021 @ 11:01:24 - > &#8220;770&#8221;User imported successfully. ID:770
12-24-2021 @ 11:01:24 - > Finished importing user 770
12-24-2021 @ 11:01:24 - Row :141 - User imported successfully.
12-24-2021 @ 11:01:24 - ---[ Import ended at 2021-12-24 11:01:24]---
