12-24-2021 @ 11:38:11 - ---[ New import started at 2021-12-24 11:38:11 ] PHP Memory: 1 GB, WP Memory: 40 MB
12-24-2021 @ 11:38:11 - Preparing for import.
12-24-2021 @ 11:38:11 - Row :1 - Parsing item.
12-24-2021 @ 11:38:11 - Row :1 - Processing item.
12-24-2021 @ 11:38:11 - Processing users.
12-24-2021 @ 11:38:11 - > &#8220;771&#8221;User imported successfully. ID:771
12-24-2021 @ 11:38:11 - > Finished importing user 771
12-24-2021 @ 11:38:11 - Row :1 - User imported successfully.
12-24-2021 @ 11:38:11 - Row :2 - Parsing item.
12-24-2021 @ 11:38:11 - Row :2 - Processing item.
12-24-2021 @ 11:38:11 - Processing users.
12-24-2021 @ 11:38:11 - > &#8220;772&#8221;User imported successfully. ID:772
12-24-2021 @ 11:38:11 - > Finished importing user 772
12-24-2021 @ 11:38:11 - Row :2 - User imported successfully.
12-24-2021 @ 11:38:11 - Row :3 - Parsing item.
12-24-2021 @ 11:38:11 - Row :3 - Processing item.
12-24-2021 @ 11:38:11 - Processing users.
12-24-2021 @ 11:38:11 - > &#8220;773&#8221;User imported successfully. ID:773
12-24-2021 @ 11:38:11 - > Finished importing user 773
12-24-2021 @ 11:38:11 - Row :3 - User imported successfully.
12-24-2021 @ 11:38:11 - Row :4 - Parsing item.
12-24-2021 @ 11:38:11 - Row :4 - Processing item.
12-24-2021 @ 11:38:11 - Processing users.
12-24-2021 @ 11:38:11 - > &#8220;774&#8221;User imported successfully. ID:774
12-24-2021 @ 11:38:11 - > Finished importing user 774
12-24-2021 @ 11:38:11 - Row :4 - User imported successfully.
12-24-2021 @ 11:38:11 - Row :5 - Parsing item.
12-24-2021 @ 11:38:11 - Row :5 - Processing item.
12-24-2021 @ 11:38:11 - Processing users.
12-24-2021 @ 11:38:11 - > &#8220;775&#8221;User imported successfully. ID:775
12-24-2021 @ 11:38:11 - > Finished importing user 775
12-24-2021 @ 11:38:11 - Row :5 - User imported successfully.
12-24-2021 @ 11:38:11 - Row :6 - Parsing item.
12-24-2021 @ 11:38:11 - Row :6 - Processing item.
12-24-2021 @ 11:38:11 - Processing users.
12-24-2021 @ 11:38:11 - > &#8220;776&#8221;User imported successfully. ID:776
12-24-2021 @ 11:38:11 - > Finished importing user 776
12-24-2021 @ 11:38:11 - Row :6 - User imported successfully.
12-24-2021 @ 11:38:11 - Row :7 - Parsing item.
12-24-2021 @ 11:38:11 - > skipped: cannot insert user without email.
12-24-2021 @ 11:38:11 - Row :7 - Parsing failed. Reason: > skipped: cannot insert user without email.
12-24-2021 @ 11:38:11 - Row :8 - Parsing item.
12-24-2021 @ 11:38:11 - Row :8 - Processing item.
12-24-2021 @ 11:38:11 - Processing users.
12-24-2021 @ 11:38:11 - > &#8220;777&#8221;User imported successfully. ID:777
12-24-2021 @ 11:38:11 - > Finished importing user 777
12-24-2021 @ 11:38:11 - Row :8 - User imported successfully.
12-24-2021 @ 11:38:11 - Row :9 - Parsing item.
12-24-2021 @ 11:38:11 - Row :9 - Processing item.
12-24-2021 @ 11:38:11 - Processing users.
12-24-2021 @ 11:38:11 - > &#8220;778&#8221;User imported successfully. ID:778
12-24-2021 @ 11:38:11 - > Finished importing user 778
12-24-2021 @ 11:38:11 - Row :9 - User imported successfully.
12-24-2021 @ 11:38:11 - Row :10 - Parsing item.
12-24-2021 @ 11:38:11 - Row :10 - Processing item.
12-24-2021 @ 11:38:11 - Processing users.
12-24-2021 @ 11:38:11 - > &#8220;779&#8221;User imported successfully. ID:779
12-24-2021 @ 11:38:11 - > Finished importing user 779
12-24-2021 @ 11:38:11 - Row :10 - User imported successfully.
12-24-2021 @ 11:38:11 - Preparing for import.
12-24-2021 @ 11:38:11 - Row :11 - Parsing item.
12-24-2021 @ 11:38:11 - Row :11 - Processing item.
12-24-2021 @ 11:38:11 - Processing users.
12-24-2021 @ 11:38:11 - > &#8220;780&#8221;User imported successfully. ID:780
12-24-2021 @ 11:38:11 - > Finished importing user 780
12-24-2021 @ 11:38:11 - Row :11 - User imported successfully.
12-24-2021 @ 11:38:11 - Row :12 - Parsing item.
12-24-2021 @ 11:38:11 - Row :12 - Processing item.
12-24-2021 @ 11:38:11 - Processing users.
12-24-2021 @ 11:38:11 - > &#8220;781&#8221;User imported successfully. ID:781
12-24-2021 @ 11:38:11 - > Finished importing user 781
12-24-2021 @ 11:38:11 - Row :12 - User imported successfully.
12-24-2021 @ 11:38:11 - Row :13 - Parsing item.
12-24-2021 @ 11:38:11 - Row :13 - Processing item.
12-24-2021 @ 11:38:11 - Processing users.
12-24-2021 @ 11:38:11 - > &#8220;782&#8221;User imported successfully. ID:782
12-24-2021 @ 11:38:11 - > Finished importing user 782
12-24-2021 @ 11:38:11 - Row :13 - User imported successfully.
12-24-2021 @ 11:38:11 - Row :14 - Parsing item.
12-24-2021 @ 11:38:11 - Row :14 - Processing item.
12-24-2021 @ 11:38:11 - Processing users.
12-24-2021 @ 11:38:11 - > &#8220;783&#8221;User imported successfully. ID:783
12-24-2021 @ 11:38:11 - > Finished importing user 783
12-24-2021 @ 11:38:11 - Row :14 - User imported successfully.
12-24-2021 @ 11:38:11 - Row :15 - Parsing item.
12-24-2021 @ 11:38:11 - Row :15 - Processing item.
12-24-2021 @ 11:38:11 - Processing users.
12-24-2021 @ 11:38:11 - > &#8220;784&#8221;User imported successfully. ID:784
12-24-2021 @ 11:38:11 - > Finished importing user 784
12-24-2021 @ 11:38:11 - Row :15 - User imported successfully.
12-24-2021 @ 11:38:11 - Row :16 - Parsing item.
12-24-2021 @ 11:38:11 - Row :16 - Processing item.
12-24-2021 @ 11:38:11 - Processing users.
12-24-2021 @ 11:38:11 - > &#8220;785&#8221;User imported successfully. ID:785
12-24-2021 @ 11:38:11 - > Finished importing user 785
12-24-2021 @ 11:38:11 - Row :16 - User imported successfully.
12-24-2021 @ 11:38:11 - Row :17 - Parsing item.
12-24-2021 @ 11:38:11 - Row :17 - Processing item.
12-24-2021 @ 11:38:11 - Processing users.
12-24-2021 @ 11:38:11 - > &#8220;786&#8221;User imported successfully. ID:786
12-24-2021 @ 11:38:11 - > Finished importing user 786
12-24-2021 @ 11:38:11 - Row :17 - User imported successfully.
12-24-2021 @ 11:38:11 - Row :18 - Parsing item.
12-24-2021 @ 11:38:11 - Row :18 - Processing item.
12-24-2021 @ 11:38:11 - Processing users.
12-24-2021 @ 11:38:11 - > &#8220;787&#8221;User imported successfully. ID:787
12-24-2021 @ 11:38:11 - > Finished importing user 787
12-24-2021 @ 11:38:11 - Row :18 - User imported successfully.
12-24-2021 @ 11:38:11 - Row :19 - Parsing item.
12-24-2021 @ 11:38:11 - Row :19 - Processing item.
12-24-2021 @ 11:38:11 - Processing users.
12-24-2021 @ 11:38:11 - > &#8220;788&#8221;User imported successfully. ID:788
12-24-2021 @ 11:38:11 - > Finished importing user 788
12-24-2021 @ 11:38:11 - Row :19 - User imported successfully.
12-24-2021 @ 11:38:11 - Row :20 - Parsing item.
12-24-2021 @ 11:38:11 - Row :20 - Processing item.
12-24-2021 @ 11:38:11 - Processing users.
12-24-2021 @ 11:38:11 - > &#8220;789&#8221;User imported successfully. ID:789
12-24-2021 @ 11:38:11 - > Finished importing user 789
12-24-2021 @ 11:38:11 - Row :20 - User imported successfully.
12-24-2021 @ 11:38:12 - Preparing for import.
12-24-2021 @ 11:38:12 - Row :21 - Parsing item.
12-24-2021 @ 11:38:12 - Row :21 - Processing item.
12-24-2021 @ 11:38:12 - Processing users.
12-24-2021 @ 11:38:12 - > &#8220;790&#8221;User imported successfully. ID:790
12-24-2021 @ 11:38:12 - > Finished importing user 790
12-24-2021 @ 11:38:12 - Row :21 - User imported successfully.
12-24-2021 @ 11:38:12 - Row :22 - Parsing item.
12-24-2021 @ 11:38:12 - Row :22 - Processing item.
12-24-2021 @ 11:38:12 - Processing users.
12-24-2021 @ 11:38:12 - > &#8220;791&#8221;User imported successfully. ID:791
12-24-2021 @ 11:38:12 - > Finished importing user 791
12-24-2021 @ 11:38:12 - Row :22 - User imported successfully.
12-24-2021 @ 11:38:12 - Row :23 - Parsing item.
12-24-2021 @ 11:38:12 - Row :23 - Processing item.
12-24-2021 @ 11:38:12 - Processing users.
12-24-2021 @ 11:38:12 - > &#8220;792&#8221;User imported successfully. ID:792
12-24-2021 @ 11:38:12 - > Finished importing user 792
12-24-2021 @ 11:38:12 - Row :23 - User imported successfully.
12-24-2021 @ 11:38:12 - Row :24 - Parsing item.
12-24-2021 @ 11:38:12 - Row :24 - Processing item.
12-24-2021 @ 11:38:12 - Processing users.
12-24-2021 @ 11:38:12 - > &#8220;793&#8221;User imported successfully. ID:793
12-24-2021 @ 11:38:12 - > Finished importing user 793
12-24-2021 @ 11:38:12 - Row :24 - User imported successfully.
12-24-2021 @ 11:38:12 - Row :25 - Parsing item.
12-24-2021 @ 11:38:12 - Row :25 - Processing item.
12-24-2021 @ 11:38:12 - Processing users.
12-24-2021 @ 11:38:12 - > &#8220;794&#8221;User imported successfully. ID:794
12-24-2021 @ 11:38:12 - > Finished importing user 794
12-24-2021 @ 11:38:12 - Row :25 - User imported successfully.
12-24-2021 @ 11:38:12 - Row :26 - Parsing item.
12-24-2021 @ 11:38:12 - Row :26 - Processing item.
12-24-2021 @ 11:38:12 - Processing users.
12-24-2021 @ 11:38:12 - > &#8220;795&#8221;User imported successfully. ID:795
12-24-2021 @ 11:38:12 - > Finished importing user 795
12-24-2021 @ 11:38:12 - Row :26 - User imported successfully.
12-24-2021 @ 11:38:12 - Row :27 - Parsing item.
12-24-2021 @ 11:38:12 - Row :27 - Processing item.
12-24-2021 @ 11:38:12 - Processing users.
12-24-2021 @ 11:38:12 - > &#8220;796&#8221;User imported successfully. ID:796
12-24-2021 @ 11:38:12 - > Finished importing user 796
12-24-2021 @ 11:38:12 - Row :27 - User imported successfully.
12-24-2021 @ 11:38:12 - Row :28 - Parsing item.
12-24-2021 @ 11:38:12 - Row :28 - Processing item.
12-24-2021 @ 11:38:12 - Processing users.
12-24-2021 @ 11:38:12 - > &#8220;797&#8221;User imported successfully. ID:797
12-24-2021 @ 11:38:12 - > Finished importing user 797
12-24-2021 @ 11:38:12 - Row :28 - User imported successfully.
12-24-2021 @ 11:38:12 - Row :29 - Parsing item.
12-24-2021 @ 11:38:12 - Row :29 - Processing item.
12-24-2021 @ 11:38:12 - Processing users.
12-24-2021 @ 11:38:12 - > &#8220;798&#8221;User imported successfully. ID:798
12-24-2021 @ 11:38:12 - > Finished importing user 798
12-24-2021 @ 11:38:12 - Row :29 - User imported successfully.
12-24-2021 @ 11:38:12 - Row :30 - Parsing item.
12-24-2021 @ 11:38:12 - Row :30 - Processing item.
12-24-2021 @ 11:38:12 - Processing users.
12-24-2021 @ 11:38:12 - > &#8220;799&#8221;User imported successfully. ID:799
12-24-2021 @ 11:38:12 - > Finished importing user 799
12-24-2021 @ 11:38:12 - Row :30 - User imported successfully.
12-24-2021 @ 11:38:12 - Preparing for import.
12-24-2021 @ 11:38:12 - Row :31 - Parsing item.
12-24-2021 @ 11:38:12 - Row :31 - Processing item.
12-24-2021 @ 11:38:12 - Processing users.
12-24-2021 @ 11:38:12 - > &#8220;800&#8221;User imported successfully. ID:800
12-24-2021 @ 11:38:12 - > Finished importing user 800
12-24-2021 @ 11:38:12 - Row :31 - User imported successfully.
12-24-2021 @ 11:38:12 - Row :32 - Parsing item.
12-24-2021 @ 11:38:12 - Row :32 - Processing item.
12-24-2021 @ 11:38:12 - Processing users.
12-24-2021 @ 11:38:12 - > &#8220;801&#8221;User imported successfully. ID:801
12-24-2021 @ 11:38:12 - > Finished importing user 801
12-24-2021 @ 11:38:12 - Row :32 - User imported successfully.
12-24-2021 @ 11:38:12 - Row :33 - Parsing item.
12-24-2021 @ 11:38:12 - Row :33 - Processing item.
12-24-2021 @ 11:38:12 - Processing users.
12-24-2021 @ 11:38:12 - > &#8220;802&#8221;User imported successfully. ID:802
12-24-2021 @ 11:38:12 - > Finished importing user 802
12-24-2021 @ 11:38:12 - Row :33 - User imported successfully.
12-24-2021 @ 11:38:12 - Row :34 - Parsing item.
12-24-2021 @ 11:38:12 - Row :34 - Processing item.
12-24-2021 @ 11:38:12 - Processing users.
12-24-2021 @ 11:38:12 - > &#8220;803&#8221;User imported successfully. ID:803
12-24-2021 @ 11:38:12 - > Finished importing user 803
12-24-2021 @ 11:38:12 - Row :34 - User imported successfully.
12-24-2021 @ 11:38:12 - Row :35 - Parsing item.
12-24-2021 @ 11:38:12 - Row :35 - Processing item.
12-24-2021 @ 11:38:12 - Processing users.
12-24-2021 @ 11:38:12 - > &#8220;804&#8221;User imported successfully. ID:804
12-24-2021 @ 11:38:12 - > Finished importing user 804
12-24-2021 @ 11:38:12 - Row :35 - User imported successfully.
12-24-2021 @ 11:38:12 - Row :36 - Parsing item.
12-24-2021 @ 11:38:12 - Row :36 - Processing item.
12-24-2021 @ 11:38:12 - Processing users.
12-24-2021 @ 11:38:12 - > &#8220;805&#8221;User imported successfully. ID:805
12-24-2021 @ 11:38:12 - > Finished importing user 805
12-24-2021 @ 11:38:12 - Row :36 - User imported successfully.
12-24-2021 @ 11:38:12 - Row :37 - Parsing item.
12-24-2021 @ 11:38:12 - Row :37 - Processing item.
12-24-2021 @ 11:38:12 - Processing users.
12-24-2021 @ 11:38:12 - > &#8220;806&#8221;User imported successfully. ID:806
12-24-2021 @ 11:38:12 - > Finished importing user 806
12-24-2021 @ 11:38:12 - Row :37 - User imported successfully.
12-24-2021 @ 11:38:12 - Row :38 - Parsing item.
12-24-2021 @ 11:38:12 - Row :38 - Processing item.
12-24-2021 @ 11:38:12 - Processing users.
12-24-2021 @ 11:38:12 - > &#8220;807&#8221;User imported successfully. ID:807
12-24-2021 @ 11:38:12 - > Finished importing user 807
12-24-2021 @ 11:38:12 - Row :38 - User imported successfully.
12-24-2021 @ 11:38:12 - Row :39 - Parsing item.
12-24-2021 @ 11:38:12 - Row :39 - Processing item.
12-24-2021 @ 11:38:12 - Processing users.
12-24-2021 @ 11:38:12 - > &#8220;808&#8221;User imported successfully. ID:808
12-24-2021 @ 11:38:12 - > Finished importing user 808
12-24-2021 @ 11:38:12 - Row :39 - User imported successfully.
12-24-2021 @ 11:38:12 - Row :40 - Parsing item.
12-24-2021 @ 11:38:12 - Row :40 - Processing item.
12-24-2021 @ 11:38:12 - Processing users.
12-24-2021 @ 11:38:12 - > &#8220;809&#8221;User imported successfully. ID:809
12-24-2021 @ 11:38:12 - > Finished importing user 809
12-24-2021 @ 11:38:12 - Row :40 - User imported successfully.
12-24-2021 @ 11:38:12 - Preparing for import.
12-24-2021 @ 11:38:12 - Row :41 - Parsing item.
12-24-2021 @ 11:38:12 - Row :41 - Processing item.
12-24-2021 @ 11:38:12 - Processing users.
12-24-2021 @ 11:38:12 - > &#8220;810&#8221;User imported successfully. ID:810
12-24-2021 @ 11:38:12 - > Finished importing user 810
12-24-2021 @ 11:38:12 - Row :41 - User imported successfully.
12-24-2021 @ 11:38:12 - Row :42 - Parsing item.
12-24-2021 @ 11:38:12 - Row :42 - Processing item.
12-24-2021 @ 11:38:12 - Processing users.
12-24-2021 @ 11:38:13 - > &#8220;811&#8221;User imported successfully. ID:811
12-24-2021 @ 11:38:13 - > Finished importing user 811
12-24-2021 @ 11:38:13 - Row :42 - User imported successfully.
12-24-2021 @ 11:38:13 - Row :43 - Parsing item.
12-24-2021 @ 11:38:13 - Row :43 - Processing item.
12-24-2021 @ 11:38:13 - Processing users.
12-24-2021 @ 11:38:13 - > &#8220;812&#8221;User imported successfully. ID:812
12-24-2021 @ 11:38:13 - > Finished importing user 812
12-24-2021 @ 11:38:13 - Row :43 - User imported successfully.
12-24-2021 @ 11:38:13 - Row :44 - Parsing item.
12-24-2021 @ 11:38:13 - Row :44 - Processing item.
12-24-2021 @ 11:38:13 - Processing users.
12-24-2021 @ 11:38:13 - > &#8220;813&#8221;User imported successfully. ID:813
12-24-2021 @ 11:38:13 - > Finished importing user 813
12-24-2021 @ 11:38:13 - Row :44 - User imported successfully.
12-24-2021 @ 11:38:13 - Row :45 - Parsing item.
12-24-2021 @ 11:38:13 - Row :45 - Processing item.
12-24-2021 @ 11:38:13 - Processing users.
12-24-2021 @ 11:38:13 - > &#8220;814&#8221;User imported successfully. ID:814
12-24-2021 @ 11:38:13 - > Finished importing user 814
12-24-2021 @ 11:38:13 - Row :45 - User imported successfully.
12-24-2021 @ 11:38:13 - Row :46 - Parsing item.
12-24-2021 @ 11:38:13 - Row :46 - Processing item.
12-24-2021 @ 11:38:13 - Processing users.
12-24-2021 @ 11:38:13 - > &#8220;815&#8221;User imported successfully. ID:815
12-24-2021 @ 11:38:13 - > Finished importing user 815
12-24-2021 @ 11:38:13 - Row :46 - User imported successfully.
12-24-2021 @ 11:38:13 - Row :47 - Parsing item.
12-24-2021 @ 11:38:13 - Row :47 - Processing item.
12-24-2021 @ 11:38:13 - Processing users.
12-24-2021 @ 11:38:13 - > &#8220;816&#8221;User imported successfully. ID:816
12-24-2021 @ 11:38:13 - > Finished importing user 816
12-24-2021 @ 11:38:13 - Row :47 - User imported successfully.
12-24-2021 @ 11:38:13 - Row :48 - Parsing item.
12-24-2021 @ 11:38:13 - Row :48 - Processing item.
12-24-2021 @ 11:38:13 - Processing users.
12-24-2021 @ 11:38:13 - > &#8220;817&#8221;User imported successfully. ID:817
12-24-2021 @ 11:38:13 - > Finished importing user 817
12-24-2021 @ 11:38:13 - Row :48 - User imported successfully.
12-24-2021 @ 11:38:13 - Row :49 - Parsing item.
12-24-2021 @ 11:38:13 - Row :49 - Processing item.
12-24-2021 @ 11:38:13 - Processing users.
12-24-2021 @ 11:38:13 - > &#8220;818&#8221;User imported successfully. ID:818
12-24-2021 @ 11:38:13 - > Finished importing user 818
12-24-2021 @ 11:38:13 - Row :49 - User imported successfully.
12-24-2021 @ 11:38:13 - Row :50 - Parsing item.
12-24-2021 @ 11:38:13 - Row :50 - Processing item.
12-24-2021 @ 11:38:13 - Processing users.
12-24-2021 @ 11:38:13 - > &#8220;819&#8221;User imported successfully. ID:819
12-24-2021 @ 11:38:13 - > Finished importing user 819
12-24-2021 @ 11:38:13 - Row :50 - User imported successfully.
12-24-2021 @ 11:38:13 - Preparing for import.
12-24-2021 @ 11:38:13 - Row :51 - Parsing item.
12-24-2021 @ 11:38:13 - Row :51 - Processing item.
12-24-2021 @ 11:38:13 - Processing users.
12-24-2021 @ 11:38:13 - > &#8220;820&#8221;User imported successfully. ID:820
12-24-2021 @ 11:38:13 - > Finished importing user 820
12-24-2021 @ 11:38:13 - Row :51 - User imported successfully.
12-24-2021 @ 11:38:13 - Row :52 - Parsing item.
12-24-2021 @ 11:38:13 - Row :52 - Processing item.
12-24-2021 @ 11:38:13 - Processing users.
12-24-2021 @ 11:38:13 - > &#8220;821&#8221;User imported successfully. ID:821
12-24-2021 @ 11:38:13 - > Finished importing user 821
12-24-2021 @ 11:38:13 - Row :52 - User imported successfully.
12-24-2021 @ 11:38:13 - Row :53 - Parsing item.
12-24-2021 @ 11:38:13 - Row :53 - Processing item.
12-24-2021 @ 11:38:13 - Processing users.
12-24-2021 @ 11:38:13 - > &#8220;822&#8221;User imported successfully. ID:822
12-24-2021 @ 11:38:13 - > Finished importing user 822
12-24-2021 @ 11:38:13 - Row :53 - User imported successfully.
12-24-2021 @ 11:38:13 - Row :54 - Parsing item.
12-24-2021 @ 11:38:13 - Row :54 - Processing item.
12-24-2021 @ 11:38:13 - Processing users.
12-24-2021 @ 11:38:13 - > &#8220;823&#8221;User imported successfully. ID:823
12-24-2021 @ 11:38:13 - > Finished importing user 823
12-24-2021 @ 11:38:13 - Row :54 - User imported successfully.
12-24-2021 @ 11:38:13 - Row :55 - Parsing item.
12-24-2021 @ 11:38:13 - Row :55 - Processing item.
12-24-2021 @ 11:38:13 - Processing users.
12-24-2021 @ 11:38:13 - > &#8220;824&#8221;User imported successfully. ID:824
12-24-2021 @ 11:38:13 - > Finished importing user 824
12-24-2021 @ 11:38:13 - Row :55 - User imported successfully.
12-24-2021 @ 11:38:13 - Row :56 - Parsing item.
12-24-2021 @ 11:38:13 - Row :56 - Processing item.
12-24-2021 @ 11:38:13 - Processing users.
12-24-2021 @ 11:38:13 - > &#8220;825&#8221;User imported successfully. ID:825
12-24-2021 @ 11:38:13 - > Finished importing user 825
12-24-2021 @ 11:38:13 - Row :56 - User imported successfully.
12-24-2021 @ 11:38:13 - Row :57 - Parsing item.
12-24-2021 @ 11:38:13 - Row :57 - Processing item.
12-24-2021 @ 11:38:13 - Processing users.
12-24-2021 @ 11:38:13 - > &#8220;826&#8221;User imported successfully. ID:826
12-24-2021 @ 11:38:13 - > Finished importing user 826
12-24-2021 @ 11:38:13 - Row :57 - User imported successfully.
12-24-2021 @ 11:38:13 - Row :58 - Parsing item.
12-24-2021 @ 11:38:13 - Row :58 - Processing item.
12-24-2021 @ 11:38:13 - Processing users.
12-24-2021 @ 11:38:13 - > &#8220;827&#8221;User imported successfully. ID:827
12-24-2021 @ 11:38:13 - > Finished importing user 827
12-24-2021 @ 11:38:13 - Row :58 - User imported successfully.
12-24-2021 @ 11:38:13 - Row :59 - Parsing item.
12-24-2021 @ 11:38:13 - Row :59 - Processing item.
12-24-2021 @ 11:38:13 - Processing users.
12-24-2021 @ 11:38:13 - > &#8220;828&#8221;User imported successfully. ID:828
12-24-2021 @ 11:38:13 - > Finished importing user 828
12-24-2021 @ 11:38:13 - Row :59 - User imported successfully.
12-24-2021 @ 11:38:13 - Row :60 - Parsing item.
12-24-2021 @ 11:38:13 - Row :60 - Processing item.
12-24-2021 @ 11:38:13 - Processing users.
12-24-2021 @ 11:38:13 - > &#8220;829&#8221;User imported successfully. ID:829
12-24-2021 @ 11:38:13 - > Finished importing user 829
12-24-2021 @ 11:38:13 - Row :60 - User imported successfully.
12-24-2021 @ 11:38:13 - Preparing for import.
12-24-2021 @ 11:38:13 - Row :61 - Parsing item.
12-24-2021 @ 11:38:13 - Row :61 - Processing item.
12-24-2021 @ 11:38:13 - Processing users.
12-24-2021 @ 11:38:13 - > &#8220;830&#8221;User imported successfully. ID:830
12-24-2021 @ 11:38:13 - > Finished importing user 830
12-24-2021 @ 11:38:13 - Row :61 - User imported successfully.
12-24-2021 @ 11:38:13 - Row :62 - Parsing item.
12-24-2021 @ 11:38:13 - Row :62 - Processing item.
12-24-2021 @ 11:38:13 - Processing users.
12-24-2021 @ 11:38:13 - > &#8220;831&#8221;User imported successfully. ID:831
12-24-2021 @ 11:38:13 - > Finished importing user 831
12-24-2021 @ 11:38:13 - Row :62 - User imported successfully.
12-24-2021 @ 11:38:13 - Row :63 - Parsing item.
12-24-2021 @ 11:38:13 - Row :63 - Processing item.
12-24-2021 @ 11:38:13 - Processing users.
12-24-2021 @ 11:38:13 - > &#8220;832&#8221;User imported successfully. ID:832
12-24-2021 @ 11:38:13 - > Finished importing user 832
12-24-2021 @ 11:38:13 - Row :63 - User imported successfully.
12-24-2021 @ 11:38:13 - Row :64 - Parsing item.
12-24-2021 @ 11:38:13 - Row :64 - Processing item.
12-24-2021 @ 11:38:13 - Processing users.
12-24-2021 @ 11:38:13 - > &#8220;833&#8221;User imported successfully. ID:833
12-24-2021 @ 11:38:13 - > Finished importing user 833
12-24-2021 @ 11:38:13 - Row :64 - User imported successfully.
12-24-2021 @ 11:38:13 - Row :65 - Parsing item.
12-24-2021 @ 11:38:13 - Row :65 - Processing item.
12-24-2021 @ 11:38:13 - Processing users.
12-24-2021 @ 11:38:13 - > &#8220;834&#8221;User imported successfully. ID:834
12-24-2021 @ 11:38:13 - > Finished importing user 834
12-24-2021 @ 11:38:13 - Row :65 - User imported successfully.
12-24-2021 @ 11:38:13 - Row :66 - Parsing item.
12-24-2021 @ 11:38:13 - Row :66 - Processing item.
12-24-2021 @ 11:38:13 - Processing users.
12-24-2021 @ 11:38:13 - > &#8220;835&#8221;User imported successfully. ID:835
12-24-2021 @ 11:38:13 - > Finished importing user 835
12-24-2021 @ 11:38:13 - Row :66 - User imported successfully.
12-24-2021 @ 11:38:13 - Row :67 - Parsing item.
12-24-2021 @ 11:38:13 - Row :67 - Processing item.
12-24-2021 @ 11:38:13 - Processing users.
12-24-2021 @ 11:38:13 - > &#8220;836&#8221;User imported successfully. ID:836
12-24-2021 @ 11:38:13 - > Finished importing user 836
12-24-2021 @ 11:38:13 - Row :67 - User imported successfully.
12-24-2021 @ 11:38:13 - Row :68 - Parsing item.
12-24-2021 @ 11:38:13 - Row :68 - Processing item.
12-24-2021 @ 11:38:13 - Processing users.
12-24-2021 @ 11:38:13 - > &#8220;837&#8221;User imported successfully. ID:837
12-24-2021 @ 11:38:13 - > Finished importing user 837
12-24-2021 @ 11:38:13 - Row :68 - User imported successfully.
12-24-2021 @ 11:38:13 - Row :69 - Parsing item.
12-24-2021 @ 11:38:13 - Row :69 - Processing item.
12-24-2021 @ 11:38:13 - Processing users.
12-24-2021 @ 11:38:13 - > &#8220;838&#8221;User imported successfully. ID:838
12-24-2021 @ 11:38:13 - > Finished importing user 838
12-24-2021 @ 11:38:13 - Row :69 - User imported successfully.
12-24-2021 @ 11:38:13 - Row :70 - Parsing item.
12-24-2021 @ 11:38:13 - Row :70 - Processing item.
12-24-2021 @ 11:38:13 - Processing users.
12-24-2021 @ 11:38:13 - > &#8220;839&#8221;User imported successfully. ID:839
12-24-2021 @ 11:38:13 - > Finished importing user 839
12-24-2021 @ 11:38:13 - Row :70 - User imported successfully.
12-24-2021 @ 11:38:14 - Preparing for import.
12-24-2021 @ 11:38:14 - Row :71 - Parsing item.
12-24-2021 @ 11:38:14 - Row :71 - Processing item.
12-24-2021 @ 11:38:14 - Processing users.
12-24-2021 @ 11:38:14 - > &#8220;840&#8221;User imported successfully. ID:840
12-24-2021 @ 11:38:14 - > Finished importing user 840
12-24-2021 @ 11:38:14 - Row :71 - User imported successfully.
12-24-2021 @ 11:38:14 - Row :72 - Parsing item.
12-24-2021 @ 11:38:14 - Row :72 - Processing item.
12-24-2021 @ 11:38:14 - Processing users.
12-24-2021 @ 11:38:14 - > &#8220;841&#8221;User imported successfully. ID:841
12-24-2021 @ 11:38:14 - > Finished importing user 841
12-24-2021 @ 11:38:14 - Row :72 - User imported successfully.
12-24-2021 @ 11:38:14 - Row :73 - Parsing item.
12-24-2021 @ 11:38:14 - Row :73 - Processing item.
12-24-2021 @ 11:38:14 - Processing users.
12-24-2021 @ 11:38:14 - > &#8220;842&#8221;User imported successfully. ID:842
12-24-2021 @ 11:38:14 - > Finished importing user 842
12-24-2021 @ 11:38:14 - Row :73 - User imported successfully.
12-24-2021 @ 11:38:14 - Row :74 - Parsing item.
12-24-2021 @ 11:38:14 - Row :74 - Processing item.
12-24-2021 @ 11:38:14 - Processing users.
12-24-2021 @ 11:38:14 - > &#8220;843&#8221;User imported successfully. ID:843
12-24-2021 @ 11:38:14 - > Finished importing user 843
12-24-2021 @ 11:38:14 - Row :74 - User imported successfully.
12-24-2021 @ 11:38:14 - Row :75 - Parsing item.
12-24-2021 @ 11:38:14 - Row :75 - Processing item.
12-24-2021 @ 11:38:14 - Processing users.
12-24-2021 @ 11:38:14 - > &#8220;844&#8221;User imported successfully. ID:844
12-24-2021 @ 11:38:14 - > Finished importing user 844
12-24-2021 @ 11:38:14 - Row :75 - User imported successfully.
12-24-2021 @ 11:38:14 - Row :76 - Parsing item.
12-24-2021 @ 11:38:14 - Row :76 - Processing item.
12-24-2021 @ 11:38:14 - Processing users.
12-24-2021 @ 11:38:14 - > &#8220;845&#8221;User imported successfully. ID:845
12-24-2021 @ 11:38:14 - > Finished importing user 845
12-24-2021 @ 11:38:14 - Row :76 - User imported successfully.
12-24-2021 @ 11:38:14 - Row :77 - Parsing item.
12-24-2021 @ 11:38:14 - Row :77 - Processing item.
12-24-2021 @ 11:38:14 - Processing users.
12-24-2021 @ 11:38:14 - > &#8220;846&#8221;User imported successfully. ID:846
12-24-2021 @ 11:38:14 - > Finished importing user 846
12-24-2021 @ 11:38:14 - Row :77 - User imported successfully.
12-24-2021 @ 11:38:14 - Row :78 - Parsing item.
12-24-2021 @ 11:38:14 - Row :78 - Processing item.
12-24-2021 @ 11:38:14 - Processing users.
12-24-2021 @ 11:38:14 - > &#8220;847&#8221;User imported successfully. ID:847
12-24-2021 @ 11:38:14 - > Finished importing user 847
12-24-2021 @ 11:38:14 - Row :78 - User imported successfully.
12-24-2021 @ 11:38:14 - Row :79 - Parsing item.
12-24-2021 @ 11:38:14 - Row :79 - Processing item.
12-24-2021 @ 11:38:14 - Processing users.
12-24-2021 @ 11:38:14 - > &#8220;848&#8221;User imported successfully. ID:848
12-24-2021 @ 11:38:14 - > Finished importing user 848
12-24-2021 @ 11:38:14 - Row :79 - User imported successfully.
12-24-2021 @ 11:38:14 - Row :80 - Parsing item.
12-24-2021 @ 11:38:14 - Row :80 - Processing item.
12-24-2021 @ 11:38:14 - Processing users.
12-24-2021 @ 11:38:14 - > &#8220;849&#8221;User imported successfully. ID:849
12-24-2021 @ 11:38:14 - > Finished importing user 849
12-24-2021 @ 11:38:14 - Row :80 - User imported successfully.
12-24-2021 @ 11:38:14 - Preparing for import.
12-24-2021 @ 11:38:14 - Row :81 - Parsing item.
12-24-2021 @ 11:38:14 - Row :81 - Processing item.
12-24-2021 @ 11:38:14 - Processing users.
12-24-2021 @ 11:38:14 - > &#8220;850&#8221;User imported successfully. ID:850
12-24-2021 @ 11:38:14 - > Finished importing user 850
12-24-2021 @ 11:38:14 - Row :81 - User imported successfully.
12-24-2021 @ 11:38:14 - Row :82 - Parsing item.
12-24-2021 @ 11:38:14 - Row :82 - Processing item.
12-24-2021 @ 11:38:14 - Processing users.
12-24-2021 @ 11:38:14 - > &#8220;851&#8221;User imported successfully. ID:851
12-24-2021 @ 11:38:14 - > Finished importing user 851
12-24-2021 @ 11:38:14 - Row :82 - User imported successfully.
12-24-2021 @ 11:38:14 - Row :83 - Parsing item.
12-24-2021 @ 11:38:14 - Row :83 - Processing item.
12-24-2021 @ 11:38:14 - Processing users.
12-24-2021 @ 11:38:14 - > &#8220;852&#8221;User imported successfully. ID:852
12-24-2021 @ 11:38:14 - > Finished importing user 852
12-24-2021 @ 11:38:14 - Row :83 - User imported successfully.
12-24-2021 @ 11:38:14 - Row :84 - Parsing item.
12-24-2021 @ 11:38:14 - Row :84 - Processing item.
12-24-2021 @ 11:38:14 - Processing users.
12-24-2021 @ 11:38:14 - > &#8220;853&#8221;User imported successfully. ID:853
12-24-2021 @ 11:38:14 - > Finished importing user 853
12-24-2021 @ 11:38:14 - Row :84 - User imported successfully.
12-24-2021 @ 11:38:14 - Row :85 - Parsing item.
12-24-2021 @ 11:38:14 - Row :85 - Processing item.
12-24-2021 @ 11:38:14 - Processing users.
12-24-2021 @ 11:38:14 - > &#8220;854&#8221;User imported successfully. ID:854
12-24-2021 @ 11:38:14 - > Finished importing user 854
12-24-2021 @ 11:38:14 - Row :85 - User imported successfully.
12-24-2021 @ 11:38:14 - Row :86 - Parsing item.
12-24-2021 @ 11:38:14 - Row :86 - Processing item.
12-24-2021 @ 11:38:14 - Processing users.
12-24-2021 @ 11:38:14 - > &#8220;855&#8221;User imported successfully. ID:855
12-24-2021 @ 11:38:14 - > Finished importing user 855
12-24-2021 @ 11:38:14 - Row :86 - User imported successfully.
12-24-2021 @ 11:38:14 - Row :87 - Parsing item.
12-24-2021 @ 11:38:14 - Row :87 - Processing item.
12-24-2021 @ 11:38:14 - Processing users.
12-24-2021 @ 11:38:14 - > &#8220;856&#8221;User imported successfully. ID:856
12-24-2021 @ 11:38:14 - > Finished importing user 856
12-24-2021 @ 11:38:14 - Row :87 - User imported successfully.
12-24-2021 @ 11:38:14 - Row :88 - Parsing item.
12-24-2021 @ 11:38:14 - Row :88 - Processing item.
12-24-2021 @ 11:38:14 - Processing users.
12-24-2021 @ 11:38:14 - > &#8220;857&#8221;User imported successfully. ID:857
12-24-2021 @ 11:38:14 - > Finished importing user 857
12-24-2021 @ 11:38:14 - Row :88 - User imported successfully.
12-24-2021 @ 11:38:14 - Row :89 - Parsing item.
12-24-2021 @ 11:38:14 - Row :89 - Processing item.
12-24-2021 @ 11:38:14 - Processing users.
12-24-2021 @ 11:38:14 - > &#8220;858&#8221;User imported successfully. ID:858
12-24-2021 @ 11:38:14 - > Finished importing user 858
12-24-2021 @ 11:38:14 - Row :89 - User imported successfully.
12-24-2021 @ 11:38:14 - Row :90 - Parsing item.
12-24-2021 @ 11:38:14 - Row :90 - Processing item.
12-24-2021 @ 11:38:14 - Processing users.
12-24-2021 @ 11:38:14 - > &#8220;859&#8221;User imported successfully. ID:859
12-24-2021 @ 11:38:14 - > Finished importing user 859
12-24-2021 @ 11:38:14 - Row :90 - User imported successfully.
12-24-2021 @ 11:38:14 - Preparing for import.
12-24-2021 @ 11:38:14 - Row :91 - Parsing item.
12-24-2021 @ 11:38:14 - Row :91 - Processing item.
12-24-2021 @ 11:38:14 - Processing users.
12-24-2021 @ 11:38:14 - > &#8220;860&#8221;User imported successfully. ID:860
12-24-2021 @ 11:38:14 - > Finished importing user 860
12-24-2021 @ 11:38:14 - Row :91 - User imported successfully.
12-24-2021 @ 11:38:14 - Row :92 - Parsing item.
12-24-2021 @ 11:38:14 - Row :92 - Processing item.
12-24-2021 @ 11:38:14 - Processing users.
12-24-2021 @ 11:38:14 - > &#8220;861&#8221;User imported successfully. ID:861
12-24-2021 @ 11:38:14 - > Finished importing user 861
12-24-2021 @ 11:38:14 - Row :92 - User imported successfully.
12-24-2021 @ 11:38:14 - Row :93 - Parsing item.
12-24-2021 @ 11:38:14 - Row :93 - Processing item.
12-24-2021 @ 11:38:14 - Processing users.
12-24-2021 @ 11:38:14 - > &#8220;862&#8221;User imported successfully. ID:862
12-24-2021 @ 11:38:14 - > Finished importing user 862
12-24-2021 @ 11:38:14 - Row :93 - User imported successfully.
12-24-2021 @ 11:38:14 - Row :94 - Parsing item.
12-24-2021 @ 11:38:14 - Row :94 - Processing item.
12-24-2021 @ 11:38:14 - Processing users.
12-24-2021 @ 11:38:14 - > &#8220;863&#8221;User imported successfully. ID:863
12-24-2021 @ 11:38:14 - > Finished importing user 863
12-24-2021 @ 11:38:14 - Row :94 - User imported successfully.
12-24-2021 @ 11:38:14 - Row :95 - Parsing item.
12-24-2021 @ 11:38:14 - Row :95 - Processing item.
12-24-2021 @ 11:38:14 - Processing users.
12-24-2021 @ 11:38:14 - > &#8220;864&#8221;User imported successfully. ID:864
12-24-2021 @ 11:38:14 - > Finished importing user 864
12-24-2021 @ 11:38:14 - Row :95 - User imported successfully.
12-24-2021 @ 11:38:14 - Row :96 - Parsing item.
12-24-2021 @ 11:38:14 - Row :96 - Processing item.
12-24-2021 @ 11:38:14 - Processing users.
12-24-2021 @ 11:38:14 - > &#8220;865&#8221;User imported successfully. ID:865
12-24-2021 @ 11:38:14 - > Finished importing user 865
12-24-2021 @ 11:38:14 - Row :96 - User imported successfully.
12-24-2021 @ 11:38:14 - Row :97 - Parsing item.
12-24-2021 @ 11:38:14 - Row :97 - Processing item.
12-24-2021 @ 11:38:14 - Processing users.
12-24-2021 @ 11:38:14 - > &#8220;866&#8221;User imported successfully. ID:866
12-24-2021 @ 11:38:14 - > Finished importing user 866
12-24-2021 @ 11:38:14 - Row :97 - User imported successfully.
12-24-2021 @ 11:38:14 - Row :98 - Parsing item.
12-24-2021 @ 11:38:14 - Row :98 - Processing item.
12-24-2021 @ 11:38:14 - Processing users.
12-24-2021 @ 11:38:14 - > &#8220;867&#8221;User imported successfully. ID:867
12-24-2021 @ 11:38:14 - > Finished importing user 867
12-24-2021 @ 11:38:14 - Row :98 - User imported successfully.
12-24-2021 @ 11:38:14 - Row :99 - Parsing item.
12-24-2021 @ 11:38:14 - Row :99 - Processing item.
12-24-2021 @ 11:38:14 - Processing users.
12-24-2021 @ 11:38:14 - > &#8220;868&#8221;User imported successfully. ID:868
12-24-2021 @ 11:38:14 - > Finished importing user 868
12-24-2021 @ 11:38:14 - Row :99 - User imported successfully.
12-24-2021 @ 11:38:14 - Row :100 - Parsing item.
12-24-2021 @ 11:38:14 - Row :100 - Processing item.
12-24-2021 @ 11:38:14 - Processing users.
12-24-2021 @ 11:38:15 - > &#8220;869&#8221;User imported successfully. ID:869
12-24-2021 @ 11:38:15 - > Finished importing user 869
12-24-2021 @ 11:38:15 - Row :100 - User imported successfully.
12-24-2021 @ 11:38:15 - Preparing for import.
12-24-2021 @ 11:38:15 - Row :101 - Parsing item.
12-24-2021 @ 11:38:15 - Row :101 - Processing item.
12-24-2021 @ 11:38:15 - Processing users.
12-24-2021 @ 11:38:15 - > &#8220;870&#8221;User imported successfully. ID:870
12-24-2021 @ 11:38:15 - > Finished importing user 870
12-24-2021 @ 11:38:15 - Row :101 - User imported successfully.
12-24-2021 @ 11:38:15 - Row :102 - Parsing item.
12-24-2021 @ 11:38:15 - Row :102 - Processing item.
12-24-2021 @ 11:38:15 - Processing users.
12-24-2021 @ 11:38:15 - > &#8220;871&#8221;User imported successfully. ID:871
12-24-2021 @ 11:38:15 - > Finished importing user 871
12-24-2021 @ 11:38:15 - Row :102 - User imported successfully.
12-24-2021 @ 11:38:15 - Row :103 - Parsing item.
12-24-2021 @ 11:38:15 - Row :103 - Processing item.
12-24-2021 @ 11:38:15 - Processing users.
12-24-2021 @ 11:38:15 - > &#8220;872&#8221;User imported successfully. ID:872
12-24-2021 @ 11:38:15 - > Finished importing user 872
12-24-2021 @ 11:38:15 - Row :103 - User imported successfully.
12-24-2021 @ 11:38:15 - Row :104 - Parsing item.
12-24-2021 @ 11:38:15 - Row :104 - Processing item.
12-24-2021 @ 11:38:15 - Processing users.
12-24-2021 @ 11:38:15 - > &#8220;873&#8221;User imported successfully. ID:873
12-24-2021 @ 11:38:15 - > Finished importing user 873
12-24-2021 @ 11:38:15 - Row :104 - User imported successfully.
12-24-2021 @ 11:38:15 - Row :105 - Parsing item.
12-24-2021 @ 11:38:15 - Row :105 - Processing item.
12-24-2021 @ 11:38:15 - Processing users.
12-24-2021 @ 11:38:15 - > &#8220;874&#8221;User imported successfully. ID:874
12-24-2021 @ 11:38:15 - > Finished importing user 874
12-24-2021 @ 11:38:15 - Row :105 - User imported successfully.
12-24-2021 @ 11:38:15 - Row :106 - Parsing item.
12-24-2021 @ 11:38:15 - Row :106 - Processing item.
12-24-2021 @ 11:38:15 - Processing users.
12-24-2021 @ 11:38:15 - > &#8220;875&#8221;User imported successfully. ID:875
12-24-2021 @ 11:38:15 - > Finished importing user 875
12-24-2021 @ 11:38:15 - Row :106 - User imported successfully.
12-24-2021 @ 11:38:15 - Row :107 - Parsing item.
12-24-2021 @ 11:38:15 - Row :107 - Processing item.
12-24-2021 @ 11:38:15 - Processing users.
12-24-2021 @ 11:38:15 - > &#8220;876&#8221;User imported successfully. ID:876
12-24-2021 @ 11:38:15 - > Finished importing user 876
12-24-2021 @ 11:38:15 - Row :107 - User imported successfully.
12-24-2021 @ 11:38:15 - Row :108 - Parsing item.
12-24-2021 @ 11:38:15 - Row :108 - Processing item.
12-24-2021 @ 11:38:15 - Processing users.
12-24-2021 @ 11:38:15 - > &#8220;877&#8221;User imported successfully. ID:877
12-24-2021 @ 11:38:15 - > Finished importing user 877
12-24-2021 @ 11:38:15 - Row :108 - User imported successfully.
12-24-2021 @ 11:38:15 - Row :109 - Parsing item.
12-24-2021 @ 11:38:15 - Row :109 - Processing item.
12-24-2021 @ 11:38:15 - Processing users.
12-24-2021 @ 11:38:15 - > &#8220;878&#8221;User imported successfully. ID:878
12-24-2021 @ 11:38:15 - > Finished importing user 878
12-24-2021 @ 11:38:15 - Row :109 - User imported successfully.
12-24-2021 @ 11:38:15 - Row :110 - Parsing item.
12-24-2021 @ 11:38:15 - Row :110 - Processing item.
12-24-2021 @ 11:38:15 - Processing users.
12-24-2021 @ 11:38:15 - > &#8220;879&#8221;User imported successfully. ID:879
12-24-2021 @ 11:38:15 - > Finished importing user 879
12-24-2021 @ 11:38:15 - Row :110 - User imported successfully.
12-24-2021 @ 11:38:15 - Preparing for import.
12-24-2021 @ 11:38:15 - Row :111 - Parsing item.
12-24-2021 @ 11:38:15 - Row :111 - Processing item.
12-24-2021 @ 11:38:15 - Processing users.
12-24-2021 @ 11:38:15 - > &#8220;880&#8221;User imported successfully. ID:880
12-24-2021 @ 11:38:15 - > Finished importing user 880
12-24-2021 @ 11:38:15 - Row :111 - User imported successfully.
12-24-2021 @ 11:38:15 - Row :112 - Parsing item.
12-24-2021 @ 11:38:15 - Row :112 - Processing item.
12-24-2021 @ 11:38:15 - Processing users.
12-24-2021 @ 11:38:15 - > &#8220;881&#8221;User imported successfully. ID:881
12-24-2021 @ 11:38:15 - > Finished importing user 881
12-24-2021 @ 11:38:15 - Row :112 - User imported successfully.
12-24-2021 @ 11:38:15 - Row :113 - Parsing item.
12-24-2021 @ 11:38:15 - Row :113 - Processing item.
12-24-2021 @ 11:38:15 - Processing users.
12-24-2021 @ 11:38:15 - > &#8220;882&#8221;User imported successfully. ID:882
12-24-2021 @ 11:38:15 - > Finished importing user 882
12-24-2021 @ 11:38:15 - Row :113 - User imported successfully.
12-24-2021 @ 11:38:15 - Row :114 - Parsing item.
12-24-2021 @ 11:38:15 - Row :114 - Processing item.
12-24-2021 @ 11:38:15 - Processing users.
12-24-2021 @ 11:38:15 - > &#8220;883&#8221;User imported successfully. ID:883
12-24-2021 @ 11:38:15 - > Finished importing user 883
12-24-2021 @ 11:38:15 - Row :114 - User imported successfully.
12-24-2021 @ 11:38:15 - Row :115 - Parsing item.
12-24-2021 @ 11:38:15 - Row :115 - Processing item.
12-24-2021 @ 11:38:15 - Processing users.
12-24-2021 @ 11:38:15 - > &#8220;884&#8221;User imported successfully. ID:884
12-24-2021 @ 11:38:15 - > Finished importing user 884
12-24-2021 @ 11:38:15 - Row :115 - User imported successfully.
12-24-2021 @ 11:38:15 - Row :116 - Parsing item.
12-24-2021 @ 11:38:15 - Row :116 - Processing item.
12-24-2021 @ 11:38:15 - Processing users.
12-24-2021 @ 11:38:15 - > &#8220;885&#8221;User imported successfully. ID:885
12-24-2021 @ 11:38:15 - > Finished importing user 885
12-24-2021 @ 11:38:15 - Row :116 - User imported successfully.
12-24-2021 @ 11:38:15 - Row :117 - Parsing item.
12-24-2021 @ 11:38:15 - Row :117 - Processing item.
12-24-2021 @ 11:38:15 - Processing users.
12-24-2021 @ 11:38:15 - > &#8220;886&#8221;User imported successfully. ID:886
12-24-2021 @ 11:38:15 - > Finished importing user 886
12-24-2021 @ 11:38:15 - Row :117 - User imported successfully.
12-24-2021 @ 11:38:15 - Row :118 - Parsing item.
12-24-2021 @ 11:38:15 - Row :118 - Processing item.
12-24-2021 @ 11:38:15 - Processing users.
12-24-2021 @ 11:38:15 - > &#8220;887&#8221;User imported successfully. ID:887
12-24-2021 @ 11:38:15 - > Finished importing user 887
12-24-2021 @ 11:38:15 - Row :118 - User imported successfully.
12-24-2021 @ 11:38:15 - Row :119 - Parsing item.
12-24-2021 @ 11:38:15 - Row :119 - Processing item.
12-24-2021 @ 11:38:15 - Processing users.
12-24-2021 @ 11:38:15 - > &#8220;888&#8221;User imported successfully. ID:888
12-24-2021 @ 11:38:15 - > Finished importing user 888
12-24-2021 @ 11:38:15 - Row :119 - User imported successfully.
12-24-2021 @ 11:38:15 - Row :120 - Parsing item.
12-24-2021 @ 11:38:15 - Row :120 - Processing item.
12-24-2021 @ 11:38:15 - Processing users.
12-24-2021 @ 11:38:15 - > &#8220;889&#8221;User imported successfully. ID:889
12-24-2021 @ 11:38:15 - > Finished importing user 889
12-24-2021 @ 11:38:15 - Row :120 - User imported successfully.
12-24-2021 @ 11:38:15 - Preparing for import.
12-24-2021 @ 11:38:15 - Row :121 - Parsing item.
12-24-2021 @ 11:38:15 - Row :121 - Processing item.
12-24-2021 @ 11:38:15 - Processing users.
12-24-2021 @ 11:38:15 - > &#8220;890&#8221;User imported successfully. ID:890
12-24-2021 @ 11:38:15 - > Finished importing user 890
12-24-2021 @ 11:38:15 - Row :121 - User imported successfully.
12-24-2021 @ 11:38:15 - Row :122 - Parsing item.
12-24-2021 @ 11:38:15 - Row :122 - Processing item.
12-24-2021 @ 11:38:15 - Processing users.
12-24-2021 @ 11:38:16 - > &#8220;891&#8221;User imported successfully. ID:891
12-24-2021 @ 11:38:16 - > Finished importing user 891
12-24-2021 @ 11:38:16 - Row :122 - User imported successfully.
12-24-2021 @ 11:38:16 - Row :123 - Parsing item.
12-24-2021 @ 11:38:16 - Row :123 - Processing item.
12-24-2021 @ 11:38:16 - Processing users.
12-24-2021 @ 11:38:16 - > &#8220;892&#8221;User imported successfully. ID:892
12-24-2021 @ 11:38:16 - > Finished importing user 892
12-24-2021 @ 11:38:16 - Row :123 - User imported successfully.
12-24-2021 @ 11:38:16 - Row :124 - Parsing item.
12-24-2021 @ 11:38:16 - Row :124 - Processing item.
12-24-2021 @ 11:38:16 - Processing users.
12-24-2021 @ 11:38:16 - > &#8220;893&#8221;User imported successfully. ID:893
12-24-2021 @ 11:38:16 - > Finished importing user 893
12-24-2021 @ 11:38:16 - Row :124 - User imported successfully.
12-24-2021 @ 11:38:16 - Row :125 - Parsing item.
12-24-2021 @ 11:38:16 - Row :125 - Processing item.
12-24-2021 @ 11:38:16 - Processing users.
12-24-2021 @ 11:38:16 - > &#8220;894&#8221;User imported successfully. ID:894
12-24-2021 @ 11:38:16 - > Finished importing user 894
12-24-2021 @ 11:38:16 - Row :125 - User imported successfully.
12-24-2021 @ 11:38:16 - Row :126 - Parsing item.
12-24-2021 @ 11:38:16 - Row :126 - Processing item.
12-24-2021 @ 11:38:16 - Processing users.
12-24-2021 @ 11:38:16 - > &#8220;895&#8221;User imported successfully. ID:895
12-24-2021 @ 11:38:16 - > Finished importing user 895
12-24-2021 @ 11:38:16 - Row :126 - User imported successfully.
12-24-2021 @ 11:38:16 - Row :127 - Parsing item.
12-24-2021 @ 11:38:16 - Row :127 - Processing item.
12-24-2021 @ 11:38:16 - Processing users.
12-24-2021 @ 11:38:16 - > &#8220;896&#8221;User imported successfully. ID:896
12-24-2021 @ 11:38:16 - > Finished importing user 896
12-24-2021 @ 11:38:16 - Row :127 - User imported successfully.
12-24-2021 @ 11:38:16 - Row :128 - Parsing item.
12-24-2021 @ 11:38:16 - Row :128 - Processing item.
12-24-2021 @ 11:38:16 - Processing users.
12-24-2021 @ 11:38:16 - > &#8220;897&#8221;User imported successfully. ID:897
12-24-2021 @ 11:38:16 - > Finished importing user 897
12-24-2021 @ 11:38:16 - Row :128 - User imported successfully.
12-24-2021 @ 11:38:16 - Row :129 - Parsing item.
12-24-2021 @ 11:38:16 - Row :129 - Processing item.
12-24-2021 @ 11:38:16 - Processing users.
12-24-2021 @ 11:38:16 - > &#8220;898&#8221;User imported successfully. ID:898
12-24-2021 @ 11:38:16 - > Finished importing user 898
12-24-2021 @ 11:38:16 - Row :129 - User imported successfully.
12-24-2021 @ 11:38:16 - Row :130 - Parsing item.
12-24-2021 @ 11:38:16 - Row :130 - Processing item.
12-24-2021 @ 11:38:16 - Processing users.
12-24-2021 @ 11:38:16 - > &#8220;899&#8221;User imported successfully. ID:899
12-24-2021 @ 11:38:16 - > Finished importing user 899
12-24-2021 @ 11:38:16 - Row :130 - User imported successfully.
12-24-2021 @ 11:38:16 - Preparing for import.
12-24-2021 @ 11:38:16 - Row :131 - Parsing item.
12-24-2021 @ 11:38:16 - Row :131 - Processing item.
12-24-2021 @ 11:38:16 - Processing users.
12-24-2021 @ 11:38:16 - > &#8220;900&#8221;User imported successfully. ID:900
12-24-2021 @ 11:38:16 - > Finished importing user 900
12-24-2021 @ 11:38:16 - Row :131 - User imported successfully.
12-24-2021 @ 11:38:16 - Row :132 - Parsing item.
12-24-2021 @ 11:38:16 - Row :132 - Processing item.
12-24-2021 @ 11:38:16 - Processing users.
12-24-2021 @ 11:38:16 - > &#8220;901&#8221;User imported successfully. ID:901
12-24-2021 @ 11:38:16 - > Finished importing user 901
12-24-2021 @ 11:38:16 - Row :132 - User imported successfully.
12-24-2021 @ 11:38:16 - Row :133 - Parsing item.
12-24-2021 @ 11:38:16 - Row :133 - Processing item.
12-24-2021 @ 11:38:16 - Processing users.
12-24-2021 @ 11:38:16 - > &#8220;902&#8221;User imported successfully. ID:902
12-24-2021 @ 11:38:16 - > Finished importing user 902
12-24-2021 @ 11:38:16 - Row :133 - User imported successfully.
12-24-2021 @ 11:38:16 - Row :134 - Parsing item.
12-24-2021 @ 11:38:16 - Row :134 - Processing item.
12-24-2021 @ 11:38:16 - Processing users.
12-24-2021 @ 11:38:16 - > &#8220;903&#8221;User imported successfully. ID:903
12-24-2021 @ 11:38:16 - > Finished importing user 903
12-24-2021 @ 11:38:16 - Row :134 - User imported successfully.
12-24-2021 @ 11:38:16 - Row :135 - Parsing item.
12-24-2021 @ 11:38:16 - Row :135 - Processing item.
12-24-2021 @ 11:38:16 - Processing users.
12-24-2021 @ 11:38:16 - > &#8220;904&#8221;User imported successfully. ID:904
12-24-2021 @ 11:38:16 - > Finished importing user 904
12-24-2021 @ 11:38:16 - Row :135 - User imported successfully.
12-24-2021 @ 11:38:16 - Row :136 - Parsing item.
12-24-2021 @ 11:38:16 - Row :136 - Processing item.
12-24-2021 @ 11:38:16 - Processing users.
12-24-2021 @ 11:38:16 - > &#8220;905&#8221;User imported successfully. ID:905
12-24-2021 @ 11:38:16 - > Finished importing user 905
12-24-2021 @ 11:38:16 - Row :136 - User imported successfully.
12-24-2021 @ 11:38:16 - Row :137 - Parsing item.
12-24-2021 @ 11:38:16 - Row :137 - Processing item.
12-24-2021 @ 11:38:16 - Processing users.
12-24-2021 @ 11:38:16 - > &#8220;906&#8221;User imported successfully. ID:906
12-24-2021 @ 11:38:16 - > Finished importing user 906
12-24-2021 @ 11:38:16 - Row :137 - User imported successfully.
12-24-2021 @ 11:38:16 - Row :138 - Parsing item.
12-24-2021 @ 11:38:16 - Row :138 - Parsing failed. Reason: User with same Email already exists. Email: info@clane.co.jp
12-24-2021 @ 11:38:16 - Row :139 - Parsing item.
12-24-2021 @ 11:38:16 - Row :139 - Processing item.
12-24-2021 @ 11:38:16 - Processing users.
12-24-2021 @ 11:38:16 - > &#8220;907&#8221;User imported successfully. ID:907
12-24-2021 @ 11:38:16 - > Finished importing user 907
12-24-2021 @ 11:38:16 - Row :139 - User imported successfully.
12-24-2021 @ 11:38:16 - Row :140 - Parsing item.
12-24-2021 @ 11:38:16 - Row :140 - Processing item.
12-24-2021 @ 11:38:16 - Processing users.
12-24-2021 @ 11:38:16 - > &#8220;908&#8221;User imported successfully. ID:908
12-24-2021 @ 11:38:16 - > Finished importing user 908
12-24-2021 @ 11:38:16 - Row :140 - User imported successfully.
12-24-2021 @ 11:38:16 - Preparing for import.
12-24-2021 @ 11:38:16 - Row :141 - Parsing item.
12-24-2021 @ 11:38:16 - Row :141 - Processing item.
12-24-2021 @ 11:38:16 - Processing users.
12-24-2021 @ 11:38:16 - > &#8220;909&#8221;User imported successfully. ID:909
12-24-2021 @ 11:38:16 - > Finished importing user 909
12-24-2021 @ 11:38:16 - Row :141 - User imported successfully.
12-24-2021 @ 11:38:16 - ---[ Import ended at 2021-12-24 11:38:16]---
