12-24-2021 @ 11:56:32 - ---[ New import started at 2021-12-24 11:56:32 ] PHP Memory: 1 GB, WP Memory: 40 MB
12-24-2021 @ 11:56:32 - Preparing for import.
12-24-2021 @ 11:56:32 - Row :1 - Parsing item.
12-24-2021 @ 11:56:32 - Row :1 - Processing item.
12-24-2021 @ 11:56:32 - Processing users.
12-24-2021 @ 11:56:32 - > &#8220;918&#8221;User imported successfully. ID:918
12-24-2021 @ 11:56:32 - > Finished importing user 918
12-24-2021 @ 11:56:32 - Row :1 - User imported successfully.
12-24-2021 @ 11:56:32 - Row :2 - Parsing item.
12-24-2021 @ 11:56:32 - Row :2 - Processing item.
12-24-2021 @ 11:56:32 - Processing users.
12-24-2021 @ 11:56:32 - > &#8220;919&#8221;User imported successfully. ID:919
12-24-2021 @ 11:56:32 - > Finished importing user 919
12-24-2021 @ 11:56:32 - Row :2 - User imported successfully.
12-24-2021 @ 11:56:32 - Row :3 - Parsing item.
12-24-2021 @ 11:56:32 - Row :3 - Processing item.
12-24-2021 @ 11:56:32 - Processing users.
12-24-2021 @ 11:56:32 - > &#8220;920&#8221;User imported successfully. ID:920
12-24-2021 @ 11:56:32 - > Finished importing user 920
12-24-2021 @ 11:56:32 - Row :3 - User imported successfully.
12-24-2021 @ 11:56:32 - Row :4 - Parsing item.
12-24-2021 @ 11:56:32 - Row :4 - Processing item.
12-24-2021 @ 11:56:32 - Processing users.
12-24-2021 @ 11:56:32 - > &#8220;921&#8221;User imported successfully. ID:921
12-24-2021 @ 11:56:32 - > Finished importing user 921
12-24-2021 @ 11:56:32 - Row :4 - User imported successfully.
12-24-2021 @ 11:56:32 - Row :5 - Parsing item.
12-24-2021 @ 11:56:32 - Row :5 - Processing item.
12-24-2021 @ 11:56:32 - Processing users.
12-24-2021 @ 11:56:32 - > &#8220;922&#8221;User imported successfully. ID:922
12-24-2021 @ 11:56:32 - > Finished importing user 922
12-24-2021 @ 11:56:32 - Row :5 - User imported successfully.
12-24-2021 @ 11:56:32 - Row :6 - Parsing item.
12-24-2021 @ 11:56:32 - Row :6 - Processing item.
12-24-2021 @ 11:56:32 - Processing users.
12-24-2021 @ 11:56:32 - > &#8220;923&#8221;User imported successfully. ID:923
12-24-2021 @ 11:56:32 - > Finished importing user 923
12-24-2021 @ 11:56:32 - Row :6 - User imported successfully.
12-24-2021 @ 11:56:32 - Row :7 - Parsing item.
12-24-2021 @ 11:56:32 - > skipped: cannot insert user without email.
12-24-2021 @ 11:56:32 - Row :7 - Parsing failed. Reason: > skipped: cannot insert user without email.
12-24-2021 @ 11:56:32 - Row :8 - Parsing item.
12-24-2021 @ 11:56:32 - Row :8 - Processing item.
12-24-2021 @ 11:56:32 - Processing users.
12-24-2021 @ 11:56:32 - > &#8220;924&#8221;User imported successfully. ID:924
12-24-2021 @ 11:56:32 - > Finished importing user 924
12-24-2021 @ 11:56:32 - Row :8 - User imported successfully.
12-24-2021 @ 11:56:32 - Row :9 - Parsing item.
12-24-2021 @ 11:56:32 - Row :9 - Processing item.
12-24-2021 @ 11:56:32 - Processing users.
12-24-2021 @ 11:56:32 - > &#8220;925&#8221;User imported successfully. ID:925
12-24-2021 @ 11:56:32 - > Finished importing user 925
12-24-2021 @ 11:56:32 - Row :9 - User imported successfully.
12-24-2021 @ 11:56:32 - Row :10 - Parsing item.
12-24-2021 @ 11:56:32 - Row :10 - Processing item.
12-24-2021 @ 11:56:32 - Processing users.
12-24-2021 @ 11:56:32 - > &#8220;926&#8221;User imported successfully. ID:926
12-24-2021 @ 11:56:32 - > Finished importing user 926
12-24-2021 @ 11:56:32 - Row :10 - User imported successfully.
12-24-2021 @ 11:56:32 - Preparing for import.
12-24-2021 @ 11:56:32 - Row :11 - Parsing item.
12-24-2021 @ 11:56:32 - Row :11 - Processing item.
12-24-2021 @ 11:56:32 - Processing users.
12-24-2021 @ 11:56:32 - > &#8220;927&#8221;User imported successfully. ID:927
12-24-2021 @ 11:56:32 - > Finished importing user 927
12-24-2021 @ 11:56:32 - Row :11 - User imported successfully.
12-24-2021 @ 11:56:32 - Row :12 - Parsing item.
12-24-2021 @ 11:56:32 - Row :12 - Processing item.
12-24-2021 @ 11:56:32 - Processing users.
12-24-2021 @ 11:56:32 - > &#8220;928&#8221;User imported successfully. ID:928
12-24-2021 @ 11:56:32 - > Finished importing user 928
12-24-2021 @ 11:56:32 - Row :12 - User imported successfully.
12-24-2021 @ 11:56:32 - Row :13 - Parsing item.
12-24-2021 @ 11:56:32 - Row :13 - Processing item.
12-24-2021 @ 11:56:32 - Processing users.
12-24-2021 @ 11:56:32 - > &#8220;929&#8221;User imported successfully. ID:929
12-24-2021 @ 11:56:32 - > Finished importing user 929
12-24-2021 @ 11:56:32 - Row :13 - User imported successfully.
12-24-2021 @ 11:56:32 - Row :14 - Parsing item.
12-24-2021 @ 11:56:32 - Row :14 - Processing item.
12-24-2021 @ 11:56:32 - Processing users.
12-24-2021 @ 11:56:32 - > &#8220;930&#8221;User imported successfully. ID:930
12-24-2021 @ 11:56:32 - > Finished importing user 930
12-24-2021 @ 11:56:32 - Row :14 - User imported successfully.
12-24-2021 @ 11:56:32 - Row :15 - Parsing item.
12-24-2021 @ 11:56:32 - Row :15 - Processing item.
12-24-2021 @ 11:56:32 - Processing users.
12-24-2021 @ 11:56:32 - > &#8220;931&#8221;User imported successfully. ID:931
12-24-2021 @ 11:56:32 - > Finished importing user 931
12-24-2021 @ 11:56:32 - Row :15 - User imported successfully.
12-24-2021 @ 11:56:32 - Row :16 - Parsing item.
12-24-2021 @ 11:56:32 - Row :16 - Processing item.
12-24-2021 @ 11:56:32 - Processing users.
12-24-2021 @ 11:56:32 - > &#8220;932&#8221;User imported successfully. ID:932
12-24-2021 @ 11:56:32 - > Finished importing user 932
12-24-2021 @ 11:56:32 - Row :16 - User imported successfully.
12-24-2021 @ 11:56:32 - Row :17 - Parsing item.
12-24-2021 @ 11:56:32 - Row :17 - Processing item.
12-24-2021 @ 11:56:32 - Processing users.
12-24-2021 @ 11:56:32 - > &#8220;933&#8221;User imported successfully. ID:933
12-24-2021 @ 11:56:32 - > Finished importing user 933
12-24-2021 @ 11:56:32 - Row :17 - User imported successfully.
12-24-2021 @ 11:56:32 - Row :18 - Parsing item.
12-24-2021 @ 11:56:32 - Row :18 - Processing item.
12-24-2021 @ 11:56:32 - Processing users.
12-24-2021 @ 11:56:32 - > &#8220;934&#8221;User imported successfully. ID:934
12-24-2021 @ 11:56:32 - > Finished importing user 934
12-24-2021 @ 11:56:32 - Row :18 - User imported successfully.
12-24-2021 @ 11:56:32 - Row :19 - Parsing item.
12-24-2021 @ 11:56:32 - Row :19 - Processing item.
12-24-2021 @ 11:56:32 - Processing users.
12-24-2021 @ 11:56:32 - > &#8220;935&#8221;User imported successfully. ID:935
12-24-2021 @ 11:56:32 - > Finished importing user 935
12-24-2021 @ 11:56:32 - Row :19 - User imported successfully.
12-24-2021 @ 11:56:32 - Row :20 - Parsing item.
12-24-2021 @ 11:56:32 - Row :20 - Processing item.
12-24-2021 @ 11:56:32 - Processing users.
12-24-2021 @ 11:56:32 - > &#8220;936&#8221;User imported successfully. ID:936
12-24-2021 @ 11:56:32 - > Finished importing user 936
12-24-2021 @ 11:56:32 - Row :20 - User imported successfully.
12-24-2021 @ 11:56:33 - Preparing for import.
12-24-2021 @ 11:56:33 - Row :21 - Parsing item.
12-24-2021 @ 11:56:33 - Row :21 - Processing item.
12-24-2021 @ 11:56:33 - Processing users.
12-24-2021 @ 11:56:33 - > &#8220;937&#8221;User imported successfully. ID:937
12-24-2021 @ 11:56:33 - > Finished importing user 937
12-24-2021 @ 11:56:33 - Row :21 - User imported successfully.
12-24-2021 @ 11:56:33 - Row :22 - Parsing item.
12-24-2021 @ 11:56:33 - Row :22 - Processing item.
12-24-2021 @ 11:56:33 - Processing users.
12-24-2021 @ 11:56:33 - > &#8220;938&#8221;User imported successfully. ID:938
12-24-2021 @ 11:56:33 - > Finished importing user 938
12-24-2021 @ 11:56:33 - Row :22 - User imported successfully.
12-24-2021 @ 11:56:33 - Row :23 - Parsing item.
12-24-2021 @ 11:56:33 - Row :23 - Processing item.
12-24-2021 @ 11:56:33 - Processing users.
12-24-2021 @ 11:56:33 - > &#8220;939&#8221;User imported successfully. ID:939
12-24-2021 @ 11:56:33 - > Finished importing user 939
12-24-2021 @ 11:56:33 - Row :23 - User imported successfully.
12-24-2021 @ 11:56:33 - Row :24 - Parsing item.
12-24-2021 @ 11:56:33 - Row :24 - Processing item.
12-24-2021 @ 11:56:33 - Processing users.
12-24-2021 @ 11:56:33 - > &#8220;940&#8221;User imported successfully. ID:940
12-24-2021 @ 11:56:33 - > Finished importing user 940
12-24-2021 @ 11:56:33 - Row :24 - User imported successfully.
12-24-2021 @ 11:56:33 - Row :25 - Parsing item.
12-24-2021 @ 11:56:33 - Row :25 - Processing item.
12-24-2021 @ 11:56:33 - Processing users.
12-24-2021 @ 11:56:33 - > &#8220;941&#8221;User imported successfully. ID:941
12-24-2021 @ 11:56:33 - > Finished importing user 941
12-24-2021 @ 11:56:33 - Row :25 - User imported successfully.
12-24-2021 @ 11:56:33 - Row :26 - Parsing item.
12-24-2021 @ 11:56:33 - Row :26 - Processing item.
12-24-2021 @ 11:56:33 - Processing users.
12-24-2021 @ 11:56:33 - > &#8220;942&#8221;User imported successfully. ID:942
12-24-2021 @ 11:56:33 - > Finished importing user 942
12-24-2021 @ 11:56:33 - Row :26 - User imported successfully.
12-24-2021 @ 11:56:33 - Row :27 - Parsing item.
12-24-2021 @ 11:56:33 - Row :27 - Processing item.
12-24-2021 @ 11:56:33 - Processing users.
12-24-2021 @ 11:56:33 - > &#8220;943&#8221;User imported successfully. ID:943
12-24-2021 @ 11:56:33 - > Finished importing user 943
12-24-2021 @ 11:56:33 - Row :27 - User imported successfully.
12-24-2021 @ 11:56:33 - Row :28 - Parsing item.
12-24-2021 @ 11:56:33 - Row :28 - Processing item.
12-24-2021 @ 11:56:33 - Processing users.
12-24-2021 @ 11:56:33 - > &#8220;944&#8221;User imported successfully. ID:944
12-24-2021 @ 11:56:33 - > Finished importing user 944
12-24-2021 @ 11:56:33 - Row :28 - User imported successfully.
12-24-2021 @ 11:56:33 - Row :29 - Parsing item.
12-24-2021 @ 11:56:33 - Row :29 - Processing item.
12-24-2021 @ 11:56:33 - Processing users.
12-24-2021 @ 11:56:33 - > &#8220;945&#8221;User imported successfully. ID:945
12-24-2021 @ 11:56:33 - > Finished importing user 945
12-24-2021 @ 11:56:33 - Row :29 - User imported successfully.
12-24-2021 @ 11:56:33 - Row :30 - Parsing item.
12-24-2021 @ 11:56:33 - Row :30 - Processing item.
12-24-2021 @ 11:56:33 - Processing users.
12-24-2021 @ 11:56:33 - > &#8220;946&#8221;User imported successfully. ID:946
12-24-2021 @ 11:56:33 - > Finished importing user 946
12-24-2021 @ 11:56:33 - Row :30 - User imported successfully.
12-24-2021 @ 11:56:33 - Preparing for import.
12-24-2021 @ 11:56:33 - Row :31 - Parsing item.
12-24-2021 @ 11:56:33 - Row :31 - Processing item.
12-24-2021 @ 11:56:33 - Processing users.
12-24-2021 @ 11:56:33 - > &#8220;947&#8221;User imported successfully. ID:947
12-24-2021 @ 11:56:33 - > Finished importing user 947
12-24-2021 @ 11:56:33 - Row :31 - User imported successfully.
12-24-2021 @ 11:56:33 - Row :32 - Parsing item.
12-24-2021 @ 11:56:33 - Row :32 - Processing item.
12-24-2021 @ 11:56:33 - Processing users.
12-24-2021 @ 11:56:33 - > &#8220;948&#8221;User imported successfully. ID:948
12-24-2021 @ 11:56:33 - > Finished importing user 948
12-24-2021 @ 11:56:33 - Row :32 - User imported successfully.
12-24-2021 @ 11:56:33 - Row :33 - Parsing item.
12-24-2021 @ 11:56:33 - Row :33 - Processing item.
12-24-2021 @ 11:56:33 - Processing users.
12-24-2021 @ 11:56:33 - > &#8220;949&#8221;User imported successfully. ID:949
12-24-2021 @ 11:56:33 - > Finished importing user 949
12-24-2021 @ 11:56:33 - Row :33 - User imported successfully.
12-24-2021 @ 11:56:33 - Row :34 - Parsing item.
12-24-2021 @ 11:56:33 - Row :34 - Processing item.
12-24-2021 @ 11:56:33 - Processing users.
12-24-2021 @ 11:56:33 - > &#8220;950&#8221;User imported successfully. ID:950
12-24-2021 @ 11:56:33 - > Finished importing user 950
12-24-2021 @ 11:56:33 - Row :34 - User imported successfully.
12-24-2021 @ 11:56:33 - Row :35 - Parsing item.
12-24-2021 @ 11:56:33 - Row :35 - Processing item.
12-24-2021 @ 11:56:33 - Processing users.
12-24-2021 @ 11:56:33 - > &#8220;951&#8221;User imported successfully. ID:951
12-24-2021 @ 11:56:33 - > Finished importing user 951
12-24-2021 @ 11:56:33 - Row :35 - User imported successfully.
12-24-2021 @ 11:56:33 - Row :36 - Parsing item.
12-24-2021 @ 11:56:33 - Row :36 - Processing item.
12-24-2021 @ 11:56:33 - Processing users.
12-24-2021 @ 11:56:33 - > &#8220;952&#8221;User imported successfully. ID:952
12-24-2021 @ 11:56:33 - > Finished importing user 952
12-24-2021 @ 11:56:33 - Row :36 - User imported successfully.
12-24-2021 @ 11:56:33 - Row :37 - Parsing item.
12-24-2021 @ 11:56:33 - Row :37 - Processing item.
12-24-2021 @ 11:56:33 - Processing users.
12-24-2021 @ 11:56:33 - > &#8220;953&#8221;User imported successfully. ID:953
12-24-2021 @ 11:56:33 - > Finished importing user 953
12-24-2021 @ 11:56:33 - Row :37 - User imported successfully.
12-24-2021 @ 11:56:33 - Row :38 - Parsing item.
12-24-2021 @ 11:56:33 - Row :38 - Processing item.
12-24-2021 @ 11:56:33 - Processing users.
12-24-2021 @ 11:56:33 - > &#8220;954&#8221;User imported successfully. ID:954
12-24-2021 @ 11:56:33 - > Finished importing user 954
12-24-2021 @ 11:56:33 - Row :38 - User imported successfully.
12-24-2021 @ 11:56:33 - Row :39 - Parsing item.
12-24-2021 @ 11:56:33 - Row :39 - Processing item.
12-24-2021 @ 11:56:33 - Processing users.
12-24-2021 @ 11:56:33 - > &#8220;955&#8221;User imported successfully. ID:955
12-24-2021 @ 11:56:33 - > Finished importing user 955
12-24-2021 @ 11:56:33 - Row :39 - User imported successfully.
12-24-2021 @ 11:56:33 - Row :40 - Parsing item.
12-24-2021 @ 11:56:33 - Row :40 - Processing item.
12-24-2021 @ 11:56:33 - Processing users.
12-24-2021 @ 11:56:33 - > &#8220;956&#8221;User imported successfully. ID:956
12-24-2021 @ 11:56:33 - > Finished importing user 956
12-24-2021 @ 11:56:33 - Row :40 - User imported successfully.
12-24-2021 @ 11:56:33 - Preparing for import.
12-24-2021 @ 11:56:33 - Row :41 - Parsing item.
12-24-2021 @ 11:56:33 - Row :41 - Processing item.
12-24-2021 @ 11:56:33 - Processing users.
12-24-2021 @ 11:56:33 - > &#8220;957&#8221;User imported successfully. ID:957
12-24-2021 @ 11:56:33 - > Finished importing user 957
12-24-2021 @ 11:56:33 - Row :41 - User imported successfully.
12-24-2021 @ 11:56:33 - Row :42 - Parsing item.
12-24-2021 @ 11:56:33 - Row :42 - Processing item.
12-24-2021 @ 11:56:33 - Processing users.
12-24-2021 @ 11:56:33 - > &#8220;958&#8221;User imported successfully. ID:958
12-24-2021 @ 11:56:33 - > Finished importing user 958
12-24-2021 @ 11:56:33 - Row :42 - User imported successfully.
12-24-2021 @ 11:56:33 - Row :43 - Parsing item.
12-24-2021 @ 11:56:33 - Row :43 - Processing item.
12-24-2021 @ 11:56:33 - Processing users.
12-24-2021 @ 11:56:33 - > &#8220;959&#8221;User imported successfully. ID:959
12-24-2021 @ 11:56:33 - > Finished importing user 959
12-24-2021 @ 11:56:33 - Row :43 - User imported successfully.
12-24-2021 @ 11:56:33 - Row :44 - Parsing item.
12-24-2021 @ 11:56:33 - Row :44 - Processing item.
12-24-2021 @ 11:56:33 - Processing users.
12-24-2021 @ 11:56:33 - > &#8220;960&#8221;User imported successfully. ID:960
12-24-2021 @ 11:56:33 - > Finished importing user 960
12-24-2021 @ 11:56:33 - Row :44 - User imported successfully.
12-24-2021 @ 11:56:33 - Row :45 - Parsing item.
12-24-2021 @ 11:56:33 - Row :45 - Processing item.
12-24-2021 @ 11:56:33 - Processing users.
12-24-2021 @ 11:56:33 - > &#8220;961&#8221;User imported successfully. ID:961
12-24-2021 @ 11:56:33 - > Finished importing user 961
12-24-2021 @ 11:56:33 - Row :45 - User imported successfully.
12-24-2021 @ 11:56:33 - Row :46 - Parsing item.
12-24-2021 @ 11:56:33 - Row :46 - Processing item.
12-24-2021 @ 11:56:33 - Processing users.
12-24-2021 @ 11:56:34 - > &#8220;962&#8221;User imported successfully. ID:962
12-24-2021 @ 11:56:34 - > Finished importing user 962
12-24-2021 @ 11:56:34 - Row :46 - User imported successfully.
12-24-2021 @ 11:56:34 - Row :47 - Parsing item.
12-24-2021 @ 11:56:34 - Row :47 - Processing item.
12-24-2021 @ 11:56:34 - Processing users.
12-24-2021 @ 11:56:34 - > &#8220;963&#8221;User imported successfully. ID:963
12-24-2021 @ 11:56:34 - > Finished importing user 963
12-24-2021 @ 11:56:34 - Row :47 - User imported successfully.
12-24-2021 @ 11:56:34 - Row :48 - Parsing item.
12-24-2021 @ 11:56:34 - Row :48 - Processing item.
12-24-2021 @ 11:56:34 - Processing users.
12-24-2021 @ 11:56:34 - > &#8220;964&#8221;User imported successfully. ID:964
12-24-2021 @ 11:56:34 - > Finished importing user 964
12-24-2021 @ 11:56:34 - Row :48 - User imported successfully.
12-24-2021 @ 11:56:34 - Row :49 - Parsing item.
12-24-2021 @ 11:56:34 - Row :49 - Processing item.
12-24-2021 @ 11:56:34 - Processing users.
12-24-2021 @ 11:56:34 - > &#8220;965&#8221;User imported successfully. ID:965
12-24-2021 @ 11:56:34 - > Finished importing user 965
12-24-2021 @ 11:56:34 - Row :49 - User imported successfully.
12-24-2021 @ 11:56:34 - Row :50 - Parsing item.
12-24-2021 @ 11:56:34 - Row :50 - Processing item.
12-24-2021 @ 11:56:34 - Processing users.
12-24-2021 @ 11:56:34 - > &#8220;966&#8221;User imported successfully. ID:966
12-24-2021 @ 11:56:34 - > Finished importing user 966
12-24-2021 @ 11:56:34 - Row :50 - User imported successfully.
12-24-2021 @ 11:56:34 - Preparing for import.
12-24-2021 @ 11:56:34 - Row :51 - Parsing item.
12-24-2021 @ 11:56:34 - Row :51 - Processing item.
12-24-2021 @ 11:56:34 - Processing users.
12-24-2021 @ 11:56:34 - > &#8220;967&#8221;User imported successfully. ID:967
12-24-2021 @ 11:56:34 - > Finished importing user 967
12-24-2021 @ 11:56:34 - Row :51 - User imported successfully.
12-24-2021 @ 11:56:34 - Row :52 - Parsing item.
12-24-2021 @ 11:56:34 - Row :52 - Processing item.
12-24-2021 @ 11:56:34 - Processing users.
12-24-2021 @ 11:56:34 - > &#8220;968&#8221;User imported successfully. ID:968
12-24-2021 @ 11:56:34 - > Finished importing user 968
12-24-2021 @ 11:56:34 - Row :52 - User imported successfully.
12-24-2021 @ 11:56:34 - Row :53 - Parsing item.
12-24-2021 @ 11:56:34 - Row :53 - Processing item.
12-24-2021 @ 11:56:34 - Processing users.
12-24-2021 @ 11:56:34 - > &#8220;969&#8221;User imported successfully. ID:969
12-24-2021 @ 11:56:34 - > Finished importing user 969
12-24-2021 @ 11:56:34 - Row :53 - User imported successfully.
12-24-2021 @ 11:56:34 - Row :54 - Parsing item.
12-24-2021 @ 11:56:34 - Row :54 - Processing item.
12-24-2021 @ 11:56:34 - Processing users.
12-24-2021 @ 11:56:34 - > &#8220;970&#8221;User imported successfully. ID:970
12-24-2021 @ 11:56:34 - > Finished importing user 970
12-24-2021 @ 11:56:34 - Row :54 - User imported successfully.
12-24-2021 @ 11:56:34 - Row :55 - Parsing item.
12-24-2021 @ 11:56:34 - Row :55 - Processing item.
12-24-2021 @ 11:56:34 - Processing users.
12-24-2021 @ 11:56:34 - > &#8220;971&#8221;User imported successfully. ID:971
12-24-2021 @ 11:56:34 - > Finished importing user 971
12-24-2021 @ 11:56:34 - Row :55 - User imported successfully.
12-24-2021 @ 11:56:34 - Row :56 - Parsing item.
12-24-2021 @ 11:56:34 - Row :56 - Processing item.
12-24-2021 @ 11:56:34 - Processing users.
12-24-2021 @ 11:56:34 - > &#8220;972&#8221;User imported successfully. ID:972
12-24-2021 @ 11:56:34 - > Finished importing user 972
12-24-2021 @ 11:56:34 - Row :56 - User imported successfully.
12-24-2021 @ 11:56:34 - Row :57 - Parsing item.
12-24-2021 @ 11:56:34 - Row :57 - Processing item.
12-24-2021 @ 11:56:34 - Processing users.
12-24-2021 @ 11:56:34 - > &#8220;973&#8221;User imported successfully. ID:973
12-24-2021 @ 11:56:34 - > Finished importing user 973
12-24-2021 @ 11:56:34 - Row :57 - User imported successfully.
12-24-2021 @ 11:56:34 - Row :58 - Parsing item.
12-24-2021 @ 11:56:34 - Row :58 - Processing item.
12-24-2021 @ 11:56:34 - Processing users.
12-24-2021 @ 11:56:34 - > &#8220;974&#8221;User imported successfully. ID:974
12-24-2021 @ 11:56:34 - > Finished importing user 974
12-24-2021 @ 11:56:34 - Row :58 - User imported successfully.
12-24-2021 @ 11:56:34 - Row :59 - Parsing item.
12-24-2021 @ 11:56:34 - Row :59 - Processing item.
12-24-2021 @ 11:56:34 - Processing users.
12-24-2021 @ 11:56:34 - > &#8220;975&#8221;User imported successfully. ID:975
12-24-2021 @ 11:56:34 - > Finished importing user 975
12-24-2021 @ 11:56:34 - Row :59 - User imported successfully.
12-24-2021 @ 11:56:34 - Row :60 - Parsing item.
12-24-2021 @ 11:56:34 - Row :60 - Processing item.
12-24-2021 @ 11:56:34 - Processing users.
12-24-2021 @ 11:56:34 - > &#8220;976&#8221;User imported successfully. ID:976
12-24-2021 @ 11:56:34 - > Finished importing user 976
12-24-2021 @ 11:56:34 - Row :60 - User imported successfully.
12-24-2021 @ 11:56:34 - Preparing for import.
12-24-2021 @ 11:56:34 - Row :61 - Parsing item.
12-24-2021 @ 11:56:34 - Row :61 - Processing item.
12-24-2021 @ 11:56:34 - Processing users.
12-24-2021 @ 11:56:34 - > &#8220;977&#8221;User imported successfully. ID:977
12-24-2021 @ 11:56:34 - > Finished importing user 977
12-24-2021 @ 11:56:34 - Row :61 - User imported successfully.
12-24-2021 @ 11:56:34 - Row :62 - Parsing item.
12-24-2021 @ 11:56:34 - Row :62 - Processing item.
12-24-2021 @ 11:56:34 - Processing users.
12-24-2021 @ 11:56:34 - > &#8220;978&#8221;User imported successfully. ID:978
12-24-2021 @ 11:56:34 - > Finished importing user 978
12-24-2021 @ 11:56:34 - Row :62 - User imported successfully.
12-24-2021 @ 11:56:34 - Row :63 - Parsing item.
12-24-2021 @ 11:56:34 - Row :63 - Processing item.
12-24-2021 @ 11:56:34 - Processing users.
12-24-2021 @ 11:56:34 - > &#8220;979&#8221;User imported successfully. ID:979
12-24-2021 @ 11:56:34 - > Finished importing user 979
12-24-2021 @ 11:56:34 - Row :63 - User imported successfully.
12-24-2021 @ 11:56:34 - Row :64 - Parsing item.
12-24-2021 @ 11:56:34 - Row :64 - Processing item.
12-24-2021 @ 11:56:34 - Processing users.
12-24-2021 @ 11:56:34 - > &#8220;980&#8221;User imported successfully. ID:980
12-24-2021 @ 11:56:34 - > Finished importing user 980
12-24-2021 @ 11:56:34 - Row :64 - User imported successfully.
12-24-2021 @ 11:56:34 - Row :65 - Parsing item.
12-24-2021 @ 11:56:34 - Row :65 - Processing item.
12-24-2021 @ 11:56:34 - Processing users.
12-24-2021 @ 11:56:34 - > &#8220;981&#8221;User imported successfully. ID:981
12-24-2021 @ 11:56:34 - > Finished importing user 981
12-24-2021 @ 11:56:34 - Row :65 - User imported successfully.
12-24-2021 @ 11:56:34 - Row :66 - Parsing item.
12-24-2021 @ 11:56:34 - Row :66 - Processing item.
12-24-2021 @ 11:56:34 - Processing users.
12-24-2021 @ 11:56:34 - > &#8220;982&#8221;User imported successfully. ID:982
12-24-2021 @ 11:56:34 - > Finished importing user 982
12-24-2021 @ 11:56:34 - Row :66 - User imported successfully.
12-24-2021 @ 11:56:34 - Row :67 - Parsing item.
12-24-2021 @ 11:56:34 - Row :67 - Processing item.
12-24-2021 @ 11:56:34 - Processing users.
12-24-2021 @ 11:56:34 - > &#8220;983&#8221;User imported successfully. ID:983
12-24-2021 @ 11:56:34 - > Finished importing user 983
12-24-2021 @ 11:56:34 - Row :67 - User imported successfully.
12-24-2021 @ 11:56:34 - Row :68 - Parsing item.
12-24-2021 @ 11:56:34 - Row :68 - Processing item.
12-24-2021 @ 11:56:34 - Processing users.
12-24-2021 @ 11:56:34 - > &#8220;984&#8221;User imported successfully. ID:984
12-24-2021 @ 11:56:34 - > Finished importing user 984
12-24-2021 @ 11:56:34 - Row :68 - User imported successfully.
12-24-2021 @ 11:56:34 - Row :69 - Parsing item.
12-24-2021 @ 11:56:34 - Row :69 - Processing item.
12-24-2021 @ 11:56:34 - Processing users.
12-24-2021 @ 11:56:34 - > &#8220;985&#8221;User imported successfully. ID:985
12-24-2021 @ 11:56:34 - > Finished importing user 985
12-24-2021 @ 11:56:34 - Row :69 - User imported successfully.
12-24-2021 @ 11:56:34 - Row :70 - Parsing item.
12-24-2021 @ 11:56:34 - Row :70 - Processing item.
12-24-2021 @ 11:56:34 - Processing users.
12-24-2021 @ 11:56:34 - > &#8220;986&#8221;User imported successfully. ID:986
12-24-2021 @ 11:56:34 - > Finished importing user 986
12-24-2021 @ 11:56:34 - Row :70 - User imported successfully.
12-24-2021 @ 11:56:34 - Preparing for import.
12-24-2021 @ 11:56:34 - Row :71 - Parsing item.
12-24-2021 @ 11:56:34 - Row :71 - Processing item.
12-24-2021 @ 11:56:34 - Processing users.
12-24-2021 @ 11:56:34 - > &#8220;987&#8221;User imported successfully. ID:987
12-24-2021 @ 11:56:34 - > Finished importing user 987
12-24-2021 @ 11:56:34 - Row :71 - User imported successfully.
12-24-2021 @ 11:56:34 - Row :72 - Parsing item.
12-24-2021 @ 11:56:34 - Row :72 - Processing item.
12-24-2021 @ 11:56:34 - Processing users.
12-24-2021 @ 11:56:34 - > &#8220;988&#8221;User imported successfully. ID:988
12-24-2021 @ 11:56:34 - > Finished importing user 988
12-24-2021 @ 11:56:34 - Row :72 - User imported successfully.
12-24-2021 @ 11:56:34 - Row :73 - Parsing item.
12-24-2021 @ 11:56:34 - Row :73 - Processing item.
12-24-2021 @ 11:56:34 - Processing users.
12-24-2021 @ 11:56:35 - > &#8220;989&#8221;User imported successfully. ID:989
12-24-2021 @ 11:56:35 - > Finished importing user 989
12-24-2021 @ 11:56:35 - Row :73 - User imported successfully.
12-24-2021 @ 11:56:35 - Row :74 - Parsing item.
12-24-2021 @ 11:56:35 - Row :74 - Processing item.
12-24-2021 @ 11:56:35 - Processing users.
12-24-2021 @ 11:56:35 - > &#8220;990&#8221;User imported successfully. ID:990
12-24-2021 @ 11:56:35 - > Finished importing user 990
12-24-2021 @ 11:56:35 - Row :74 - User imported successfully.
12-24-2021 @ 11:56:35 - Row :75 - Parsing item.
12-24-2021 @ 11:56:35 - Row :75 - Processing item.
12-24-2021 @ 11:56:35 - Processing users.
12-24-2021 @ 11:56:35 - > &#8220;991&#8221;User imported successfully. ID:991
12-24-2021 @ 11:56:35 - > Finished importing user 991
12-24-2021 @ 11:56:35 - Row :75 - User imported successfully.
12-24-2021 @ 11:56:35 - Row :76 - Parsing item.
12-24-2021 @ 11:56:35 - Row :76 - Processing item.
12-24-2021 @ 11:56:35 - Processing users.
12-24-2021 @ 11:56:35 - > &#8220;992&#8221;User imported successfully. ID:992
12-24-2021 @ 11:56:35 - > Finished importing user 992
12-24-2021 @ 11:56:35 - Row :76 - User imported successfully.
12-24-2021 @ 11:56:35 - Row :77 - Parsing item.
12-24-2021 @ 11:56:35 - Row :77 - Processing item.
12-24-2021 @ 11:56:35 - Processing users.
12-24-2021 @ 11:56:35 - > &#8220;993&#8221;User imported successfully. ID:993
12-24-2021 @ 11:56:35 - > Finished importing user 993
12-24-2021 @ 11:56:35 - Row :77 - User imported successfully.
12-24-2021 @ 11:56:35 - Row :78 - Parsing item.
12-24-2021 @ 11:56:35 - Row :78 - Processing item.
12-24-2021 @ 11:56:35 - Processing users.
12-24-2021 @ 11:56:35 - > &#8220;994&#8221;User imported successfully. ID:994
12-24-2021 @ 11:56:35 - > Finished importing user 994
12-24-2021 @ 11:56:35 - Row :78 - User imported successfully.
12-24-2021 @ 11:56:35 - Row :79 - Parsing item.
12-24-2021 @ 11:56:35 - Row :79 - Processing item.
12-24-2021 @ 11:56:35 - Processing users.
12-24-2021 @ 11:56:35 - > &#8220;995&#8221;User imported successfully. ID:995
12-24-2021 @ 11:56:35 - > Finished importing user 995
12-24-2021 @ 11:56:35 - Row :79 - User imported successfully.
12-24-2021 @ 11:56:35 - Row :80 - Parsing item.
12-24-2021 @ 11:56:35 - Row :80 - Processing item.
12-24-2021 @ 11:56:35 - Processing users.
12-24-2021 @ 11:56:35 - > &#8220;996&#8221;User imported successfully. ID:996
12-24-2021 @ 11:56:35 - > Finished importing user 996
12-24-2021 @ 11:56:35 - Row :80 - User imported successfully.
12-24-2021 @ 11:56:35 - Preparing for import.
12-24-2021 @ 11:56:35 - Row :81 - Parsing item.
12-24-2021 @ 11:56:35 - Row :81 - Processing item.
12-24-2021 @ 11:56:35 - Processing users.
12-24-2021 @ 11:56:35 - > &#8220;997&#8221;User imported successfully. ID:997
12-24-2021 @ 11:56:35 - > Finished importing user 997
12-24-2021 @ 11:56:35 - Row :81 - User imported successfully.
12-24-2021 @ 11:56:35 - Row :82 - Parsing item.
12-24-2021 @ 11:56:35 - Row :82 - Processing item.
12-24-2021 @ 11:56:35 - Processing users.
12-24-2021 @ 11:56:35 - > &#8220;998&#8221;User imported successfully. ID:998
12-24-2021 @ 11:56:35 - > Finished importing user 998
12-24-2021 @ 11:56:35 - Row :82 - User imported successfully.
12-24-2021 @ 11:56:35 - Row :83 - Parsing item.
12-24-2021 @ 11:56:35 - Row :83 - Processing item.
12-24-2021 @ 11:56:35 - Processing users.
12-24-2021 @ 11:56:35 - > &#8220;999&#8221;User imported successfully. ID:999
12-24-2021 @ 11:56:35 - > Finished importing user 999
12-24-2021 @ 11:56:35 - Row :83 - User imported successfully.
12-24-2021 @ 11:56:35 - Row :84 - Parsing item.
12-24-2021 @ 11:56:35 - Row :84 - Processing item.
12-24-2021 @ 11:56:35 - Processing users.
12-24-2021 @ 11:56:35 - > &#8220;1000&#8221;User imported successfully. ID:1000
12-24-2021 @ 11:56:35 - > Finished importing user 1000
12-24-2021 @ 11:56:35 - Row :84 - User imported successfully.
12-24-2021 @ 11:56:35 - Row :85 - Parsing item.
12-24-2021 @ 11:56:35 - Row :85 - Processing item.
12-24-2021 @ 11:56:35 - Processing users.
12-24-2021 @ 11:56:35 - > &#8220;1001&#8221;User imported successfully. ID:1001
12-24-2021 @ 11:56:35 - > Finished importing user 1001
12-24-2021 @ 11:56:35 - Row :85 - User imported successfully.
12-24-2021 @ 11:56:35 - Row :86 - Parsing item.
12-24-2021 @ 11:56:35 - Row :86 - Processing item.
12-24-2021 @ 11:56:35 - Processing users.
12-24-2021 @ 11:56:35 - > &#8220;1002&#8221;User imported successfully. ID:1002
12-24-2021 @ 11:56:35 - > Finished importing user 1002
12-24-2021 @ 11:56:35 - Row :86 - User imported successfully.
12-24-2021 @ 11:56:35 - Row :87 - Parsing item.
12-24-2021 @ 11:56:35 - Row :87 - Processing item.
12-24-2021 @ 11:56:35 - Processing users.
12-24-2021 @ 11:56:35 - > &#8220;1003&#8221;User imported successfully. ID:1003
12-24-2021 @ 11:56:35 - > Finished importing user 1003
12-24-2021 @ 11:56:35 - Row :87 - User imported successfully.
12-24-2021 @ 11:56:35 - Row :88 - Parsing item.
12-24-2021 @ 11:56:35 - Row :88 - Processing item.
12-24-2021 @ 11:56:35 - Processing users.
12-24-2021 @ 11:56:35 - > &#8220;1004&#8221;User imported successfully. ID:1004
12-24-2021 @ 11:56:35 - > Finished importing user 1004
12-24-2021 @ 11:56:35 - Row :88 - User imported successfully.
12-24-2021 @ 11:56:35 - Row :89 - Parsing item.
12-24-2021 @ 11:56:35 - Row :89 - Processing item.
12-24-2021 @ 11:56:35 - Processing users.
12-24-2021 @ 11:56:35 - > &#8220;1005&#8221;User imported successfully. ID:1005
12-24-2021 @ 11:56:35 - > Finished importing user 1005
12-24-2021 @ 11:56:35 - Row :89 - User imported successfully.
12-24-2021 @ 11:56:35 - Row :90 - Parsing item.
12-24-2021 @ 11:56:35 - Row :90 - Processing item.
12-24-2021 @ 11:56:35 - Processing users.
12-24-2021 @ 11:56:35 - > &#8220;1006&#8221;User imported successfully. ID:1006
12-24-2021 @ 11:56:35 - > Finished importing user 1006
12-24-2021 @ 11:56:35 - Row :90 - User imported successfully.
12-24-2021 @ 11:56:35 - Preparing for import.
12-24-2021 @ 11:56:35 - Row :91 - Parsing item.
12-24-2021 @ 11:56:35 - Row :91 - Processing item.
12-24-2021 @ 11:56:35 - Processing users.
12-24-2021 @ 11:56:35 - > &#8220;1007&#8221;User imported successfully. ID:1007
12-24-2021 @ 11:56:35 - > Finished importing user 1007
12-24-2021 @ 11:56:35 - Row :91 - User imported successfully.
12-24-2021 @ 11:56:35 - Row :92 - Parsing item.
12-24-2021 @ 11:56:35 - Row :92 - Processing item.
12-24-2021 @ 11:56:35 - Processing users.
12-24-2021 @ 11:56:35 - > &#8220;1008&#8221;User imported successfully. ID:1008
12-24-2021 @ 11:56:35 - > Finished importing user 1008
12-24-2021 @ 11:56:35 - Row :92 - User imported successfully.
12-24-2021 @ 11:56:35 - Row :93 - Parsing item.
12-24-2021 @ 11:56:35 - Row :93 - Processing item.
12-24-2021 @ 11:56:35 - Processing users.
12-24-2021 @ 11:56:35 - > &#8220;1009&#8221;User imported successfully. ID:1009
12-24-2021 @ 11:56:35 - > Finished importing user 1009
12-24-2021 @ 11:56:35 - Row :93 - User imported successfully.
12-24-2021 @ 11:56:35 - Row :94 - Parsing item.
12-24-2021 @ 11:56:35 - Row :94 - Processing item.
12-24-2021 @ 11:56:35 - Processing users.
12-24-2021 @ 11:56:35 - > &#8220;1010&#8221;User imported successfully. ID:1010
12-24-2021 @ 11:56:35 - > Finished importing user 1010
12-24-2021 @ 11:56:35 - Row :94 - User imported successfully.
12-24-2021 @ 11:56:35 - Row :95 - Parsing item.
12-24-2021 @ 11:56:35 - Row :95 - Processing item.
12-24-2021 @ 11:56:35 - Processing users.
12-24-2021 @ 11:56:35 - > &#8220;1011&#8221;User imported successfully. ID:1011
12-24-2021 @ 11:56:35 - > Finished importing user 1011
12-24-2021 @ 11:56:35 - Row :95 - User imported successfully.
12-24-2021 @ 11:56:35 - Row :96 - Parsing item.
12-24-2021 @ 11:56:35 - Row :96 - Processing item.
12-24-2021 @ 11:56:35 - Processing users.
12-24-2021 @ 11:56:35 - > &#8220;1012&#8221;User imported successfully. ID:1012
12-24-2021 @ 11:56:35 - > Finished importing user 1012
12-24-2021 @ 11:56:35 - Row :96 - User imported successfully.
12-24-2021 @ 11:56:35 - Row :97 - Parsing item.
12-24-2021 @ 11:56:35 - Row :97 - Processing item.
12-24-2021 @ 11:56:35 - Processing users.
12-24-2021 @ 11:56:35 - > &#8220;1013&#8221;User imported successfully. ID:1013
12-24-2021 @ 11:56:35 - > Finished importing user 1013
12-24-2021 @ 11:56:35 - Row :97 - User imported successfully.
12-24-2021 @ 11:56:35 - Row :98 - Parsing item.
12-24-2021 @ 11:56:35 - Row :98 - Processing item.
12-24-2021 @ 11:56:35 - Processing users.
12-24-2021 @ 11:56:35 - > &#8220;1014&#8221;User imported successfully. ID:1014
12-24-2021 @ 11:56:35 - > Finished importing user 1014
12-24-2021 @ 11:56:35 - Row :98 - User imported successfully.
12-24-2021 @ 11:56:35 - Row :99 - Parsing item.
12-24-2021 @ 11:56:35 - Row :99 - Processing item.
12-24-2021 @ 11:56:35 - Processing users.
12-24-2021 @ 11:56:35 - > &#8220;1015&#8221;User imported successfully. ID:1015
12-24-2021 @ 11:56:35 - > Finished importing user 1015
12-24-2021 @ 11:56:35 - Row :99 - User imported successfully.
12-24-2021 @ 11:56:35 - Row :100 - Parsing item.
12-24-2021 @ 11:56:35 - Row :100 - Processing item.
12-24-2021 @ 11:56:35 - Processing users.
12-24-2021 @ 11:56:35 - > &#8220;1016&#8221;User imported successfully. ID:1016
12-24-2021 @ 11:56:35 - > Finished importing user 1016
12-24-2021 @ 11:56:35 - Row :100 - User imported successfully.
12-24-2021 @ 11:56:36 - Preparing for import.
12-24-2021 @ 11:56:36 - Row :101 - Parsing item.
12-24-2021 @ 11:56:36 - Row :101 - Processing item.
12-24-2021 @ 11:56:36 - Processing users.
12-24-2021 @ 11:56:36 - > &#8220;1017&#8221;User imported successfully. ID:1017
12-24-2021 @ 11:56:36 - > Finished importing user 1017
12-24-2021 @ 11:56:36 - Row :101 - User imported successfully.
12-24-2021 @ 11:56:36 - Row :102 - Parsing item.
12-24-2021 @ 11:56:36 - Row :102 - Processing item.
12-24-2021 @ 11:56:36 - Processing users.
12-24-2021 @ 11:56:36 - > &#8220;1018&#8221;User imported successfully. ID:1018
12-24-2021 @ 11:56:36 - > Finished importing user 1018
12-24-2021 @ 11:56:36 - Row :102 - User imported successfully.
12-24-2021 @ 11:56:36 - Row :103 - Parsing item.
12-24-2021 @ 11:56:36 - Row :103 - Processing item.
12-24-2021 @ 11:56:36 - Processing users.
12-24-2021 @ 11:56:36 - > &#8220;1019&#8221;User imported successfully. ID:1019
12-24-2021 @ 11:56:36 - > Finished importing user 1019
12-24-2021 @ 11:56:36 - Row :103 - User imported successfully.
12-24-2021 @ 11:56:36 - Row :104 - Parsing item.
12-24-2021 @ 11:56:36 - Row :104 - Processing item.
12-24-2021 @ 11:56:36 - Processing users.
12-24-2021 @ 11:56:36 - > &#8220;1020&#8221;User imported successfully. ID:1020
12-24-2021 @ 11:56:36 - > Finished importing user 1020
12-24-2021 @ 11:56:36 - Row :104 - User imported successfully.
12-24-2021 @ 11:56:36 - Row :105 - Parsing item.
12-24-2021 @ 11:56:36 - Row :105 - Processing item.
12-24-2021 @ 11:56:36 - Processing users.
12-24-2021 @ 11:56:36 - > &#8220;1021&#8221;User imported successfully. ID:1021
12-24-2021 @ 11:56:36 - > Finished importing user 1021
12-24-2021 @ 11:56:36 - Row :105 - User imported successfully.
12-24-2021 @ 11:56:36 - Row :106 - Parsing item.
12-24-2021 @ 11:56:36 - Row :106 - Processing item.
12-24-2021 @ 11:56:36 - Processing users.
12-24-2021 @ 11:56:36 - > &#8220;1022&#8221;User imported successfully. ID:1022
12-24-2021 @ 11:56:36 - > Finished importing user 1022
12-24-2021 @ 11:56:36 - Row :106 - User imported successfully.
12-24-2021 @ 11:56:36 - Row :107 - Parsing item.
12-24-2021 @ 11:56:36 - Row :107 - Processing item.
12-24-2021 @ 11:56:36 - Processing users.
12-24-2021 @ 11:56:36 - > &#8220;1023&#8221;User imported successfully. ID:1023
12-24-2021 @ 11:56:36 - > Finished importing user 1023
12-24-2021 @ 11:56:36 - Row :107 - User imported successfully.
12-24-2021 @ 11:56:36 - Row :108 - Parsing item.
12-24-2021 @ 11:56:36 - Row :108 - Processing item.
12-24-2021 @ 11:56:36 - Processing users.
12-24-2021 @ 11:56:36 - > &#8220;1024&#8221;User imported successfully. ID:1024
12-24-2021 @ 11:56:36 - > Finished importing user 1024
12-24-2021 @ 11:56:36 - Row :108 - User imported successfully.
12-24-2021 @ 11:56:36 - Row :109 - Parsing item.
12-24-2021 @ 11:56:36 - Row :109 - Processing item.
12-24-2021 @ 11:56:36 - Processing users.
12-24-2021 @ 11:56:36 - > &#8220;1025&#8221;User imported successfully. ID:1025
12-24-2021 @ 11:56:36 - > Finished importing user 1025
12-24-2021 @ 11:56:36 - Row :109 - User imported successfully.
12-24-2021 @ 11:56:36 - Row :110 - Parsing item.
12-24-2021 @ 11:56:36 - Row :110 - Processing item.
12-24-2021 @ 11:56:36 - Processing users.
12-24-2021 @ 11:56:36 - > &#8220;1026&#8221;User imported successfully. ID:1026
12-24-2021 @ 11:56:36 - > Finished importing user 1026
12-24-2021 @ 11:56:36 - Row :110 - User imported successfully.
12-24-2021 @ 11:56:36 - Preparing for import.
12-24-2021 @ 11:56:36 - Row :111 - Parsing item.
12-24-2021 @ 11:56:36 - Row :111 - Processing item.
12-24-2021 @ 11:56:36 - Processing users.
12-24-2021 @ 11:56:36 - > &#8220;1027&#8221;User imported successfully. ID:1027
12-24-2021 @ 11:56:36 - > Finished importing user 1027
12-24-2021 @ 11:56:36 - Row :111 - User imported successfully.
12-24-2021 @ 11:56:36 - Row :112 - Parsing item.
12-24-2021 @ 11:56:36 - Row :112 - Parsing failed. Reason: User with same Email already exists. Email: tsurumi@clane.co.jp
12-24-2021 @ 11:56:36 - Row :113 - Parsing item.
12-24-2021 @ 11:56:36 - Row :113 - Processing item.
12-24-2021 @ 11:56:36 - Processing users.
12-24-2021 @ 11:56:36 - > &#8220;1028&#8221;User imported successfully. ID:1028
12-24-2021 @ 11:56:36 - > Finished importing user 1028
12-24-2021 @ 11:56:36 - Row :113 - User imported successfully.
12-24-2021 @ 11:56:36 - Row :114 - Parsing item.
12-24-2021 @ 11:56:36 - Row :114 - Processing item.
12-24-2021 @ 11:56:36 - Processing users.
12-24-2021 @ 11:56:36 - > &#8220;1029&#8221;User imported successfully. ID:1029
12-24-2021 @ 11:56:36 - > Finished importing user 1029
12-24-2021 @ 11:56:36 - Row :114 - User imported successfully.
12-24-2021 @ 11:56:36 - Row :115 - Parsing item.
12-24-2021 @ 11:56:36 - Row :115 - Processing item.
12-24-2021 @ 11:56:36 - Processing users.
12-24-2021 @ 11:56:36 - > &#8220;1030&#8221;User imported successfully. ID:1030
12-24-2021 @ 11:56:36 - > Finished importing user 1030
12-24-2021 @ 11:56:36 - Row :115 - User imported successfully.
12-24-2021 @ 11:56:36 - Row :116 - Parsing item.
12-24-2021 @ 11:56:36 - Row :116 - Processing item.
12-24-2021 @ 11:56:36 - Processing users.
12-24-2021 @ 11:56:36 - > &#8220;1031&#8221;User imported successfully. ID:1031
12-24-2021 @ 11:56:36 - > Finished importing user 1031
12-24-2021 @ 11:56:36 - Row :116 - User imported successfully.
12-24-2021 @ 11:56:36 - Row :117 - Parsing item.
12-24-2021 @ 11:56:36 - Row :117 - Processing item.
12-24-2021 @ 11:56:36 - Processing users.
12-24-2021 @ 11:56:36 - > &#8220;1032&#8221;User imported successfully. ID:1032
12-24-2021 @ 11:56:36 - > Finished importing user 1032
12-24-2021 @ 11:56:36 - Row :117 - User imported successfully.
12-24-2021 @ 11:56:36 - Row :118 - Parsing item.
12-24-2021 @ 11:56:36 - Row :118 - Processing item.
12-24-2021 @ 11:56:36 - Processing users.
12-24-2021 @ 11:56:36 - > &#8220;1033&#8221;User imported successfully. ID:1033
12-24-2021 @ 11:56:36 - > Finished importing user 1033
12-24-2021 @ 11:56:36 - Row :118 - User imported successfully.
12-24-2021 @ 11:56:36 - Row :119 - Parsing item.
12-24-2021 @ 11:56:36 - Row :119 - Processing item.
12-24-2021 @ 11:56:36 - Processing users.
12-24-2021 @ 11:56:36 - > &#8220;1034&#8221;User imported successfully. ID:1034
12-24-2021 @ 11:56:36 - > Finished importing user 1034
12-24-2021 @ 11:56:36 - Row :119 - User imported successfully.
12-24-2021 @ 11:56:36 - Row :120 - Parsing item.
12-24-2021 @ 11:56:36 - Row :120 - Processing item.
12-24-2021 @ 11:56:36 - Processing users.
12-24-2021 @ 11:56:36 - > &#8220;1035&#8221;User imported successfully. ID:1035
12-24-2021 @ 11:56:36 - > Finished importing user 1035
12-24-2021 @ 11:56:36 - Row :120 - User imported successfully.
12-24-2021 @ 11:56:36 - Preparing for import.
12-24-2021 @ 11:56:36 - Row :121 - Parsing item.
12-24-2021 @ 11:56:36 - Row :121 - Processing item.
12-24-2021 @ 11:56:36 - Processing users.
12-24-2021 @ 11:56:36 - > &#8220;1036&#8221;User imported successfully. ID:1036
12-24-2021 @ 11:56:36 - > Finished importing user 1036
12-24-2021 @ 11:56:36 - Row :121 - User imported successfully.
12-24-2021 @ 11:56:36 - Row :122 - Parsing item.
12-24-2021 @ 11:56:36 - Row :122 - Processing item.
12-24-2021 @ 11:56:36 - Processing users.
12-24-2021 @ 11:56:36 - > &#8220;1037&#8221;User imported successfully. ID:1037
12-24-2021 @ 11:56:36 - > Finished importing user 1037
12-24-2021 @ 11:56:36 - Row :122 - User imported successfully.
12-24-2021 @ 11:56:36 - Row :123 - Parsing item.
12-24-2021 @ 11:56:36 - Row :123 - Processing item.
12-24-2021 @ 11:56:36 - Processing users.
12-24-2021 @ 11:56:36 - > &#8220;1038&#8221;User imported successfully. ID:1038
12-24-2021 @ 11:56:36 - > Finished importing user 1038
12-24-2021 @ 11:56:36 - Row :123 - User imported successfully.
12-24-2021 @ 11:56:36 - Row :124 - Parsing item.
12-24-2021 @ 11:56:36 - Row :124 - Processing item.
12-24-2021 @ 11:56:36 - Processing users.
12-24-2021 @ 11:56:36 - > &#8220;1039&#8221;User imported successfully. ID:1039
12-24-2021 @ 11:56:36 - > Finished importing user 1039
12-24-2021 @ 11:56:36 - Row :124 - User imported successfully.
12-24-2021 @ 11:56:36 - Row :125 - Parsing item.
12-24-2021 @ 11:56:36 - Row :125 - Processing item.
12-24-2021 @ 11:56:36 - Processing users.
12-24-2021 @ 11:56:36 - > &#8220;1040&#8221;User imported successfully. ID:1040
12-24-2021 @ 11:56:36 - > Finished importing user 1040
12-24-2021 @ 11:56:36 - Row :125 - User imported successfully.
12-24-2021 @ 11:56:36 - Row :126 - Parsing item.
12-24-2021 @ 11:56:36 - Row :126 - Processing item.
12-24-2021 @ 11:56:36 - Processing users.
12-24-2021 @ 11:56:36 - > &#8220;1041&#8221;User imported successfully. ID:1041
12-24-2021 @ 11:56:36 - > Finished importing user 1041
12-24-2021 @ 11:56:36 - Row :126 - User imported successfully.
12-24-2021 @ 11:56:36 - Row :127 - Parsing item.
12-24-2021 @ 11:56:36 - Row :127 - Processing item.
12-24-2021 @ 11:56:36 - Processing users.
12-24-2021 @ 11:56:36 - > &#8220;1042&#8221;User imported successfully. ID:1042
12-24-2021 @ 11:56:36 - > Finished importing user 1042
12-24-2021 @ 11:56:36 - Row :127 - User imported successfully.
12-24-2021 @ 11:56:36 - Row :128 - Parsing item.
12-24-2021 @ 11:56:36 - Row :128 - Processing item.
12-24-2021 @ 11:56:36 - Processing users.
12-24-2021 @ 11:56:36 - > &#8220;1043&#8221;User imported successfully. ID:1043
12-24-2021 @ 11:56:36 - > Finished importing user 1043
12-24-2021 @ 11:56:36 - Row :128 - User imported successfully.
12-24-2021 @ 11:56:36 - Row :129 - Parsing item.
12-24-2021 @ 11:56:36 - Row :129 - Processing item.
12-24-2021 @ 11:56:36 - Processing users.
12-24-2021 @ 11:56:36 - > &#8220;1044&#8221;User imported successfully. ID:1044
12-24-2021 @ 11:56:36 - > Finished importing user 1044
12-24-2021 @ 11:56:36 - Row :129 - User imported successfully.
12-24-2021 @ 11:56:36 - Row :130 - Parsing item.
12-24-2021 @ 11:56:36 - Row :130 - Processing item.
12-24-2021 @ 11:56:36 - Processing users.
12-24-2021 @ 11:56:36 - > &#8220;1045&#8221;User imported successfully. ID:1045
12-24-2021 @ 11:56:36 - > Finished importing user 1045
12-24-2021 @ 11:56:36 - Row :130 - User imported successfully.
12-24-2021 @ 11:56:37 - Preparing for import.
12-24-2021 @ 11:56:37 - Row :131 - Parsing item.
12-24-2021 @ 11:56:37 - Row :131 - Processing item.
12-24-2021 @ 11:56:37 - Processing users.
12-24-2021 @ 11:56:37 - > &#8220;1046&#8221;User imported successfully. ID:1046
12-24-2021 @ 11:56:37 - > Finished importing user 1046
12-24-2021 @ 11:56:37 - Row :131 - User imported successfully.
12-24-2021 @ 11:56:37 - Row :132 - Parsing item.
12-24-2021 @ 11:56:37 - Row :132 - Processing item.
12-24-2021 @ 11:56:37 - Processing users.
12-24-2021 @ 11:56:37 - > &#8220;1047&#8221;User imported successfully. ID:1047
12-24-2021 @ 11:56:37 - > Finished importing user 1047
12-24-2021 @ 11:56:37 - Row :132 - User imported successfully.
12-24-2021 @ 11:56:37 - Row :133 - Parsing item.
12-24-2021 @ 11:56:37 - Row :133 - Processing item.
12-24-2021 @ 11:56:37 - Processing users.
12-24-2021 @ 11:56:37 - > &#8220;1048&#8221;User imported successfully. ID:1048
12-24-2021 @ 11:56:37 - > Finished importing user 1048
12-24-2021 @ 11:56:37 - Row :133 - User imported successfully.
12-24-2021 @ 11:56:37 - Row :134 - Parsing item.
12-24-2021 @ 11:56:37 - Row :134 - Processing item.
12-24-2021 @ 11:56:37 - Processing users.
12-24-2021 @ 11:56:37 - > &#8220;1049&#8221;User imported successfully. ID:1049
12-24-2021 @ 11:56:37 - > Finished importing user 1049
12-24-2021 @ 11:56:37 - Row :134 - User imported successfully.
12-24-2021 @ 11:56:37 - Row :135 - Parsing item.
12-24-2021 @ 11:56:37 - Row :135 - Processing item.
12-24-2021 @ 11:56:37 - Processing users.
12-24-2021 @ 11:56:37 - > &#8220;1050&#8221;User imported successfully. ID:1050
12-24-2021 @ 11:56:37 - > Finished importing user 1050
12-24-2021 @ 11:56:37 - Row :135 - User imported successfully.
12-24-2021 @ 11:56:37 - Row :136 - Parsing item.
12-24-2021 @ 11:56:37 - Row :136 - Processing item.
12-24-2021 @ 11:56:37 - Processing users.
12-24-2021 @ 11:56:37 - > &#8220;1051&#8221;User imported successfully. ID:1051
12-24-2021 @ 11:56:37 - > Finished importing user 1051
12-24-2021 @ 11:56:37 - Row :136 - User imported successfully.
12-24-2021 @ 11:56:37 - Row :137 - Parsing item.
12-24-2021 @ 11:56:37 - Row :137 - Processing item.
12-24-2021 @ 11:56:37 - Processing users.
12-24-2021 @ 11:56:37 - > &#8220;1052&#8221;User imported successfully. ID:1052
12-24-2021 @ 11:56:37 - > Finished importing user 1052
12-24-2021 @ 11:56:37 - Row :137 - User imported successfully.
12-24-2021 @ 11:56:37 - Row :138 - Parsing item.
12-24-2021 @ 11:56:37 - Row :138 - Parsing failed. Reason: User with same Email already exists. Email: info@clane.co.jp
12-24-2021 @ 11:56:37 - Row :139 - Parsing item.
12-24-2021 @ 11:56:37 - Row :139 - Processing item.
12-24-2021 @ 11:56:37 - Processing users.
12-24-2021 @ 11:56:37 - > &#8220;1053&#8221;User imported successfully. ID:1053
12-24-2021 @ 11:56:37 - > Finished importing user 1053
12-24-2021 @ 11:56:37 - Row :139 - User imported successfully.
12-24-2021 @ 11:56:37 - Row :140 - Parsing item.
12-24-2021 @ 11:56:37 - Row :140 - Processing item.
12-24-2021 @ 11:56:37 - Processing users.
12-24-2021 @ 11:56:37 - > &#8220;1054&#8221;User imported successfully. ID:1054
12-24-2021 @ 11:56:37 - > Finished importing user 1054
12-24-2021 @ 11:56:37 - Row :140 - User imported successfully.
12-24-2021 @ 11:56:37 - Preparing for import.
12-24-2021 @ 11:56:37 - Row :141 - Parsing item.
12-24-2021 @ 11:56:37 - Row :141 - Processing item.
12-24-2021 @ 11:56:37 - Processing users.
12-24-2021 @ 11:56:37 - > &#8220;1055&#8221;User imported successfully. ID:1055
12-24-2021 @ 11:56:37 - > Finished importing user 1055
12-24-2021 @ 11:56:37 - Row :141 - User imported successfully.
12-24-2021 @ 11:56:37 - ---[ Import ended at 2021-12-24 11:56:37]---
