12-24-2021 @ 12:13:53 - ---[ New import started at 2021-12-24 12:13:53 ] PHP Memory: 1 GB, WP Memory: 40 MB
12-24-2021 @ 12:13:53 - Preparing for import.
12-24-2021 @ 12:13:53 - Row :1 - Parsing item.
12-24-2021 @ 12:13:53 - Row :1 - Processing item.
12-24-2021 @ 12:13:53 - Processing users.
12-24-2021 @ 12:13:53 - > &#8220;1056&#8221;User imported successfully. ID:1056
12-24-2021 @ 12:13:53 - > Finished importing user 1056
12-24-2021 @ 12:13:53 - Row :1 - User imported successfully.
12-24-2021 @ 12:13:53 - Row :2 - Parsing item.
12-24-2021 @ 12:13:53 - Row :2 - Processing item.
12-24-2021 @ 12:13:53 - Processing users.
12-24-2021 @ 12:13:53 - > &#8220;1057&#8221;User imported successfully. ID:1057
12-24-2021 @ 12:13:53 - > Finished importing user 1057
12-24-2021 @ 12:13:53 - Row :2 - User imported successfully.
12-24-2021 @ 12:13:53 - Row :3 - Parsing item.
12-24-2021 @ 12:13:53 - Row :3 - Processing item.
12-24-2021 @ 12:13:53 - Processing users.
12-24-2021 @ 12:13:53 - > &#8220;1058&#8221;User imported successfully. ID:1058
12-24-2021 @ 12:13:53 - > Finished importing user 1058
12-24-2021 @ 12:13:53 - Row :3 - User imported successfully.
12-24-2021 @ 12:13:53 - Row :4 - Parsing item.
12-24-2021 @ 12:13:53 - Row :4 - Processing item.
12-24-2021 @ 12:13:53 - Processing users.
12-24-2021 @ 12:13:53 - > &#8220;1059&#8221;User imported successfully. ID:1059
12-24-2021 @ 12:13:53 - > Finished importing user 1059
12-24-2021 @ 12:13:53 - Row :4 - User imported successfully.
12-24-2021 @ 12:13:53 - Row :5 - Parsing item.
12-24-2021 @ 12:13:53 - Row :5 - Processing item.
12-24-2021 @ 12:13:53 - Processing users.
12-24-2021 @ 12:13:53 - > &#8220;1060&#8221;User imported successfully. ID:1060
12-24-2021 @ 12:13:53 - > Finished importing user 1060
12-24-2021 @ 12:13:53 - Row :5 - User imported successfully.
12-24-2021 @ 12:13:53 - Row :6 - Parsing item.
12-24-2021 @ 12:13:53 - Row :6 - Processing item.
12-24-2021 @ 12:13:53 - Processing users.
12-24-2021 @ 12:13:53 - > &#8220;1061&#8221;User imported successfully. ID:1061
12-24-2021 @ 12:13:53 - > Finished importing user 1061
12-24-2021 @ 12:13:53 - Row :6 - User imported successfully.
12-24-2021 @ 12:13:53 - Row :7 - Parsing item.
12-24-2021 @ 12:13:53 - > skipped: cannot insert user without email.
12-24-2021 @ 12:13:53 - Row :7 - Parsing failed. Reason: > skipped: cannot insert user without email.
12-24-2021 @ 12:13:53 - Row :8 - Parsing item.
12-24-2021 @ 12:13:53 - Row :8 - Processing item.
12-24-2021 @ 12:13:53 - Processing users.
12-24-2021 @ 12:13:53 - > &#8220;1062&#8221;User imported successfully. ID:1062
12-24-2021 @ 12:13:53 - > Finished importing user 1062
12-24-2021 @ 12:13:53 - Row :8 - User imported successfully.
12-24-2021 @ 12:13:53 - Row :9 - Parsing item.
12-24-2021 @ 12:13:53 - Row :9 - Processing item.
12-24-2021 @ 12:13:53 - Processing users.
12-24-2021 @ 12:13:53 - > &#8220;1063&#8221;User imported successfully. ID:1063
12-24-2021 @ 12:13:53 - > Finished importing user 1063
12-24-2021 @ 12:13:53 - Row :9 - User imported successfully.
12-24-2021 @ 12:13:53 - Row :10 - Parsing item.
12-24-2021 @ 12:13:53 - Row :10 - Processing item.
12-24-2021 @ 12:13:53 - Processing users.
12-24-2021 @ 12:13:53 - > &#8220;1064&#8221;User imported successfully. ID:1064
12-24-2021 @ 12:13:53 - > Finished importing user 1064
12-24-2021 @ 12:13:53 - Row :10 - User imported successfully.
12-24-2021 @ 12:13:53 - Preparing for import.
12-24-2021 @ 12:13:53 - Row :11 - Parsing item.
12-24-2021 @ 12:13:53 - Row :11 - Processing item.
12-24-2021 @ 12:13:53 - Processing users.
12-24-2021 @ 12:13:53 - > &#8220;1065&#8221;User imported successfully. ID:1065
12-24-2021 @ 12:13:53 - > Finished importing user 1065
12-24-2021 @ 12:13:53 - Row :11 - User imported successfully.
12-24-2021 @ 12:13:53 - Row :12 - Parsing item.
12-24-2021 @ 12:13:53 - Row :12 - Processing item.
12-24-2021 @ 12:13:53 - Processing users.
12-24-2021 @ 12:13:53 - > &#8220;1066&#8221;User imported successfully. ID:1066
12-24-2021 @ 12:13:53 - > Finished importing user 1066
12-24-2021 @ 12:13:53 - Row :12 - User imported successfully.
12-24-2021 @ 12:13:53 - Row :13 - Parsing item.
12-24-2021 @ 12:13:53 - Row :13 - Processing item.
12-24-2021 @ 12:13:53 - Processing users.
12-24-2021 @ 12:13:53 - > &#8220;1067&#8221;User imported successfully. ID:1067
12-24-2021 @ 12:13:53 - > Finished importing user 1067
12-24-2021 @ 12:13:53 - Row :13 - User imported successfully.
12-24-2021 @ 12:13:53 - Row :14 - Parsing item.
12-24-2021 @ 12:13:53 - Row :14 - Processing item.
12-24-2021 @ 12:13:53 - Processing users.
12-24-2021 @ 12:13:53 - > &#8220;1068&#8221;User imported successfully. ID:1068
12-24-2021 @ 12:13:53 - > Finished importing user 1068
12-24-2021 @ 12:13:53 - Row :14 - User imported successfully.
12-24-2021 @ 12:13:53 - Row :15 - Parsing item.
12-24-2021 @ 12:13:53 - Row :15 - Processing item.
12-24-2021 @ 12:13:53 - Processing users.
12-24-2021 @ 12:13:53 - > &#8220;1069&#8221;User imported successfully. ID:1069
12-24-2021 @ 12:13:53 - > Finished importing user 1069
12-24-2021 @ 12:13:53 - Row :15 - User imported successfully.
12-24-2021 @ 12:13:53 - Row :16 - Parsing item.
12-24-2021 @ 12:13:53 - Row :16 - Processing item.
12-24-2021 @ 12:13:53 - Processing users.
12-24-2021 @ 12:13:53 - > &#8220;1070&#8221;User imported successfully. ID:1070
12-24-2021 @ 12:13:53 - > Finished importing user 1070
12-24-2021 @ 12:13:53 - Row :16 - User imported successfully.
12-24-2021 @ 12:13:53 - Row :17 - Parsing item.
12-24-2021 @ 12:13:53 - Row :17 - Processing item.
12-24-2021 @ 12:13:53 - Processing users.
12-24-2021 @ 12:13:53 - > &#8220;1071&#8221;User imported successfully. ID:1071
12-24-2021 @ 12:13:53 - > Finished importing user 1071
12-24-2021 @ 12:13:53 - Row :17 - User imported successfully.
12-24-2021 @ 12:13:53 - Row :18 - Parsing item.
12-24-2021 @ 12:13:53 - Row :18 - Processing item.
12-24-2021 @ 12:13:53 - Processing users.
12-24-2021 @ 12:13:53 - > &#8220;1072&#8221;User imported successfully. ID:1072
12-24-2021 @ 12:13:53 - > Finished importing user 1072
12-24-2021 @ 12:13:53 - Row :18 - User imported successfully.
12-24-2021 @ 12:13:53 - Row :19 - Parsing item.
12-24-2021 @ 12:13:53 - Row :19 - Processing item.
12-24-2021 @ 12:13:53 - Processing users.
12-24-2021 @ 12:13:53 - > &#8220;1073&#8221;User imported successfully. ID:1073
12-24-2021 @ 12:13:53 - > Finished importing user 1073
12-24-2021 @ 12:13:53 - Row :19 - User imported successfully.
12-24-2021 @ 12:13:53 - Row :20 - Parsing item.
12-24-2021 @ 12:13:53 - Row :20 - Processing item.
12-24-2021 @ 12:13:53 - Processing users.
12-24-2021 @ 12:13:53 - > &#8220;1074&#8221;User imported successfully. ID:1074
12-24-2021 @ 12:13:53 - > Finished importing user 1074
12-24-2021 @ 12:13:53 - Row :20 - User imported successfully.
12-24-2021 @ 12:13:53 - Preparing for import.
12-24-2021 @ 12:13:53 - Row :21 - Parsing item.
12-24-2021 @ 12:13:53 - Row :21 - Processing item.
12-24-2021 @ 12:13:53 - Processing users.
12-24-2021 @ 12:13:53 - > &#8220;1075&#8221;User imported successfully. ID:1075
12-24-2021 @ 12:13:53 - > Finished importing user 1075
12-24-2021 @ 12:13:53 - Row :21 - User imported successfully.
12-24-2021 @ 12:13:53 - Row :22 - Parsing item.
12-24-2021 @ 12:13:53 - Row :22 - Processing item.
12-24-2021 @ 12:13:53 - Processing users.
12-24-2021 @ 12:13:53 - > &#8220;1076&#8221;User imported successfully. ID:1076
12-24-2021 @ 12:13:53 - > Finished importing user 1076
12-24-2021 @ 12:13:53 - Row :22 - User imported successfully.
12-24-2021 @ 12:13:53 - Row :23 - Parsing item.
12-24-2021 @ 12:13:53 - Row :23 - Processing item.
12-24-2021 @ 12:13:53 - Processing users.
12-24-2021 @ 12:13:53 - > &#8220;1077&#8221;User imported successfully. ID:1077
12-24-2021 @ 12:13:53 - > Finished importing user 1077
12-24-2021 @ 12:13:53 - Row :23 - User imported successfully.
12-24-2021 @ 12:13:53 - Row :24 - Parsing item.
12-24-2021 @ 12:13:53 - Row :24 - Processing item.
12-24-2021 @ 12:13:53 - Processing users.
12-24-2021 @ 12:13:53 - > &#8220;1078&#8221;User imported successfully. ID:1078
12-24-2021 @ 12:13:53 - > Finished importing user 1078
12-24-2021 @ 12:13:53 - Row :24 - User imported successfully.
12-24-2021 @ 12:13:53 - Row :25 - Parsing item.
12-24-2021 @ 12:13:53 - Row :25 - Processing item.
12-24-2021 @ 12:13:53 - Processing users.
12-24-2021 @ 12:13:53 - > &#8220;1079&#8221;User imported successfully. ID:1079
12-24-2021 @ 12:13:53 - > Finished importing user 1079
12-24-2021 @ 12:13:53 - Row :25 - User imported successfully.
12-24-2021 @ 12:13:53 - Row :26 - Parsing item.
12-24-2021 @ 12:13:53 - Row :26 - Processing item.
12-24-2021 @ 12:13:53 - Processing users.
12-24-2021 @ 12:13:53 - > &#8220;1080&#8221;User imported successfully. ID:1080
12-24-2021 @ 12:13:53 - > Finished importing user 1080
12-24-2021 @ 12:13:53 - Row :26 - User imported successfully.
12-24-2021 @ 12:13:53 - Row :27 - Parsing item.
12-24-2021 @ 12:13:53 - Row :27 - Processing item.
12-24-2021 @ 12:13:53 - Processing users.
12-24-2021 @ 12:13:53 - > &#8220;1081&#8221;User imported successfully. ID:1081
12-24-2021 @ 12:13:53 - > Finished importing user 1081
12-24-2021 @ 12:13:53 - Row :27 - User imported successfully.
12-24-2021 @ 12:13:53 - Row :28 - Parsing item.
12-24-2021 @ 12:13:53 - Row :28 - Processing item.
12-24-2021 @ 12:13:53 - Processing users.
12-24-2021 @ 12:13:53 - > &#8220;1082&#8221;User imported successfully. ID:1082
12-24-2021 @ 12:13:53 - > Finished importing user 1082
12-24-2021 @ 12:13:53 - Row :28 - User imported successfully.
12-24-2021 @ 12:13:53 - Row :29 - Parsing item.
12-24-2021 @ 12:13:53 - Row :29 - Processing item.
12-24-2021 @ 12:13:53 - Processing users.
12-24-2021 @ 12:13:53 - > &#8220;1083&#8221;User imported successfully. ID:1083
12-24-2021 @ 12:13:53 - > Finished importing user 1083
12-24-2021 @ 12:13:53 - Row :29 - User imported successfully.
12-24-2021 @ 12:13:53 - Row :30 - Parsing item.
12-24-2021 @ 12:13:53 - Row :30 - Processing item.
12-24-2021 @ 12:13:53 - Processing users.
12-24-2021 @ 12:13:53 - > &#8220;1084&#8221;User imported successfully. ID:1084
12-24-2021 @ 12:13:53 - > Finished importing user 1084
12-24-2021 @ 12:13:53 - Row :30 - User imported successfully.
12-24-2021 @ 12:13:54 - Preparing for import.
12-24-2021 @ 12:13:54 - Row :31 - Parsing item.
12-24-2021 @ 12:13:54 - Row :31 - Processing item.
12-24-2021 @ 12:13:54 - Processing users.
12-24-2021 @ 12:13:54 - > &#8220;1085&#8221;User imported successfully. ID:1085
12-24-2021 @ 12:13:54 - > Finished importing user 1085
12-24-2021 @ 12:13:54 - Row :31 - User imported successfully.
12-24-2021 @ 12:13:54 - Row :32 - Parsing item.
12-24-2021 @ 12:13:54 - Row :32 - Processing item.
12-24-2021 @ 12:13:54 - Processing users.
12-24-2021 @ 12:13:54 - > &#8220;1086&#8221;User imported successfully. ID:1086
12-24-2021 @ 12:13:54 - > Finished importing user 1086
12-24-2021 @ 12:13:54 - Row :32 - User imported successfully.
12-24-2021 @ 12:13:54 - Row :33 - Parsing item.
12-24-2021 @ 12:13:54 - Row :33 - Processing item.
12-24-2021 @ 12:13:54 - Processing users.
12-24-2021 @ 12:13:54 - > &#8220;1087&#8221;User imported successfully. ID:1087
12-24-2021 @ 12:13:54 - > Finished importing user 1087
12-24-2021 @ 12:13:54 - Row :33 - User imported successfully.
12-24-2021 @ 12:13:54 - Row :34 - Parsing item.
12-24-2021 @ 12:13:54 - Row :34 - Processing item.
12-24-2021 @ 12:13:54 - Processing users.
12-24-2021 @ 12:13:54 - > &#8220;1088&#8221;User imported successfully. ID:1088
12-24-2021 @ 12:13:54 - > Finished importing user 1088
12-24-2021 @ 12:13:54 - Row :34 - User imported successfully.
12-24-2021 @ 12:13:54 - Row :35 - Parsing item.
12-24-2021 @ 12:13:54 - Row :35 - Processing item.
12-24-2021 @ 12:13:54 - Processing users.
12-24-2021 @ 12:13:54 - > &#8220;1089&#8221;User imported successfully. ID:1089
12-24-2021 @ 12:13:54 - > Finished importing user 1089
12-24-2021 @ 12:13:54 - Row :35 - User imported successfully.
12-24-2021 @ 12:13:54 - Row :36 - Parsing item.
12-24-2021 @ 12:13:54 - Row :36 - Processing item.
12-24-2021 @ 12:13:54 - Processing users.
12-24-2021 @ 12:13:54 - > &#8220;1090&#8221;User imported successfully. ID:1090
12-24-2021 @ 12:13:54 - > Finished importing user 1090
12-24-2021 @ 12:13:54 - Row :36 - User imported successfully.
12-24-2021 @ 12:13:54 - Row :37 - Parsing item.
12-24-2021 @ 12:13:54 - Row :37 - Processing item.
12-24-2021 @ 12:13:54 - Processing users.
12-24-2021 @ 12:13:54 - > &#8220;1091&#8221;User imported successfully. ID:1091
12-24-2021 @ 12:13:54 - > Finished importing user 1091
12-24-2021 @ 12:13:54 - Row :37 - User imported successfully.
12-24-2021 @ 12:13:54 - Row :38 - Parsing item.
12-24-2021 @ 12:13:54 - Row :38 - Processing item.
12-24-2021 @ 12:13:54 - Processing users.
12-24-2021 @ 12:13:54 - > &#8220;1092&#8221;User imported successfully. ID:1092
12-24-2021 @ 12:13:54 - > Finished importing user 1092
12-24-2021 @ 12:13:54 - Row :38 - User imported successfully.
12-24-2021 @ 12:13:54 - Row :39 - Parsing item.
12-24-2021 @ 12:13:54 - Row :39 - Processing item.
12-24-2021 @ 12:13:54 - Processing users.
12-24-2021 @ 12:13:54 - > &#8220;1093&#8221;User imported successfully. ID:1093
12-24-2021 @ 12:13:54 - > Finished importing user 1093
12-24-2021 @ 12:13:54 - Row :39 - User imported successfully.
12-24-2021 @ 12:13:54 - Row :40 - Parsing item.
12-24-2021 @ 12:13:54 - Row :40 - Processing item.
12-24-2021 @ 12:13:54 - Processing users.
12-24-2021 @ 12:13:54 - > &#8220;1094&#8221;User imported successfully. ID:1094
12-24-2021 @ 12:13:54 - > Finished importing user 1094
12-24-2021 @ 12:13:54 - Row :40 - User imported successfully.
12-24-2021 @ 12:13:54 - Preparing for import.
12-24-2021 @ 12:13:54 - Row :41 - Parsing item.
12-24-2021 @ 12:13:54 - Row :41 - Processing item.
12-24-2021 @ 12:13:54 - Processing users.
12-24-2021 @ 12:13:54 - > &#8220;1095&#8221;User imported successfully. ID:1095
12-24-2021 @ 12:13:54 - > Finished importing user 1095
12-24-2021 @ 12:13:54 - Row :41 - User imported successfully.
12-24-2021 @ 12:13:54 - Row :42 - Parsing item.
12-24-2021 @ 12:13:54 - Row :42 - Processing item.
12-24-2021 @ 12:13:54 - Processing users.
12-24-2021 @ 12:13:54 - > &#8220;1096&#8221;User imported successfully. ID:1096
12-24-2021 @ 12:13:54 - > Finished importing user 1096
12-24-2021 @ 12:13:54 - Row :42 - User imported successfully.
12-24-2021 @ 12:13:54 - Row :43 - Parsing item.
12-24-2021 @ 12:13:54 - Row :43 - Processing item.
12-24-2021 @ 12:13:54 - Processing users.
12-24-2021 @ 12:13:54 - > &#8220;1097&#8221;User imported successfully. ID:1097
12-24-2021 @ 12:13:54 - > Finished importing user 1097
12-24-2021 @ 12:13:54 - Row :43 - User imported successfully.
12-24-2021 @ 12:13:54 - Row :44 - Parsing item.
12-24-2021 @ 12:13:54 - Row :44 - Processing item.
12-24-2021 @ 12:13:54 - Processing users.
12-24-2021 @ 12:13:54 - > &#8220;1098&#8221;User imported successfully. ID:1098
12-24-2021 @ 12:13:54 - > Finished importing user 1098
12-24-2021 @ 12:13:54 - Row :44 - User imported successfully.
12-24-2021 @ 12:13:54 - Row :45 - Parsing item.
12-24-2021 @ 12:13:54 - Row :45 - Processing item.
12-24-2021 @ 12:13:54 - Processing users.
12-24-2021 @ 12:13:54 - > &#8220;1099&#8221;User imported successfully. ID:1099
12-24-2021 @ 12:13:54 - > Finished importing user 1099
12-24-2021 @ 12:13:54 - Row :45 - User imported successfully.
12-24-2021 @ 12:13:54 - Row :46 - Parsing item.
12-24-2021 @ 12:13:54 - Row :46 - Processing item.
12-24-2021 @ 12:13:54 - Processing users.
12-24-2021 @ 12:13:54 - > &#8220;1100&#8221;User imported successfully. ID:1100
12-24-2021 @ 12:13:54 - > Finished importing user 1100
12-24-2021 @ 12:13:54 - Row :46 - User imported successfully.
12-24-2021 @ 12:13:54 - Row :47 - Parsing item.
12-24-2021 @ 12:13:54 - Row :47 - Processing item.
12-24-2021 @ 12:13:54 - Processing users.
12-24-2021 @ 12:13:54 - > &#8220;1101&#8221;User imported successfully. ID:1101
12-24-2021 @ 12:13:54 - > Finished importing user 1101
12-24-2021 @ 12:13:54 - Row :47 - User imported successfully.
12-24-2021 @ 12:13:54 - Row :48 - Parsing item.
12-24-2021 @ 12:13:54 - Row :48 - Processing item.
12-24-2021 @ 12:13:54 - Processing users.
12-24-2021 @ 12:13:54 - > &#8220;1102&#8221;User imported successfully. ID:1102
12-24-2021 @ 12:13:54 - > Finished importing user 1102
12-24-2021 @ 12:13:54 - Row :48 - User imported successfully.
12-24-2021 @ 12:13:54 - Row :49 - Parsing item.
12-24-2021 @ 12:13:54 - Row :49 - Processing item.
12-24-2021 @ 12:13:54 - Processing users.
12-24-2021 @ 12:13:54 - > &#8220;1103&#8221;User imported successfully. ID:1103
12-24-2021 @ 12:13:54 - > Finished importing user 1103
12-24-2021 @ 12:13:54 - Row :49 - User imported successfully.
12-24-2021 @ 12:13:54 - Row :50 - Parsing item.
12-24-2021 @ 12:13:54 - Row :50 - Processing item.
12-24-2021 @ 12:13:54 - Processing users.
12-24-2021 @ 12:13:54 - > &#8220;1104&#8221;User imported successfully. ID:1104
12-24-2021 @ 12:13:54 - > Finished importing user 1104
12-24-2021 @ 12:13:54 - Row :50 - User imported successfully.
12-24-2021 @ 12:13:54 - Preparing for import.
12-24-2021 @ 12:13:54 - Row :51 - Parsing item.
12-24-2021 @ 12:13:54 - Row :51 - Processing item.
12-24-2021 @ 12:13:54 - Processing users.
12-24-2021 @ 12:13:54 - > &#8220;1105&#8221;User imported successfully. ID:1105
12-24-2021 @ 12:13:54 - > Finished importing user 1105
12-24-2021 @ 12:13:54 - Row :51 - User imported successfully.
12-24-2021 @ 12:13:54 - Row :52 - Parsing item.
12-24-2021 @ 12:13:54 - Row :52 - Processing item.
12-24-2021 @ 12:13:54 - Processing users.
12-24-2021 @ 12:13:54 - > &#8220;1106&#8221;User imported successfully. ID:1106
12-24-2021 @ 12:13:54 - > Finished importing user 1106
12-24-2021 @ 12:13:54 - Row :52 - User imported successfully.
12-24-2021 @ 12:13:54 - Row :53 - Parsing item.
12-24-2021 @ 12:13:54 - Row :53 - Processing item.
12-24-2021 @ 12:13:54 - Processing users.
12-24-2021 @ 12:13:54 - > &#8220;1107&#8221;User imported successfully. ID:1107
12-24-2021 @ 12:13:54 - > Finished importing user 1107
12-24-2021 @ 12:13:54 - Row :53 - User imported successfully.
12-24-2021 @ 12:13:55 - Row :54 - Parsing item.
12-24-2021 @ 12:13:55 - Row :54 - Processing item.
12-24-2021 @ 12:13:55 - Processing users.
12-24-2021 @ 12:13:55 - > &#8220;1108&#8221;User imported successfully. ID:1108
12-24-2021 @ 12:13:55 - > Finished importing user 1108
12-24-2021 @ 12:13:55 - Row :54 - User imported successfully.
12-24-2021 @ 12:13:55 - Row :55 - Parsing item.
12-24-2021 @ 12:13:55 - Row :55 - Processing item.
12-24-2021 @ 12:13:55 - Processing users.
12-24-2021 @ 12:13:55 - > &#8220;1109&#8221;User imported successfully. ID:1109
12-24-2021 @ 12:13:55 - > Finished importing user 1109
12-24-2021 @ 12:13:55 - Row :55 - User imported successfully.
12-24-2021 @ 12:13:55 - Row :56 - Parsing item.
12-24-2021 @ 12:13:55 - Row :56 - Processing item.
12-24-2021 @ 12:13:55 - Processing users.
12-24-2021 @ 12:13:55 - > &#8220;1110&#8221;User imported successfully. ID:1110
12-24-2021 @ 12:13:55 - > Finished importing user 1110
12-24-2021 @ 12:13:55 - Row :56 - User imported successfully.
12-24-2021 @ 12:13:55 - Row :57 - Parsing item.
12-24-2021 @ 12:13:55 - Row :57 - Processing item.
12-24-2021 @ 12:13:55 - Processing users.
12-24-2021 @ 12:13:55 - > &#8220;1111&#8221;User imported successfully. ID:1111
12-24-2021 @ 12:13:55 - > Finished importing user 1111
12-24-2021 @ 12:13:55 - Row :57 - User imported successfully.
12-24-2021 @ 12:13:55 - Row :58 - Parsing item.
12-24-2021 @ 12:13:55 - Row :58 - Processing item.
12-24-2021 @ 12:13:55 - Processing users.
12-24-2021 @ 12:13:55 - > &#8220;1112&#8221;User imported successfully. ID:1112
12-24-2021 @ 12:13:55 - > Finished importing user 1112
12-24-2021 @ 12:13:55 - Row :58 - User imported successfully.
12-24-2021 @ 12:13:55 - Row :59 - Parsing item.
12-24-2021 @ 12:13:55 - Row :59 - Processing item.
12-24-2021 @ 12:13:55 - Processing users.
12-24-2021 @ 12:13:55 - > &#8220;1113&#8221;User imported successfully. ID:1113
12-24-2021 @ 12:13:55 - > Finished importing user 1113
12-24-2021 @ 12:13:55 - Row :59 - User imported successfully.
12-24-2021 @ 12:13:55 - Row :60 - Parsing item.
12-24-2021 @ 12:13:55 - Row :60 - Processing item.
12-24-2021 @ 12:13:55 - Processing users.
12-24-2021 @ 12:13:55 - > &#8220;1114&#8221;User imported successfully. ID:1114
12-24-2021 @ 12:13:55 - > Finished importing user 1114
12-24-2021 @ 12:13:55 - Row :60 - User imported successfully.
12-24-2021 @ 12:13:55 - Preparing for import.
12-24-2021 @ 12:13:55 - Row :61 - Parsing item.
12-24-2021 @ 12:13:55 - Row :61 - Processing item.
12-24-2021 @ 12:13:55 - Processing users.
12-24-2021 @ 12:13:55 - > &#8220;1115&#8221;User imported successfully. ID:1115
12-24-2021 @ 12:13:55 - > Finished importing user 1115
12-24-2021 @ 12:13:55 - Row :61 - User imported successfully.
12-24-2021 @ 12:13:55 - Row :62 - Parsing item.
12-24-2021 @ 12:13:55 - Row :62 - Processing item.
12-24-2021 @ 12:13:55 - Processing users.
12-24-2021 @ 12:13:55 - > &#8220;1116&#8221;User imported successfully. ID:1116
12-24-2021 @ 12:13:55 - > Finished importing user 1116
12-24-2021 @ 12:13:55 - Row :62 - User imported successfully.
12-24-2021 @ 12:13:55 - Row :63 - Parsing item.
12-24-2021 @ 12:13:55 - Row :63 - Processing item.
12-24-2021 @ 12:13:55 - Processing users.
12-24-2021 @ 12:13:55 - > &#8220;1117&#8221;User imported successfully. ID:1117
12-24-2021 @ 12:13:55 - > Finished importing user 1117
12-24-2021 @ 12:13:55 - Row :63 - User imported successfully.
12-24-2021 @ 12:13:55 - Row :64 - Parsing item.
12-24-2021 @ 12:13:55 - Row :64 - Processing item.
12-24-2021 @ 12:13:55 - Processing users.
12-24-2021 @ 12:13:55 - > &#8220;1118&#8221;User imported successfully. ID:1118
12-24-2021 @ 12:13:55 - > Finished importing user 1118
12-24-2021 @ 12:13:55 - Row :64 - User imported successfully.
12-24-2021 @ 12:13:55 - Row :65 - Parsing item.
12-24-2021 @ 12:13:55 - Row :65 - Processing item.
12-24-2021 @ 12:13:55 - Processing users.
12-24-2021 @ 12:13:55 - > &#8220;1119&#8221;User imported successfully. ID:1119
12-24-2021 @ 12:13:55 - > Finished importing user 1119
12-24-2021 @ 12:13:55 - Row :65 - User imported successfully.
12-24-2021 @ 12:13:55 - Row :66 - Parsing item.
12-24-2021 @ 12:13:55 - Row :66 - Processing item.
12-24-2021 @ 12:13:55 - Processing users.
12-24-2021 @ 12:13:55 - > &#8220;1120&#8221;User imported successfully. ID:1120
12-24-2021 @ 12:13:55 - > Finished importing user 1120
12-24-2021 @ 12:13:55 - Row :66 - User imported successfully.
12-24-2021 @ 12:13:55 - Row :67 - Parsing item.
12-24-2021 @ 12:13:55 - Row :67 - Processing item.
12-24-2021 @ 12:13:55 - Processing users.
12-24-2021 @ 12:13:55 - > &#8220;1121&#8221;User imported successfully. ID:1121
12-24-2021 @ 12:13:55 - > Finished importing user 1121
12-24-2021 @ 12:13:55 - Row :67 - User imported successfully.
12-24-2021 @ 12:13:55 - Row :68 - Parsing item.
12-24-2021 @ 12:13:55 - Row :68 - Processing item.
12-24-2021 @ 12:13:55 - Processing users.
12-24-2021 @ 12:13:55 - > &#8220;1122&#8221;User imported successfully. ID:1122
12-24-2021 @ 12:13:55 - > Finished importing user 1122
12-24-2021 @ 12:13:55 - Row :68 - User imported successfully.
12-24-2021 @ 12:13:55 - Row :69 - Parsing item.
12-24-2021 @ 12:13:55 - Row :69 - Processing item.
12-24-2021 @ 12:13:55 - Processing users.
12-24-2021 @ 12:13:55 - > &#8220;1123&#8221;User imported successfully. ID:1123
12-24-2021 @ 12:13:55 - > Finished importing user 1123
12-24-2021 @ 12:13:55 - Row :69 - User imported successfully.
12-24-2021 @ 12:13:55 - Row :70 - Parsing item.
12-24-2021 @ 12:13:55 - Row :70 - Processing item.
12-24-2021 @ 12:13:55 - Processing users.
12-24-2021 @ 12:13:55 - > &#8220;1124&#8221;User imported successfully. ID:1124
12-24-2021 @ 12:13:55 - > Finished importing user 1124
12-24-2021 @ 12:13:55 - Row :70 - User imported successfully.
12-24-2021 @ 12:13:55 - Preparing for import.
12-24-2021 @ 12:13:55 - Row :71 - Parsing item.
12-24-2021 @ 12:13:55 - Row :71 - Processing item.
12-24-2021 @ 12:13:55 - Processing users.
12-24-2021 @ 12:13:55 - > &#8220;1125&#8221;User imported successfully. ID:1125
12-24-2021 @ 12:13:55 - > Finished importing user 1125
12-24-2021 @ 12:13:55 - Row :71 - User imported successfully.
12-24-2021 @ 12:13:55 - Row :72 - Parsing item.
12-24-2021 @ 12:13:55 - Row :72 - Processing item.
12-24-2021 @ 12:13:55 - Processing users.
12-24-2021 @ 12:13:55 - > &#8220;1126&#8221;User imported successfully. ID:1126
12-24-2021 @ 12:13:55 - > Finished importing user 1126
12-24-2021 @ 12:13:55 - Row :72 - User imported successfully.
12-24-2021 @ 12:13:55 - Row :73 - Parsing item.
12-24-2021 @ 12:13:55 - Row :73 - Processing item.
12-24-2021 @ 12:13:55 - Processing users.
12-24-2021 @ 12:13:55 - > &#8220;1127&#8221;User imported successfully. ID:1127
12-24-2021 @ 12:13:55 - > Finished importing user 1127
12-24-2021 @ 12:13:55 - Row :73 - User imported successfully.
12-24-2021 @ 12:13:55 - Row :74 - Parsing item.
12-24-2021 @ 12:13:55 - Row :74 - Processing item.
12-24-2021 @ 12:13:55 - Processing users.
12-24-2021 @ 12:13:55 - > &#8220;1128&#8221;User imported successfully. ID:1128
12-24-2021 @ 12:13:55 - > Finished importing user 1128
12-24-2021 @ 12:13:55 - Row :74 - User imported successfully.
12-24-2021 @ 12:13:55 - Row :75 - Parsing item.
12-24-2021 @ 12:13:55 - Row :75 - Processing item.
12-24-2021 @ 12:13:55 - Processing users.
12-24-2021 @ 12:13:55 - > &#8220;1129&#8221;User imported successfully. ID:1129
12-24-2021 @ 12:13:55 - > Finished importing user 1129
12-24-2021 @ 12:13:55 - Row :75 - User imported successfully.
12-24-2021 @ 12:13:55 - Row :76 - Parsing item.
12-24-2021 @ 12:13:55 - Row :76 - Processing item.
12-24-2021 @ 12:13:55 - Processing users.
12-24-2021 @ 12:13:55 - > &#8220;1130&#8221;User imported successfully. ID:1130
12-24-2021 @ 12:13:55 - > Finished importing user 1130
12-24-2021 @ 12:13:55 - Row :76 - User imported successfully.
12-24-2021 @ 12:13:55 - Row :77 - Parsing item.
12-24-2021 @ 12:13:55 - Row :77 - Processing item.
12-24-2021 @ 12:13:55 - Processing users.
12-24-2021 @ 12:13:55 - > &#8220;1131&#8221;User imported successfully. ID:1131
12-24-2021 @ 12:13:55 - > Finished importing user 1131
12-24-2021 @ 12:13:55 - Row :77 - User imported successfully.
12-24-2021 @ 12:13:55 - Row :78 - Parsing item.
12-24-2021 @ 12:13:55 - Row :78 - Processing item.
12-24-2021 @ 12:13:55 - Processing users.
12-24-2021 @ 12:13:55 - > &#8220;1132&#8221;User imported successfully. ID:1132
12-24-2021 @ 12:13:55 - > Finished importing user 1132
12-24-2021 @ 12:13:55 - Row :78 - User imported successfully.
12-24-2021 @ 12:13:55 - Row :79 - Parsing item.
12-24-2021 @ 12:13:55 - Row :79 - Processing item.
12-24-2021 @ 12:13:55 - Processing users.
12-24-2021 @ 12:13:55 - > &#8220;1133&#8221;User imported successfully. ID:1133
12-24-2021 @ 12:13:55 - > Finished importing user 1133
12-24-2021 @ 12:13:55 - Row :79 - User imported successfully.
12-24-2021 @ 12:13:55 - Row :80 - Parsing item.
12-24-2021 @ 12:13:55 - Row :80 - Processing item.
12-24-2021 @ 12:13:55 - Processing users.
12-24-2021 @ 12:13:55 - > &#8220;1134&#8221;User imported successfully. ID:1134
12-24-2021 @ 12:13:55 - > Finished importing user 1134
12-24-2021 @ 12:13:55 - Row :80 - User imported successfully.
12-24-2021 @ 12:13:56 - Preparing for import.
12-24-2021 @ 12:13:56 - Row :81 - Parsing item.
12-24-2021 @ 12:13:56 - Row :81 - Processing item.
12-24-2021 @ 12:13:56 - Processing users.
12-24-2021 @ 12:13:56 - > &#8220;1135&#8221;User imported successfully. ID:1135
12-24-2021 @ 12:13:56 - > Finished importing user 1135
12-24-2021 @ 12:13:56 - Row :81 - User imported successfully.
12-24-2021 @ 12:13:56 - Row :82 - Parsing item.
12-24-2021 @ 12:13:56 - Row :82 - Processing item.
12-24-2021 @ 12:13:56 - Processing users.
12-24-2021 @ 12:13:56 - > &#8220;1136&#8221;User imported successfully. ID:1136
12-24-2021 @ 12:13:56 - > Finished importing user 1136
12-24-2021 @ 12:13:56 - Row :82 - User imported successfully.
12-24-2021 @ 12:13:56 - Row :83 - Parsing item.
12-24-2021 @ 12:13:56 - Row :83 - Processing item.
12-24-2021 @ 12:13:56 - Processing users.
12-24-2021 @ 12:13:56 - > &#8220;1137&#8221;User imported successfully. ID:1137
12-24-2021 @ 12:13:56 - > Finished importing user 1137
12-24-2021 @ 12:13:56 - Row :83 - User imported successfully.
12-24-2021 @ 12:13:56 - Row :84 - Parsing item.
12-24-2021 @ 12:13:56 - Row :84 - Processing item.
12-24-2021 @ 12:13:56 - Processing users.
12-24-2021 @ 12:13:56 - > &#8220;1138&#8221;User imported successfully. ID:1138
12-24-2021 @ 12:13:56 - > Finished importing user 1138
12-24-2021 @ 12:13:56 - Row :84 - User imported successfully.
12-24-2021 @ 12:13:56 - Row :85 - Parsing item.
12-24-2021 @ 12:13:56 - Row :85 - Processing item.
12-24-2021 @ 12:13:56 - Processing users.
12-24-2021 @ 12:13:56 - > &#8220;1139&#8221;User imported successfully. ID:1139
12-24-2021 @ 12:13:56 - > Finished importing user 1139
12-24-2021 @ 12:13:56 - Row :85 - User imported successfully.
12-24-2021 @ 12:13:56 - Row :86 - Parsing item.
12-24-2021 @ 12:13:56 - Row :86 - Processing item.
12-24-2021 @ 12:13:56 - Processing users.
12-24-2021 @ 12:13:56 - > &#8220;1140&#8221;User imported successfully. ID:1140
12-24-2021 @ 12:13:56 - > Finished importing user 1140
12-24-2021 @ 12:13:56 - Row :86 - User imported successfully.
12-24-2021 @ 12:13:56 - Row :87 - Parsing item.
12-24-2021 @ 12:13:56 - Row :87 - Processing item.
12-24-2021 @ 12:13:56 - Processing users.
12-24-2021 @ 12:13:56 - > &#8220;1141&#8221;User imported successfully. ID:1141
12-24-2021 @ 12:13:56 - > Finished importing user 1141
12-24-2021 @ 12:13:56 - Row :87 - User imported successfully.
12-24-2021 @ 12:13:56 - Row :88 - Parsing item.
12-24-2021 @ 12:13:56 - Row :88 - Processing item.
12-24-2021 @ 12:13:56 - Processing users.
12-24-2021 @ 12:13:56 - > &#8220;1142&#8221;User imported successfully. ID:1142
12-24-2021 @ 12:13:56 - > Finished importing user 1142
12-24-2021 @ 12:13:56 - Row :88 - User imported successfully.
12-24-2021 @ 12:13:56 - Row :89 - Parsing item.
12-24-2021 @ 12:13:56 - Row :89 - Processing item.
12-24-2021 @ 12:13:56 - Processing users.
12-24-2021 @ 12:13:56 - > &#8220;1143&#8221;User imported successfully. ID:1143
12-24-2021 @ 12:13:56 - > Finished importing user 1143
12-24-2021 @ 12:13:56 - Row :89 - User imported successfully.
12-24-2021 @ 12:13:56 - Row :90 - Parsing item.
12-24-2021 @ 12:13:56 - Row :90 - Processing item.
12-24-2021 @ 12:13:56 - Processing users.
12-24-2021 @ 12:13:56 - > &#8220;1144&#8221;User imported successfully. ID:1144
12-24-2021 @ 12:13:56 - > Finished importing user 1144
12-24-2021 @ 12:13:56 - Row :90 - User imported successfully.
12-24-2021 @ 12:13:56 - Preparing for import.
12-24-2021 @ 12:13:56 - Row :91 - Parsing item.
12-24-2021 @ 12:13:56 - Row :91 - Processing item.
12-24-2021 @ 12:13:56 - Processing users.
12-24-2021 @ 12:13:56 - > &#8220;1145&#8221;User imported successfully. ID:1145
12-24-2021 @ 12:13:56 - > Finished importing user 1145
12-24-2021 @ 12:13:56 - Row :91 - User imported successfully.
12-24-2021 @ 12:13:56 - Row :92 - Parsing item.
12-24-2021 @ 12:13:56 - Row :92 - Processing item.
12-24-2021 @ 12:13:56 - Processing users.
12-24-2021 @ 12:13:56 - > &#8220;1146&#8221;User imported successfully. ID:1146
12-24-2021 @ 12:13:56 - > Finished importing user 1146
12-24-2021 @ 12:13:56 - Row :92 - User imported successfully.
12-24-2021 @ 12:13:56 - Row :93 - Parsing item.
12-24-2021 @ 12:13:56 - Row :93 - Processing item.
12-24-2021 @ 12:13:56 - Processing users.
12-24-2021 @ 12:13:56 - > &#8220;1147&#8221;User imported successfully. ID:1147
12-24-2021 @ 12:13:56 - > Finished importing user 1147
12-24-2021 @ 12:13:56 - Row :93 - User imported successfully.
12-24-2021 @ 12:13:56 - Row :94 - Parsing item.
12-24-2021 @ 12:13:56 - Row :94 - Processing item.
12-24-2021 @ 12:13:56 - Processing users.
12-24-2021 @ 12:13:56 - > &#8220;1148&#8221;User imported successfully. ID:1148
12-24-2021 @ 12:13:56 - > Finished importing user 1148
12-24-2021 @ 12:13:56 - Row :94 - User imported successfully.
12-24-2021 @ 12:13:56 - Row :95 - Parsing item.
12-24-2021 @ 12:13:56 - Row :95 - Processing item.
12-24-2021 @ 12:13:56 - Processing users.
12-24-2021 @ 12:13:56 - > &#8220;1149&#8221;User imported successfully. ID:1149
12-24-2021 @ 12:13:56 - > Finished importing user 1149
12-24-2021 @ 12:13:56 - Row :95 - User imported successfully.
12-24-2021 @ 12:13:56 - Row :96 - Parsing item.
12-24-2021 @ 12:13:56 - Row :96 - Processing item.
12-24-2021 @ 12:13:56 - Processing users.
12-24-2021 @ 12:13:56 - > &#8220;1150&#8221;User imported successfully. ID:1150
12-24-2021 @ 12:13:56 - > Finished importing user 1150
12-24-2021 @ 12:13:56 - Row :96 - User imported successfully.
12-24-2021 @ 12:13:56 - Row :97 - Parsing item.
12-24-2021 @ 12:13:56 - Row :97 - Processing item.
12-24-2021 @ 12:13:56 - Processing users.
12-24-2021 @ 12:13:56 - > &#8220;1151&#8221;User imported successfully. ID:1151
12-24-2021 @ 12:13:56 - > Finished importing user 1151
12-24-2021 @ 12:13:56 - Row :97 - User imported successfully.
12-24-2021 @ 12:13:56 - Row :98 - Parsing item.
12-24-2021 @ 12:13:56 - Row :98 - Processing item.
12-24-2021 @ 12:13:56 - Processing users.
12-24-2021 @ 12:13:56 - > &#8220;1152&#8221;User imported successfully. ID:1152
12-24-2021 @ 12:13:56 - > Finished importing user 1152
12-24-2021 @ 12:13:56 - Row :98 - User imported successfully.
12-24-2021 @ 12:13:56 - Row :99 - Parsing item.
12-24-2021 @ 12:13:56 - Row :99 - Processing item.
12-24-2021 @ 12:13:56 - Processing users.
12-24-2021 @ 12:13:56 - > &#8220;1153&#8221;User imported successfully. ID:1153
12-24-2021 @ 12:13:56 - > Finished importing user 1153
12-24-2021 @ 12:13:56 - Row :99 - User imported successfully.
12-24-2021 @ 12:13:56 - Row :100 - Parsing item.
12-24-2021 @ 12:13:56 - Row :100 - Processing item.
12-24-2021 @ 12:13:56 - Processing users.
12-24-2021 @ 12:13:56 - > &#8220;1154&#8221;User imported successfully. ID:1154
12-24-2021 @ 12:13:56 - > Finished importing user 1154
12-24-2021 @ 12:13:56 - Row :100 - User imported successfully.
12-24-2021 @ 12:13:56 - Preparing for import.
12-24-2021 @ 12:13:56 - Row :101 - Parsing item.
12-24-2021 @ 12:13:56 - Row :101 - Processing item.
12-24-2021 @ 12:13:56 - Processing users.
12-24-2021 @ 12:13:56 - > &#8220;1155&#8221;User imported successfully. ID:1155
12-24-2021 @ 12:13:56 - > Finished importing user 1155
12-24-2021 @ 12:13:56 - Row :101 - User imported successfully.
12-24-2021 @ 12:13:56 - Row :102 - Parsing item.
12-24-2021 @ 12:13:56 - Row :102 - Processing item.
12-24-2021 @ 12:13:56 - Processing users.
12-24-2021 @ 12:13:56 - > &#8220;1156&#8221;User imported successfully. ID:1156
12-24-2021 @ 12:13:56 - > Finished importing user 1156
12-24-2021 @ 12:13:56 - Row :102 - User imported successfully.
12-24-2021 @ 12:13:56 - Row :103 - Parsing item.
12-24-2021 @ 12:13:56 - Row :103 - Processing item.
12-24-2021 @ 12:13:56 - Processing users.
12-24-2021 @ 12:13:56 - > &#8220;1157&#8221;User imported successfully. ID:1157
12-24-2021 @ 12:13:56 - > Finished importing user 1157
12-24-2021 @ 12:13:56 - Row :103 - User imported successfully.
12-24-2021 @ 12:13:56 - Row :104 - Parsing item.
12-24-2021 @ 12:13:56 - Row :104 - Processing item.
12-24-2021 @ 12:13:56 - Processing users.
12-24-2021 @ 12:13:56 - > &#8220;1158&#8221;User imported successfully. ID:1158
12-24-2021 @ 12:13:56 - > Finished importing user 1158
12-24-2021 @ 12:13:56 - Row :104 - User imported successfully.
12-24-2021 @ 12:13:56 - Row :105 - Parsing item.
12-24-2021 @ 12:13:56 - Row :105 - Processing item.
12-24-2021 @ 12:13:56 - Processing users.
12-24-2021 @ 12:13:56 - > &#8220;1159&#8221;User imported successfully. ID:1159
12-24-2021 @ 12:13:56 - > Finished importing user 1159
12-24-2021 @ 12:13:56 - Row :105 - User imported successfully.
12-24-2021 @ 12:13:56 - Row :106 - Parsing item.
12-24-2021 @ 12:13:56 - Row :106 - Processing item.
12-24-2021 @ 12:13:56 - Processing users.
12-24-2021 @ 12:13:56 - > &#8220;1160&#8221;User imported successfully. ID:1160
12-24-2021 @ 12:13:56 - > Finished importing user 1160
12-24-2021 @ 12:13:56 - Row :106 - User imported successfully.
12-24-2021 @ 12:13:56 - Row :107 - Parsing item.
12-24-2021 @ 12:13:56 - Row :107 - Processing item.
12-24-2021 @ 12:13:56 - Processing users.
12-24-2021 @ 12:13:56 - > &#8220;1161&#8221;User imported successfully. ID:1161
12-24-2021 @ 12:13:56 - > Finished importing user 1161
12-24-2021 @ 12:13:56 - Row :107 - User imported successfully.
12-24-2021 @ 12:13:56 - Row :108 - Parsing item.
12-24-2021 @ 12:13:56 - Row :108 - Processing item.
12-24-2021 @ 12:13:56 - Processing users.
12-24-2021 @ 12:13:56 - > &#8220;1162&#8221;User imported successfully. ID:1162
12-24-2021 @ 12:13:56 - > Finished importing user 1162
12-24-2021 @ 12:13:56 - Row :108 - User imported successfully.
12-24-2021 @ 12:13:56 - Row :109 - Parsing item.
12-24-2021 @ 12:13:56 - Row :109 - Processing item.
12-24-2021 @ 12:13:56 - Processing users.
12-24-2021 @ 12:13:56 - > &#8220;1163&#8221;User imported successfully. ID:1163
12-24-2021 @ 12:13:56 - > Finished importing user 1163
12-24-2021 @ 12:13:56 - Row :109 - User imported successfully.
12-24-2021 @ 12:13:56 - Row :110 - Parsing item.
12-24-2021 @ 12:13:56 - Row :110 - Processing item.
12-24-2021 @ 12:13:56 - Processing users.
12-24-2021 @ 12:13:56 - > &#8220;1164&#8221;User imported successfully. ID:1164
12-24-2021 @ 12:13:56 - > Finished importing user 1164
12-24-2021 @ 12:13:56 - Row :110 - User imported successfully.
12-24-2021 @ 12:13:57 - Preparing for import.
12-24-2021 @ 12:13:57 - Row :111 - Parsing item.
12-24-2021 @ 12:13:57 - Row :111 - Processing item.
12-24-2021 @ 12:13:57 - Processing users.
12-24-2021 @ 12:13:57 - > &#8220;1165&#8221;User imported successfully. ID:1165
12-24-2021 @ 12:13:57 - > Finished importing user 1165
12-24-2021 @ 12:13:57 - Row :111 - User imported successfully.
12-24-2021 @ 12:13:57 - Row :112 - Parsing item.
12-24-2021 @ 12:13:57 - Row :112 - Parsing failed. Reason: User with same Email already exists. Email: tsurumi@clane.co.jp
12-24-2021 @ 12:13:57 - Row :113 - Parsing item.
12-24-2021 @ 12:13:57 - Row :113 - Processing item.
12-24-2021 @ 12:13:57 - Processing users.
12-24-2021 @ 12:13:57 - > &#8220;1166&#8221;User imported successfully. ID:1166
12-24-2021 @ 12:13:57 - > Finished importing user 1166
12-24-2021 @ 12:13:57 - Row :113 - User imported successfully.
12-24-2021 @ 12:13:57 - Row :114 - Parsing item.
12-24-2021 @ 12:13:57 - Row :114 - Processing item.
12-24-2021 @ 12:13:57 - Processing users.
12-24-2021 @ 12:13:57 - > &#8220;1167&#8221;User imported successfully. ID:1167
12-24-2021 @ 12:13:57 - > Finished importing user 1167
12-24-2021 @ 12:13:57 - Row :114 - User imported successfully.
12-24-2021 @ 12:13:57 - Row :115 - Parsing item.
12-24-2021 @ 12:13:57 - Row :115 - Processing item.
12-24-2021 @ 12:13:57 - Processing users.
12-24-2021 @ 12:13:57 - > &#8220;1168&#8221;User imported successfully. ID:1168
12-24-2021 @ 12:13:57 - > Finished importing user 1168
12-24-2021 @ 12:13:57 - Row :115 - User imported successfully.
12-24-2021 @ 12:13:57 - Row :116 - Parsing item.
12-24-2021 @ 12:13:57 - Row :116 - Processing item.
12-24-2021 @ 12:13:57 - Processing users.
12-24-2021 @ 12:13:57 - > &#8220;1169&#8221;User imported successfully. ID:1169
12-24-2021 @ 12:13:57 - > Finished importing user 1169
12-24-2021 @ 12:13:57 - Row :116 - User imported successfully.
12-24-2021 @ 12:13:57 - Row :117 - Parsing item.
12-24-2021 @ 12:13:57 - Row :117 - Processing item.
12-24-2021 @ 12:13:57 - Processing users.
12-24-2021 @ 12:13:57 - > &#8220;1170&#8221;User imported successfully. ID:1170
12-24-2021 @ 12:13:57 - > Finished importing user 1170
12-24-2021 @ 12:13:57 - Row :117 - User imported successfully.
12-24-2021 @ 12:13:57 - Row :118 - Parsing item.
12-24-2021 @ 12:13:57 - Row :118 - Processing item.
12-24-2021 @ 12:13:57 - Processing users.
12-24-2021 @ 12:13:57 - > &#8220;1171&#8221;User imported successfully. ID:1171
12-24-2021 @ 12:13:57 - > Finished importing user 1171
12-24-2021 @ 12:13:57 - Row :118 - User imported successfully.
12-24-2021 @ 12:13:57 - Row :119 - Parsing item.
12-24-2021 @ 12:13:57 - Row :119 - Processing item.
12-24-2021 @ 12:13:57 - Processing users.
12-24-2021 @ 12:13:57 - > &#8220;1172&#8221;User imported successfully. ID:1172
12-24-2021 @ 12:13:57 - > Finished importing user 1172
12-24-2021 @ 12:13:57 - Row :119 - User imported successfully.
12-24-2021 @ 12:13:57 - Row :120 - Parsing item.
12-24-2021 @ 12:13:57 - Row :120 - Processing item.
12-24-2021 @ 12:13:57 - Processing users.
12-24-2021 @ 12:13:57 - > &#8220;1173&#8221;User imported successfully. ID:1173
12-24-2021 @ 12:13:57 - > Finished importing user 1173
12-24-2021 @ 12:13:57 - Row :120 - User imported successfully.
12-24-2021 @ 12:13:57 - Preparing for import.
12-24-2021 @ 12:13:57 - Row :121 - Parsing item.
12-24-2021 @ 12:13:57 - Row :121 - Processing item.
12-24-2021 @ 12:13:57 - Processing users.
12-24-2021 @ 12:13:57 - > &#8220;1174&#8221;User imported successfully. ID:1174
12-24-2021 @ 12:13:57 - > Finished importing user 1174
12-24-2021 @ 12:13:57 - Row :121 - User imported successfully.
12-24-2021 @ 12:13:57 - Row :122 - Parsing item.
12-24-2021 @ 12:13:57 - Row :122 - Processing item.
12-24-2021 @ 12:13:57 - Processing users.
12-24-2021 @ 12:13:57 - > &#8220;1175&#8221;User imported successfully. ID:1175
12-24-2021 @ 12:13:57 - > Finished importing user 1175
12-24-2021 @ 12:13:57 - Row :122 - User imported successfully.
12-24-2021 @ 12:13:57 - Row :123 - Parsing item.
12-24-2021 @ 12:13:57 - Row :123 - Processing item.
12-24-2021 @ 12:13:57 - Processing users.
12-24-2021 @ 12:13:57 - > &#8220;1176&#8221;User imported successfully. ID:1176
12-24-2021 @ 12:13:57 - > Finished importing user 1176
12-24-2021 @ 12:13:57 - Row :123 - User imported successfully.
12-24-2021 @ 12:13:57 - Row :124 - Parsing item.
12-24-2021 @ 12:13:57 - Row :124 - Processing item.
12-24-2021 @ 12:13:57 - Processing users.
12-24-2021 @ 12:13:57 - > &#8220;1177&#8221;User imported successfully. ID:1177
12-24-2021 @ 12:13:57 - > Finished importing user 1177
12-24-2021 @ 12:13:57 - Row :124 - User imported successfully.
12-24-2021 @ 12:13:57 - Row :125 - Parsing item.
12-24-2021 @ 12:13:57 - Row :125 - Processing item.
12-24-2021 @ 12:13:57 - Processing users.
12-24-2021 @ 12:13:57 - > &#8220;1178&#8221;User imported successfully. ID:1178
12-24-2021 @ 12:13:57 - > Finished importing user 1178
12-24-2021 @ 12:13:57 - Row :125 - User imported successfully.
12-24-2021 @ 12:13:57 - Row :126 - Parsing item.
12-24-2021 @ 12:13:57 - Row :126 - Processing item.
12-24-2021 @ 12:13:57 - Processing users.
12-24-2021 @ 12:13:57 - > &#8220;1179&#8221;User imported successfully. ID:1179
12-24-2021 @ 12:13:57 - > Finished importing user 1179
12-24-2021 @ 12:13:57 - Row :126 - User imported successfully.
12-24-2021 @ 12:13:57 - Row :127 - Parsing item.
12-24-2021 @ 12:13:57 - Row :127 - Processing item.
12-24-2021 @ 12:13:57 - Processing users.
12-24-2021 @ 12:13:57 - > &#8220;1180&#8221;User imported successfully. ID:1180
12-24-2021 @ 12:13:57 - > Finished importing user 1180
12-24-2021 @ 12:13:57 - Row :127 - User imported successfully.
12-24-2021 @ 12:13:57 - Row :128 - Parsing item.
12-24-2021 @ 12:13:57 - Row :128 - Processing item.
12-24-2021 @ 12:13:57 - Processing users.
12-24-2021 @ 12:13:57 - > &#8220;1181&#8221;User imported successfully. ID:1181
12-24-2021 @ 12:13:57 - > Finished importing user 1181
12-24-2021 @ 12:13:57 - Row :128 - User imported successfully.
12-24-2021 @ 12:13:57 - Row :129 - Parsing item.
12-24-2021 @ 12:13:57 - Row :129 - Processing item.
12-24-2021 @ 12:13:57 - Processing users.
12-24-2021 @ 12:13:57 - > &#8220;1182&#8221;User imported successfully. ID:1182
12-24-2021 @ 12:13:57 - > Finished importing user 1182
12-24-2021 @ 12:13:57 - Row :129 - User imported successfully.
12-24-2021 @ 12:13:57 - Row :130 - Parsing item.
12-24-2021 @ 12:13:57 - Row :130 - Processing item.
12-24-2021 @ 12:13:57 - Processing users.
12-24-2021 @ 12:13:57 - > &#8220;1183&#8221;User imported successfully. ID:1183
12-24-2021 @ 12:13:57 - > Finished importing user 1183
12-24-2021 @ 12:13:57 - Row :130 - User imported successfully.
12-24-2021 @ 12:13:57 - Preparing for import.
12-24-2021 @ 12:13:57 - Row :131 - Parsing item.
12-24-2021 @ 12:13:57 - Row :131 - Processing item.
12-24-2021 @ 12:13:57 - Processing users.
12-24-2021 @ 12:13:57 - > &#8220;1184&#8221;User imported successfully. ID:1184
12-24-2021 @ 12:13:57 - > Finished importing user 1184
12-24-2021 @ 12:13:57 - Row :131 - User imported successfully.
12-24-2021 @ 12:13:57 - Row :132 - Parsing item.
12-24-2021 @ 12:13:57 - Row :132 - Processing item.
12-24-2021 @ 12:13:57 - Processing users.
12-24-2021 @ 12:13:57 - > &#8220;1185&#8221;User imported successfully. ID:1185
12-24-2021 @ 12:13:57 - > Finished importing user 1185
12-24-2021 @ 12:13:57 - Row :132 - User imported successfully.
12-24-2021 @ 12:13:57 - Row :133 - Parsing item.
12-24-2021 @ 12:13:57 - Row :133 - Processing item.
12-24-2021 @ 12:13:57 - Processing users.
12-24-2021 @ 12:13:57 - > &#8220;1186&#8221;User imported successfully. ID:1186
12-24-2021 @ 12:13:57 - > Finished importing user 1186
12-24-2021 @ 12:13:57 - Row :133 - User imported successfully.
12-24-2021 @ 12:13:57 - Row :134 - Parsing item.
12-24-2021 @ 12:13:57 - Row :134 - Processing item.
12-24-2021 @ 12:13:57 - Processing users.
12-24-2021 @ 12:13:57 - > &#8220;1187&#8221;User imported successfully. ID:1187
12-24-2021 @ 12:13:57 - > Finished importing user 1187
12-24-2021 @ 12:13:57 - Row :134 - User imported successfully.
12-24-2021 @ 12:13:57 - Row :135 - Parsing item.
12-24-2021 @ 12:13:57 - Row :135 - Processing item.
12-24-2021 @ 12:13:57 - Processing users.
12-24-2021 @ 12:13:57 - > &#8220;1188&#8221;User imported successfully. ID:1188
12-24-2021 @ 12:13:57 - > Finished importing user 1188
12-24-2021 @ 12:13:57 - Row :135 - User imported successfully.
12-24-2021 @ 12:13:57 - Row :136 - Parsing item.
12-24-2021 @ 12:13:57 - Row :136 - Processing item.
12-24-2021 @ 12:13:57 - Processing users.
12-24-2021 @ 12:13:57 - > &#8220;1189&#8221;User imported successfully. ID:1189
12-24-2021 @ 12:13:57 - > Finished importing user 1189
12-24-2021 @ 12:13:57 - Row :136 - User imported successfully.
12-24-2021 @ 12:13:57 - Row :137 - Parsing item.
12-24-2021 @ 12:13:57 - Row :137 - Processing item.
12-24-2021 @ 12:13:57 - Processing users.
12-24-2021 @ 12:13:57 - > &#8220;1190&#8221;User imported successfully. ID:1190
12-24-2021 @ 12:13:57 - > Finished importing user 1190
12-24-2021 @ 12:13:57 - Row :137 - User imported successfully.
12-24-2021 @ 12:13:57 - Row :138 - Parsing item.
12-24-2021 @ 12:13:57 - Row :138 - Parsing failed. Reason: User with same Email already exists. Email: info@clane.co.jp
12-24-2021 @ 12:13:57 - Row :139 - Parsing item.
12-24-2021 @ 12:13:57 - Row :139 - Processing item.
12-24-2021 @ 12:13:57 - Processing users.
12-24-2021 @ 12:13:57 - > &#8220;1191&#8221;User imported successfully. ID:1191
12-24-2021 @ 12:13:57 - > Finished importing user 1191
12-24-2021 @ 12:13:57 - Row :139 - User imported successfully.
12-24-2021 @ 12:13:57 - Row :140 - Parsing item.
12-24-2021 @ 12:13:57 - Row :140 - Processing item.
12-24-2021 @ 12:13:57 - Processing users.
12-24-2021 @ 12:13:57 - > &#8220;1192&#8221;User imported successfully. ID:1192
12-24-2021 @ 12:13:57 - > Finished importing user 1192
12-24-2021 @ 12:13:57 - Row :140 - User imported successfully.
12-24-2021 @ 12:13:58 - Preparing for import.
12-24-2021 @ 12:13:58 - Row :141 - Parsing item.
12-24-2021 @ 12:13:58 - Row :141 - Processing item.
12-24-2021 @ 12:13:58 - Processing users.
12-24-2021 @ 12:13:58 - > &#8220;1193&#8221;User imported successfully. ID:1193
12-24-2021 @ 12:13:58 - > Finished importing user 1193
12-24-2021 @ 12:13:58 - Row :141 - User imported successfully.
12-24-2021 @ 12:13:58 - ---[ Import ended at 2021-12-24 12:13:58]---
