12-24-2021 @ 12:48:00 - ---[ New import started at 2021-12-24 12:48:00 ] PHP Memory: 1 GB, WP Memory: 40 MB
12-24-2021 @ 12:48:00 - Preparing for import.
12-24-2021 @ 12:48:00 - Row :1 - Parsing item.
12-24-2021 @ 12:48:00 - Row :1 - Processing item.
12-24-2021 @ 12:48:00 - Processing users.
12-24-2021 @ 12:48:00 - > &#8220;474&#8221;User imported successfully. ID:474
12-24-2021 @ 12:48:00 - > Finished importing user 474
12-24-2021 @ 12:48:00 - Row :1 - User imported successfully.
12-24-2021 @ 12:48:00 - Row :2 - Parsing item.
12-24-2021 @ 12:48:00 - Row :2 - Processing item.
12-24-2021 @ 12:48:00 - Processing users.
12-24-2021 @ 12:48:00 - > &#8220;475&#8221;User imported successfully. ID:475
12-24-2021 @ 12:48:00 - > Finished importing user 475
12-24-2021 @ 12:48:00 - Row :2 - User imported successfully.
12-24-2021 @ 12:48:00 - Row :3 - Parsing item.
12-24-2021 @ 12:48:00 - Row :3 - Processing item.
12-24-2021 @ 12:48:00 - Processing users.
12-24-2021 @ 12:48:00 - > &#8220;476&#8221;User imported successfully. ID:476
12-24-2021 @ 12:48:00 - > Finished importing user 476
12-24-2021 @ 12:48:00 - Row :3 - User imported successfully.
12-24-2021 @ 12:48:00 - Row :4 - Parsing item.
12-24-2021 @ 12:48:00 - Row :4 - Processing item.
12-24-2021 @ 12:48:00 - Processing users.
12-24-2021 @ 12:48:00 - > &#8220;477&#8221;User imported successfully. ID:477
12-24-2021 @ 12:48:00 - > Finished importing user 477
12-24-2021 @ 12:48:00 - Row :4 - User imported successfully.
12-24-2021 @ 12:48:00 - Row :5 - Parsing item.
12-24-2021 @ 12:48:00 - Row :5 - Processing item.
12-24-2021 @ 12:48:00 - Processing users.
12-24-2021 @ 12:48:00 - > &#8220;478&#8221;User imported successfully. ID:478
12-24-2021 @ 12:48:00 - > Finished importing user 478
12-24-2021 @ 12:48:00 - Row :5 - User imported successfully.
12-24-2021 @ 12:48:00 - Row :6 - Parsing item.
12-24-2021 @ 12:48:00 - Row :6 - Processing item.
12-24-2021 @ 12:48:00 - Processing users.
12-24-2021 @ 12:48:00 - > &#8220;479&#8221;User imported successfully. ID:479
12-24-2021 @ 12:48:00 - > Finished importing user 479
12-24-2021 @ 12:48:00 - Row :6 - User imported successfully.
12-24-2021 @ 12:48:00 - Row :7 - Parsing item.
12-24-2021 @ 12:48:00 - > skipped: cannot insert user without email.
12-24-2021 @ 12:48:00 - Row :7 - Parsing failed. Reason: > skipped: cannot insert user without email.
12-24-2021 @ 12:48:00 - Row :8 - Parsing item.
12-24-2021 @ 12:48:00 - Row :8 - Processing item.
12-24-2021 @ 12:48:00 - Processing users.
12-24-2021 @ 12:48:00 - > &#8220;480&#8221;User imported successfully. ID:480
12-24-2021 @ 12:48:00 - > Finished importing user 480
12-24-2021 @ 12:48:00 - Row :8 - User imported successfully.
12-24-2021 @ 12:48:00 - Row :9 - Parsing item.
12-24-2021 @ 12:48:00 - Row :9 - Processing item.
12-24-2021 @ 12:48:00 - Processing users.
12-24-2021 @ 12:48:00 - > &#8220;481&#8221;User imported successfully. ID:481
12-24-2021 @ 12:48:00 - > Finished importing user 481
12-24-2021 @ 12:48:00 - Row :9 - User imported successfully.
12-24-2021 @ 12:48:00 - Row :10 - Parsing item.
12-24-2021 @ 12:48:00 - Row :10 - Processing item.
12-24-2021 @ 12:48:00 - Processing users.
12-24-2021 @ 12:48:00 - > &#8220;482&#8221;User imported successfully. ID:482
12-24-2021 @ 12:48:00 - > Finished importing user 482
12-24-2021 @ 12:48:00 - Row :10 - User imported successfully.
12-24-2021 @ 12:48:00 - Row :11 - Parsing item.
12-24-2021 @ 12:48:00 - Row :11 - Processing item.
12-24-2021 @ 12:48:00 - Processing users.
12-24-2021 @ 12:48:00 - > &#8220;483&#8221;User imported successfully. ID:483
12-24-2021 @ 12:48:00 - > Finished importing user 483
12-24-2021 @ 12:48:00 - Row :11 - User imported successfully.
12-24-2021 @ 12:48:00 - Row :12 - Parsing item.
12-24-2021 @ 12:48:00 - Row :12 - Processing item.
12-24-2021 @ 12:48:00 - Processing users.
12-24-2021 @ 12:48:00 - > &#8220;484&#8221;User imported successfully. ID:484
12-24-2021 @ 12:48:00 - > Finished importing user 484
12-24-2021 @ 12:48:00 - Row :12 - User imported successfully.
12-24-2021 @ 12:48:00 - Row :13 - Parsing item.
12-24-2021 @ 12:48:00 - Row :13 - Processing item.
12-24-2021 @ 12:48:00 - Processing users.
12-24-2021 @ 12:48:00 - > &#8220;485&#8221;User imported successfully. ID:485
12-24-2021 @ 12:48:00 - > Finished importing user 485
12-24-2021 @ 12:48:00 - Row :13 - User imported successfully.
12-24-2021 @ 12:48:00 - Row :14 - Parsing item.
12-24-2021 @ 12:48:00 - Row :14 - Processing item.
12-24-2021 @ 12:48:00 - Processing users.
12-24-2021 @ 12:48:00 - > &#8220;486&#8221;User imported successfully. ID:486
12-24-2021 @ 12:48:00 - > Finished importing user 486
12-24-2021 @ 12:48:00 - Row :14 - User imported successfully.
12-24-2021 @ 12:48:00 - Row :15 - Parsing item.
12-24-2021 @ 12:48:00 - Row :15 - Processing item.
12-24-2021 @ 12:48:00 - Processing users.
12-24-2021 @ 12:48:00 - > &#8220;487&#8221;User imported successfully. ID:487
12-24-2021 @ 12:48:00 - > Finished importing user 487
12-24-2021 @ 12:48:00 - Row :15 - User imported successfully.
12-24-2021 @ 12:48:00 - Row :16 - Parsing item.
12-24-2021 @ 12:48:00 - Row :16 - Processing item.
12-24-2021 @ 12:48:00 - Processing users.
12-24-2021 @ 12:48:00 - > &#8220;488&#8221;User imported successfully. ID:488
12-24-2021 @ 12:48:00 - > Finished importing user 488
12-24-2021 @ 12:48:00 - Row :16 - User imported successfully.
12-24-2021 @ 12:48:00 - Row :17 - Parsing item.
12-24-2021 @ 12:48:00 - Row :17 - Processing item.
12-24-2021 @ 12:48:00 - Processing users.
12-24-2021 @ 12:48:00 - > &#8220;489&#8221;User imported successfully. ID:489
12-24-2021 @ 12:48:00 - > Finished importing user 489
12-24-2021 @ 12:48:00 - Row :17 - User imported successfully.
12-24-2021 @ 12:48:00 - Row :18 - Parsing item.
12-24-2021 @ 12:48:00 - Row :18 - Processing item.
12-24-2021 @ 12:48:00 - Processing users.
12-24-2021 @ 12:48:00 - > &#8220;490&#8221;User imported successfully. ID:490
12-24-2021 @ 12:48:00 - > Finished importing user 490
12-24-2021 @ 12:48:00 - Row :18 - User imported successfully.
12-24-2021 @ 12:48:00 - Row :19 - Parsing item.
12-24-2021 @ 12:48:00 - Row :19 - Processing item.
12-24-2021 @ 12:48:00 - Processing users.
12-24-2021 @ 12:48:01 - > &#8220;491&#8221;User imported successfully. ID:491
12-24-2021 @ 12:48:01 - > Finished importing user 491
12-24-2021 @ 12:48:01 - Row :19 - User imported successfully.
12-24-2021 @ 12:48:01 - Row :20 - Parsing item.
12-24-2021 @ 12:48:01 - Row :20 - Processing item.
12-24-2021 @ 12:48:01 - Processing users.
12-24-2021 @ 12:48:01 - > &#8220;492&#8221;User imported successfully. ID:492
12-24-2021 @ 12:48:01 - > Finished importing user 492
12-24-2021 @ 12:48:01 - Row :20 - User imported successfully.
12-24-2021 @ 12:48:01 - Row :21 - Parsing item.
12-24-2021 @ 12:48:01 - Row :21 - Processing item.
12-24-2021 @ 12:48:01 - Processing users.
12-24-2021 @ 12:48:01 - > &#8220;493&#8221;User imported successfully. ID:493
12-24-2021 @ 12:48:01 - > Finished importing user 493
12-24-2021 @ 12:48:01 - Row :21 - User imported successfully.
12-24-2021 @ 12:48:01 - Row :22 - Parsing item.
12-24-2021 @ 12:48:01 - Row :22 - Processing item.
12-24-2021 @ 12:48:01 - Processing users.
12-24-2021 @ 12:48:01 - > &#8220;494&#8221;User imported successfully. ID:494
12-24-2021 @ 12:48:01 - > Finished importing user 494
12-24-2021 @ 12:48:01 - Row :22 - User imported successfully.
12-24-2021 @ 12:48:01 - Row :23 - Parsing item.
12-24-2021 @ 12:48:01 - Row :23 - Processing item.
12-24-2021 @ 12:48:01 - Processing users.
12-24-2021 @ 12:48:01 - > &#8220;495&#8221;User imported successfully. ID:495
12-24-2021 @ 12:48:01 - > Finished importing user 495
12-24-2021 @ 12:48:01 - Row :23 - User imported successfully.
12-24-2021 @ 12:48:01 - Row :24 - Parsing item.
12-24-2021 @ 12:48:01 - Row :24 - Processing item.
12-24-2021 @ 12:48:01 - Processing users.
12-24-2021 @ 12:48:01 - > &#8220;496&#8221;User imported successfully. ID:496
12-24-2021 @ 12:48:01 - > Finished importing user 496
12-24-2021 @ 12:48:01 - Row :24 - User imported successfully.
12-24-2021 @ 12:48:01 - Row :25 - Parsing item.
12-24-2021 @ 12:48:01 - Row :25 - Processing item.
12-24-2021 @ 12:48:01 - Processing users.
12-24-2021 @ 12:48:01 - > &#8220;497&#8221;User imported successfully. ID:497
12-24-2021 @ 12:48:01 - > Finished importing user 497
12-24-2021 @ 12:48:01 - Row :25 - User imported successfully.
12-24-2021 @ 12:48:01 - Row :26 - Parsing item.
12-24-2021 @ 12:48:01 - Row :26 - Processing item.
12-24-2021 @ 12:48:01 - Processing users.
12-24-2021 @ 12:48:01 - > &#8220;498&#8221;User imported successfully. ID:498
12-24-2021 @ 12:48:01 - > Finished importing user 498
12-24-2021 @ 12:48:01 - Row :26 - User imported successfully.
12-24-2021 @ 12:48:01 - Row :27 - Parsing item.
12-24-2021 @ 12:48:01 - Row :27 - Processing item.
12-24-2021 @ 12:48:01 - Processing users.
12-24-2021 @ 12:48:01 - > &#8220;499&#8221;User imported successfully. ID:499
12-24-2021 @ 12:48:01 - > Finished importing user 499
12-24-2021 @ 12:48:01 - Row :27 - User imported successfully.
12-24-2021 @ 12:48:01 - Row :28 - Parsing item.
12-24-2021 @ 12:48:01 - Row :28 - Processing item.
12-24-2021 @ 12:48:01 - Processing users.
12-24-2021 @ 12:48:01 - > &#8220;500&#8221;User imported successfully. ID:500
12-24-2021 @ 12:48:01 - > Finished importing user 500
12-24-2021 @ 12:48:01 - Row :28 - User imported successfully.
12-24-2021 @ 12:48:01 - Row :29 - Parsing item.
12-24-2021 @ 12:48:01 - Row :29 - Processing item.
12-24-2021 @ 12:48:01 - Processing users.
12-24-2021 @ 12:48:01 - > &#8220;501&#8221;User imported successfully. ID:501
12-24-2021 @ 12:48:01 - > Finished importing user 501
12-24-2021 @ 12:48:01 - Row :29 - User imported successfully.
12-24-2021 @ 12:48:01 - Row :30 - Parsing item.
12-24-2021 @ 12:48:01 - Row :30 - Processing item.
12-24-2021 @ 12:48:01 - Processing users.
12-24-2021 @ 12:48:01 - > &#8220;502&#8221;User imported successfully. ID:502
12-24-2021 @ 12:48:01 - > Finished importing user 502
12-24-2021 @ 12:48:01 - Row :30 - User imported successfully.
12-24-2021 @ 12:48:01 - Row :31 - Parsing item.
12-24-2021 @ 12:48:01 - Row :31 - Processing item.
12-24-2021 @ 12:48:01 - Processing users.
12-24-2021 @ 12:48:01 - > &#8220;503&#8221;User imported successfully. ID:503
12-24-2021 @ 12:48:01 - > Finished importing user 503
12-24-2021 @ 12:48:01 - Row :31 - User imported successfully.
12-24-2021 @ 12:48:01 - Row :32 - Parsing item.
12-24-2021 @ 12:48:01 - Row :32 - Processing item.
12-24-2021 @ 12:48:01 - Processing users.
12-24-2021 @ 12:48:01 - > &#8220;504&#8221;User imported successfully. ID:504
12-24-2021 @ 12:48:01 - > Finished importing user 504
12-24-2021 @ 12:48:01 - Row :32 - User imported successfully.
12-24-2021 @ 12:48:01 - Row :33 - Parsing item.
12-24-2021 @ 12:48:01 - Row :33 - Processing item.
12-24-2021 @ 12:48:01 - Processing users.
12-24-2021 @ 12:48:01 - > &#8220;505&#8221;User imported successfully. ID:505
12-24-2021 @ 12:48:01 - > Finished importing user 505
12-24-2021 @ 12:48:01 - Row :33 - User imported successfully.
12-24-2021 @ 12:48:01 - Row :34 - Parsing item.
12-24-2021 @ 12:48:01 - Row :34 - Processing item.
12-24-2021 @ 12:48:01 - Processing users.
12-24-2021 @ 12:48:01 - > &#8220;506&#8221;User imported successfully. ID:506
12-24-2021 @ 12:48:01 - > Finished importing user 506
12-24-2021 @ 12:48:01 - Row :34 - User imported successfully.
12-24-2021 @ 12:48:01 - Row :35 - Parsing item.
12-24-2021 @ 12:48:01 - Row :35 - Processing item.
12-24-2021 @ 12:48:01 - Processing users.
12-24-2021 @ 12:48:01 - > &#8220;507&#8221;User imported successfully. ID:507
12-24-2021 @ 12:48:01 - > Finished importing user 507
12-24-2021 @ 12:48:01 - Row :35 - User imported successfully.
12-24-2021 @ 12:48:01 - Row :36 - Parsing item.
12-24-2021 @ 12:48:01 - Row :36 - Processing item.
12-24-2021 @ 12:48:01 - Processing users.
12-24-2021 @ 12:48:01 - > &#8220;508&#8221;User imported successfully. ID:508
12-24-2021 @ 12:48:01 - > Finished importing user 508
12-24-2021 @ 12:48:01 - Row :36 - User imported successfully.
12-24-2021 @ 12:48:01 - Row :37 - Parsing item.
12-24-2021 @ 12:48:01 - Row :37 - Processing item.
12-24-2021 @ 12:48:01 - Processing users.
12-24-2021 @ 12:48:01 - > &#8220;509&#8221;User imported successfully. ID:509
12-24-2021 @ 12:48:01 - > Finished importing user 509
12-24-2021 @ 12:48:01 - Row :37 - User imported successfully.
12-24-2021 @ 12:48:01 - Row :38 - Parsing item.
12-24-2021 @ 12:48:01 - Row :38 - Processing item.
12-24-2021 @ 12:48:01 - Processing users.
12-24-2021 @ 12:48:01 - > &#8220;510&#8221;User imported successfully. ID:510
12-24-2021 @ 12:48:01 - > Finished importing user 510
12-24-2021 @ 12:48:01 - Row :38 - User imported successfully.
12-24-2021 @ 12:48:01 - Row :39 - Parsing item.
12-24-2021 @ 12:48:01 - Row :39 - Processing item.
12-24-2021 @ 12:48:01 - Processing users.
12-24-2021 @ 12:48:01 - > &#8220;511&#8221;User imported successfully. ID:511
12-24-2021 @ 12:48:01 - > Finished importing user 511
12-24-2021 @ 12:48:01 - Row :39 - User imported successfully.
12-24-2021 @ 12:48:01 - Row :40 - Parsing item.
12-24-2021 @ 12:48:01 - Row :40 - Processing item.
12-24-2021 @ 12:48:01 - Processing users.
12-24-2021 @ 12:48:01 - > &#8220;512&#8221;User imported successfully. ID:512
12-24-2021 @ 12:48:01 - > Finished importing user 512
12-24-2021 @ 12:48:01 - Row :40 - User imported successfully.
12-24-2021 @ 12:48:01 - Row :41 - Parsing item.
12-24-2021 @ 12:48:01 - Row :41 - Processing item.
12-24-2021 @ 12:48:01 - Processing users.
12-24-2021 @ 12:48:01 - > &#8220;513&#8221;User imported successfully. ID:513
12-24-2021 @ 12:48:01 - > Finished importing user 513
12-24-2021 @ 12:48:01 - Row :41 - User imported successfully.
12-24-2021 @ 12:48:01 - Row :42 - Parsing item.
12-24-2021 @ 12:48:01 - Row :42 - Processing item.
12-24-2021 @ 12:48:01 - Processing users.
12-24-2021 @ 12:48:01 - > &#8220;514&#8221;User imported successfully. ID:514
12-24-2021 @ 12:48:01 - > Finished importing user 514
12-24-2021 @ 12:48:01 - Row :42 - User imported successfully.
12-24-2021 @ 12:48:01 - Row :43 - Parsing item.
12-24-2021 @ 12:48:01 - Row :43 - Processing item.
12-24-2021 @ 12:48:01 - Processing users.
12-24-2021 @ 12:48:01 - > &#8220;515&#8221;User imported successfully. ID:515
12-24-2021 @ 12:48:01 - > Finished importing user 515
12-24-2021 @ 12:48:01 - Row :43 - User imported successfully.
12-24-2021 @ 12:48:01 - Row :44 - Parsing item.
12-24-2021 @ 12:48:01 - Row :44 - Processing item.
12-24-2021 @ 12:48:01 - Processing users.
12-24-2021 @ 12:48:01 - > &#8220;516&#8221;User imported successfully. ID:516
12-24-2021 @ 12:48:01 - > Finished importing user 516
12-24-2021 @ 12:48:01 - Row :44 - User imported successfully.
12-24-2021 @ 12:48:01 - Row :45 - Parsing item.
12-24-2021 @ 12:48:01 - Row :45 - Processing item.
12-24-2021 @ 12:48:01 - Processing users.
12-24-2021 @ 12:48:01 - > &#8220;517&#8221;User imported successfully. ID:517
12-24-2021 @ 12:48:01 - > Finished importing user 517
12-24-2021 @ 12:48:01 - Row :45 - User imported successfully.
12-24-2021 @ 12:48:01 - Row :46 - Parsing item.
12-24-2021 @ 12:48:01 - Row :46 - Processing item.
12-24-2021 @ 12:48:01 - Processing users.
12-24-2021 @ 12:48:01 - > &#8220;518&#8221;User imported successfully. ID:518
12-24-2021 @ 12:48:01 - > Finished importing user 518
12-24-2021 @ 12:48:01 - Row :46 - User imported successfully.
12-24-2021 @ 12:48:01 - Row :47 - Parsing item.
12-24-2021 @ 12:48:01 - Row :47 - Processing item.
12-24-2021 @ 12:48:01 - Processing users.
12-24-2021 @ 12:48:01 - > &#8220;519&#8221;User imported successfully. ID:519
12-24-2021 @ 12:48:01 - > Finished importing user 519
12-24-2021 @ 12:48:01 - Row :47 - User imported successfully.
12-24-2021 @ 12:48:01 - Row :48 - Parsing item.
12-24-2021 @ 12:48:01 - Row :48 - Processing item.
12-24-2021 @ 12:48:01 - Processing users.
12-24-2021 @ 12:48:01 - > &#8220;520&#8221;User imported successfully. ID:520
12-24-2021 @ 12:48:01 - > Finished importing user 520
12-24-2021 @ 12:48:01 - Row :48 - User imported successfully.
12-24-2021 @ 12:48:01 - Row :49 - Parsing item.
12-24-2021 @ 12:48:01 - Row :49 - Processing item.
12-24-2021 @ 12:48:01 - Processing users.
12-24-2021 @ 12:48:01 - > &#8220;521&#8221;User imported successfully. ID:521
12-24-2021 @ 12:48:01 - > Finished importing user 521
12-24-2021 @ 12:48:01 - Row :49 - User imported successfully.
12-24-2021 @ 12:48:01 - Row :50 - Parsing item.
12-24-2021 @ 12:48:01 - Row :50 - Processing item.
12-24-2021 @ 12:48:01 - Processing users.
12-24-2021 @ 12:48:01 - > &#8220;522&#8221;User imported successfully. ID:522
12-24-2021 @ 12:48:01 - > Finished importing user 522
12-24-2021 @ 12:48:01 - Row :50 - User imported successfully.
12-24-2021 @ 12:48:01 - Row :51 - Parsing item.
12-24-2021 @ 12:48:01 - Row :51 - Processing item.
12-24-2021 @ 12:48:01 - Processing users.
12-24-2021 @ 12:48:01 - > &#8220;523&#8221;User imported successfully. ID:523
12-24-2021 @ 12:48:01 - > Finished importing user 523
12-24-2021 @ 12:48:01 - Row :51 - User imported successfully.
12-24-2021 @ 12:48:01 - Row :52 - Parsing item.
12-24-2021 @ 12:48:01 - Row :52 - Processing item.
12-24-2021 @ 12:48:01 - Processing users.
12-24-2021 @ 12:48:01 - > &#8220;524&#8221;User imported successfully. ID:524
12-24-2021 @ 12:48:01 - > Finished importing user 524
12-24-2021 @ 12:48:01 - Row :52 - User imported successfully.
12-24-2021 @ 12:48:01 - Row :53 - Parsing item.
12-24-2021 @ 12:48:01 - Row :53 - Processing item.
12-24-2021 @ 12:48:01 - Processing users.
12-24-2021 @ 12:48:01 - > &#8220;525&#8221;User imported successfully. ID:525
12-24-2021 @ 12:48:01 - > Finished importing user 525
12-24-2021 @ 12:48:01 - Row :53 - User imported successfully.
12-24-2021 @ 12:48:01 - Row :54 - Parsing item.
12-24-2021 @ 12:48:01 - Row :54 - Processing item.
12-24-2021 @ 12:48:01 - Processing users.
12-24-2021 @ 12:48:01 - > &#8220;526&#8221;User imported successfully. ID:526
12-24-2021 @ 12:48:01 - > Finished importing user 526
12-24-2021 @ 12:48:01 - Row :54 - User imported successfully.
12-24-2021 @ 12:48:01 - Row :55 - Parsing item.
12-24-2021 @ 12:48:01 - Row :55 - Processing item.
12-24-2021 @ 12:48:01 - Processing users.
12-24-2021 @ 12:48:01 - > &#8220;527&#8221;User imported successfully. ID:527
12-24-2021 @ 12:48:01 - > Finished importing user 527
12-24-2021 @ 12:48:01 - Row :55 - User imported successfully.
12-24-2021 @ 12:48:01 - Row :56 - Parsing item.
12-24-2021 @ 12:48:01 - Row :56 - Processing item.
12-24-2021 @ 12:48:01 - Processing users.
12-24-2021 @ 12:48:01 - > &#8220;528&#8221;User imported successfully. ID:528
12-24-2021 @ 12:48:01 - > Finished importing user 528
12-24-2021 @ 12:48:01 - Row :56 - User imported successfully.
12-24-2021 @ 12:48:01 - Row :57 - Parsing item.
12-24-2021 @ 12:48:01 - Row :57 - Processing item.
12-24-2021 @ 12:48:01 - Processing users.
12-24-2021 @ 12:48:01 - > &#8220;529&#8221;User imported successfully. ID:529
12-24-2021 @ 12:48:01 - > Finished importing user 529
12-24-2021 @ 12:48:01 - Row :57 - User imported successfully.
12-24-2021 @ 12:48:01 - Row :58 - Parsing item.
12-24-2021 @ 12:48:01 - Row :58 - Processing item.
12-24-2021 @ 12:48:01 - Processing users.
12-24-2021 @ 12:48:01 - > &#8220;530&#8221;User imported successfully. ID:530
12-24-2021 @ 12:48:01 - > Finished importing user 530
12-24-2021 @ 12:48:01 - Row :58 - User imported successfully.
12-24-2021 @ 12:48:01 - Row :59 - Parsing item.
12-24-2021 @ 12:48:01 - Row :59 - Processing item.
12-24-2021 @ 12:48:01 - Processing users.
12-24-2021 @ 12:48:01 - > &#8220;531&#8221;User imported successfully. ID:531
12-24-2021 @ 12:48:01 - > Finished importing user 531
12-24-2021 @ 12:48:01 - Row :59 - User imported successfully.
12-24-2021 @ 12:48:01 - Row :60 - Parsing item.
12-24-2021 @ 12:48:01 - Row :60 - Processing item.
12-24-2021 @ 12:48:01 - Processing users.
12-24-2021 @ 12:48:01 - > &#8220;532&#8221;User imported successfully. ID:532
12-24-2021 @ 12:48:01 - > Finished importing user 532
12-24-2021 @ 12:48:01 - Row :60 - User imported successfully.
12-24-2021 @ 12:48:01 - Row :61 - Parsing item.
12-24-2021 @ 12:48:01 - Row :61 - Processing item.
12-24-2021 @ 12:48:01 - Processing users.
12-24-2021 @ 12:48:01 - > &#8220;533&#8221;User imported successfully. ID:533
12-24-2021 @ 12:48:01 - > Finished importing user 533
12-24-2021 @ 12:48:01 - Row :61 - User imported successfully.
12-24-2021 @ 12:48:01 - Row :62 - Parsing item.
12-24-2021 @ 12:48:01 - Row :62 - Processing item.
12-24-2021 @ 12:48:01 - Processing users.
12-24-2021 @ 12:48:01 - > &#8220;534&#8221;User imported successfully. ID:534
12-24-2021 @ 12:48:01 - > Finished importing user 534
12-24-2021 @ 12:48:01 - Row :62 - User imported successfully.
12-24-2021 @ 12:48:01 - Row :63 - Parsing item.
12-24-2021 @ 12:48:01 - Row :63 - Processing item.
12-24-2021 @ 12:48:01 - Processing users.
12-24-2021 @ 12:48:01 - > &#8220;535&#8221;User imported successfully. ID:535
12-24-2021 @ 12:48:01 - > Finished importing user 535
12-24-2021 @ 12:48:01 - Row :63 - User imported successfully.
12-24-2021 @ 12:48:01 - Row :64 - Parsing item.
12-24-2021 @ 12:48:01 - Row :64 - Processing item.
12-24-2021 @ 12:48:01 - Processing users.
12-24-2021 @ 12:48:02 - > &#8220;536&#8221;User imported successfully. ID:536
12-24-2021 @ 12:48:02 - > Finished importing user 536
12-24-2021 @ 12:48:02 - Row :64 - User imported successfully.
12-24-2021 @ 12:48:02 - Row :65 - Parsing item.
12-24-2021 @ 12:48:02 - Row :65 - Processing item.
12-24-2021 @ 12:48:02 - Processing users.
12-24-2021 @ 12:48:02 - > &#8220;537&#8221;User imported successfully. ID:537
12-24-2021 @ 12:48:02 - > Finished importing user 537
12-24-2021 @ 12:48:02 - Row :65 - User imported successfully.
12-24-2021 @ 12:48:02 - Row :66 - Parsing item.
12-24-2021 @ 12:48:02 - Row :66 - Processing item.
12-24-2021 @ 12:48:02 - Processing users.
12-24-2021 @ 12:48:02 - > &#8220;538&#8221;User imported successfully. ID:538
12-24-2021 @ 12:48:02 - > Finished importing user 538
12-24-2021 @ 12:48:02 - Row :66 - User imported successfully.
12-24-2021 @ 12:48:02 - Row :67 - Parsing item.
12-24-2021 @ 12:48:02 - Row :67 - Processing item.
12-24-2021 @ 12:48:02 - Processing users.
12-24-2021 @ 12:48:02 - > &#8220;539&#8221;User imported successfully. ID:539
12-24-2021 @ 12:48:02 - > Finished importing user 539
12-24-2021 @ 12:48:02 - Row :67 - User imported successfully.
12-24-2021 @ 12:48:02 - Row :68 - Parsing item.
12-24-2021 @ 12:48:02 - Row :68 - Processing item.
12-24-2021 @ 12:48:02 - Processing users.
12-24-2021 @ 12:48:02 - > &#8220;540&#8221;User imported successfully. ID:540
12-24-2021 @ 12:48:02 - > Finished importing user 540
12-24-2021 @ 12:48:02 - Row :68 - User imported successfully.
12-24-2021 @ 12:48:02 - Row :69 - Parsing item.
12-24-2021 @ 12:48:02 - Row :69 - Processing item.
12-24-2021 @ 12:48:02 - Processing users.
12-24-2021 @ 12:48:02 - > &#8220;541&#8221;User imported successfully. ID:541
12-24-2021 @ 12:48:02 - > Finished importing user 541
12-24-2021 @ 12:48:02 - Row :69 - User imported successfully.
12-24-2021 @ 12:48:02 - Row :70 - Parsing item.
12-24-2021 @ 12:48:02 - Row :70 - Processing item.
12-24-2021 @ 12:48:02 - Processing users.
12-24-2021 @ 12:48:02 - > &#8220;542&#8221;User imported successfully. ID:542
12-24-2021 @ 12:48:02 - > Finished importing user 542
12-24-2021 @ 12:48:02 - Row :70 - User imported successfully.
12-24-2021 @ 12:48:02 - Row :71 - Parsing item.
12-24-2021 @ 12:48:02 - Row :71 - Processing item.
12-24-2021 @ 12:48:02 - Processing users.
12-24-2021 @ 12:48:02 - > &#8220;543&#8221;User imported successfully. ID:543
12-24-2021 @ 12:48:02 - > Finished importing user 543
12-24-2021 @ 12:48:02 - Row :71 - User imported successfully.
12-24-2021 @ 12:48:02 - Row :72 - Parsing item.
12-24-2021 @ 12:48:02 - Row :72 - Processing item.
12-24-2021 @ 12:48:02 - Processing users.
12-24-2021 @ 12:48:02 - > &#8220;544&#8221;User imported successfully. ID:544
12-24-2021 @ 12:48:02 - > Finished importing user 544
12-24-2021 @ 12:48:02 - Row :72 - User imported successfully.
12-24-2021 @ 12:48:02 - Row :73 - Parsing item.
12-24-2021 @ 12:48:02 - Row :73 - Processing item.
12-24-2021 @ 12:48:02 - Processing users.
12-24-2021 @ 12:48:02 - > &#8220;545&#8221;User imported successfully. ID:545
12-24-2021 @ 12:48:02 - > Finished importing user 545
12-24-2021 @ 12:48:02 - Row :73 - User imported successfully.
12-24-2021 @ 12:48:02 - Row :74 - Parsing item.
12-24-2021 @ 12:48:02 - Row :74 - Processing item.
12-24-2021 @ 12:48:02 - Processing users.
12-24-2021 @ 12:48:02 - > &#8220;546&#8221;User imported successfully. ID:546
12-24-2021 @ 12:48:02 - > Finished importing user 546
12-24-2021 @ 12:48:02 - Row :74 - User imported successfully.
12-24-2021 @ 12:48:02 - Row :75 - Parsing item.
12-24-2021 @ 12:48:02 - Row :75 - Processing item.
12-24-2021 @ 12:48:02 - Processing users.
12-24-2021 @ 12:48:02 - > &#8220;547&#8221;User imported successfully. ID:547
12-24-2021 @ 12:48:02 - > Finished importing user 547
12-24-2021 @ 12:48:02 - Row :75 - User imported successfully.
12-24-2021 @ 12:48:02 - Row :76 - Parsing item.
12-24-2021 @ 12:48:02 - Row :76 - Processing item.
12-24-2021 @ 12:48:02 - Processing users.
12-24-2021 @ 12:48:02 - > &#8220;548&#8221;User imported successfully. ID:548
12-24-2021 @ 12:48:02 - > Finished importing user 548
12-24-2021 @ 12:48:02 - Row :76 - User imported successfully.
12-24-2021 @ 12:48:02 - Row :77 - Parsing item.
12-24-2021 @ 12:48:02 - Row :77 - Processing item.
12-24-2021 @ 12:48:02 - Processing users.
12-24-2021 @ 12:48:02 - > &#8220;549&#8221;User imported successfully. ID:549
12-24-2021 @ 12:48:02 - > Finished importing user 549
12-24-2021 @ 12:48:02 - Row :77 - User imported successfully.
12-24-2021 @ 12:48:02 - Row :78 - Parsing item.
12-24-2021 @ 12:48:02 - Row :78 - Processing item.
12-24-2021 @ 12:48:02 - Processing users.
12-24-2021 @ 12:48:02 - > &#8220;550&#8221;User imported successfully. ID:550
12-24-2021 @ 12:48:02 - > Finished importing user 550
12-24-2021 @ 12:48:02 - Row :78 - User imported successfully.
12-24-2021 @ 12:48:02 - Row :79 - Parsing item.
12-24-2021 @ 12:48:02 - Row :79 - Processing item.
12-24-2021 @ 12:48:02 - Processing users.
12-24-2021 @ 12:48:02 - > &#8220;551&#8221;User imported successfully. ID:551
12-24-2021 @ 12:48:02 - > Finished importing user 551
12-24-2021 @ 12:48:02 - Row :79 - User imported successfully.
12-24-2021 @ 12:48:02 - Row :80 - Parsing item.
12-24-2021 @ 12:48:02 - Row :80 - Processing item.
12-24-2021 @ 12:48:02 - Processing users.
12-24-2021 @ 12:48:02 - > &#8220;552&#8221;User imported successfully. ID:552
12-24-2021 @ 12:48:02 - > Finished importing user 552
12-24-2021 @ 12:48:02 - Row :80 - User imported successfully.
12-24-2021 @ 12:48:02 - Row :81 - Parsing item.
12-24-2021 @ 12:48:02 - Row :81 - Processing item.
12-24-2021 @ 12:48:02 - Processing users.
12-24-2021 @ 12:48:02 - > &#8220;553&#8221;User imported successfully. ID:553
12-24-2021 @ 12:48:02 - > Finished importing user 553
12-24-2021 @ 12:48:02 - Row :81 - User imported successfully.
12-24-2021 @ 12:48:02 - Row :82 - Parsing item.
12-24-2021 @ 12:48:02 - Row :82 - Processing item.
12-24-2021 @ 12:48:02 - Processing users.
12-24-2021 @ 12:48:02 - > &#8220;554&#8221;User imported successfully. ID:554
12-24-2021 @ 12:48:02 - > Finished importing user 554
12-24-2021 @ 12:48:02 - Row :82 - User imported successfully.
12-24-2021 @ 12:48:02 - Row :83 - Parsing item.
12-24-2021 @ 12:48:02 - Row :83 - Processing item.
12-24-2021 @ 12:48:02 - Processing users.
12-24-2021 @ 12:48:02 - > &#8220;555&#8221;User imported successfully. ID:555
12-24-2021 @ 12:48:02 - > Finished importing user 555
12-24-2021 @ 12:48:02 - Row :83 - User imported successfully.
12-24-2021 @ 12:48:02 - Row :84 - Parsing item.
12-24-2021 @ 12:48:02 - Row :84 - Processing item.
12-24-2021 @ 12:48:02 - Processing users.
12-24-2021 @ 12:48:02 - > &#8220;556&#8221;User imported successfully. ID:556
12-24-2021 @ 12:48:02 - > Finished importing user 556
12-24-2021 @ 12:48:02 - Row :84 - User imported successfully.
12-24-2021 @ 12:48:02 - Row :85 - Parsing item.
12-24-2021 @ 12:48:02 - Row :85 - Processing item.
12-24-2021 @ 12:48:02 - Processing users.
12-24-2021 @ 12:48:02 - > &#8220;557&#8221;User imported successfully. ID:557
12-24-2021 @ 12:48:02 - > Finished importing user 557
12-24-2021 @ 12:48:02 - Row :85 - User imported successfully.
12-24-2021 @ 12:48:02 - Row :86 - Parsing item.
12-24-2021 @ 12:48:02 - Row :86 - Processing item.
12-24-2021 @ 12:48:02 - Processing users.
12-24-2021 @ 12:48:02 - > &#8220;558&#8221;User imported successfully. ID:558
12-24-2021 @ 12:48:02 - > Finished importing user 558
12-24-2021 @ 12:48:02 - Row :86 - User imported successfully.
12-24-2021 @ 12:48:02 - Row :87 - Parsing item.
12-24-2021 @ 12:48:02 - Row :87 - Processing item.
12-24-2021 @ 12:48:02 - Processing users.
12-24-2021 @ 12:48:02 - > &#8220;559&#8221;User imported successfully. ID:559
12-24-2021 @ 12:48:02 - > Finished importing user 559
12-24-2021 @ 12:48:02 - Row :87 - User imported successfully.
12-24-2021 @ 12:48:02 - Row :88 - Parsing item.
12-24-2021 @ 12:48:02 - Row :88 - Processing item.
12-24-2021 @ 12:48:02 - Processing users.
12-24-2021 @ 12:48:02 - > &#8220;560&#8221;User imported successfully. ID:560
12-24-2021 @ 12:48:02 - > Finished importing user 560
12-24-2021 @ 12:48:02 - Row :88 - User imported successfully.
12-24-2021 @ 12:48:02 - Row :89 - Parsing item.
12-24-2021 @ 12:48:02 - Row :89 - Processing item.
12-24-2021 @ 12:48:02 - Processing users.
12-24-2021 @ 12:48:02 - > &#8220;561&#8221;User imported successfully. ID:561
12-24-2021 @ 12:48:02 - > Finished importing user 561
12-24-2021 @ 12:48:02 - Row :89 - User imported successfully.
12-24-2021 @ 12:48:02 - Row :90 - Parsing item.
12-24-2021 @ 12:48:02 - Row :90 - Processing item.
12-24-2021 @ 12:48:02 - Processing users.
12-24-2021 @ 12:48:02 - > &#8220;562&#8221;User imported successfully. ID:562
12-24-2021 @ 12:48:02 - > Finished importing user 562
12-24-2021 @ 12:48:02 - Row :90 - User imported successfully.
12-24-2021 @ 12:48:02 - Row :91 - Parsing item.
12-24-2021 @ 12:48:02 - Row :91 - Processing item.
12-24-2021 @ 12:48:02 - Processing users.
12-24-2021 @ 12:48:02 - > &#8220;563&#8221;User imported successfully. ID:563
12-24-2021 @ 12:48:02 - > Finished importing user 563
12-24-2021 @ 12:48:02 - Row :91 - User imported successfully.
12-24-2021 @ 12:48:02 - Row :92 - Parsing item.
12-24-2021 @ 12:48:02 - Row :92 - Processing item.
12-24-2021 @ 12:48:02 - Processing users.
12-24-2021 @ 12:48:02 - > &#8220;564&#8221;User imported successfully. ID:564
12-24-2021 @ 12:48:02 - > Finished importing user 564
12-24-2021 @ 12:48:02 - Row :92 - User imported successfully.
12-24-2021 @ 12:48:02 - Row :93 - Parsing item.
12-24-2021 @ 12:48:02 - Row :93 - Processing item.
12-24-2021 @ 12:48:02 - Processing users.
12-24-2021 @ 12:48:02 - > &#8220;565&#8221;User imported successfully. ID:565
12-24-2021 @ 12:48:02 - > Finished importing user 565
12-24-2021 @ 12:48:02 - Row :93 - User imported successfully.
12-24-2021 @ 12:48:02 - Row :94 - Parsing item.
12-24-2021 @ 12:48:02 - Row :94 - Processing item.
12-24-2021 @ 12:48:02 - Processing users.
12-24-2021 @ 12:48:02 - > &#8220;566&#8221;User imported successfully. ID:566
12-24-2021 @ 12:48:02 - > Finished importing user 566
12-24-2021 @ 12:48:02 - Row :94 - User imported successfully.
12-24-2021 @ 12:48:02 - Row :95 - Parsing item.
12-24-2021 @ 12:48:02 - Row :95 - Processing item.
12-24-2021 @ 12:48:02 - Processing users.
12-24-2021 @ 12:48:02 - > &#8220;567&#8221;User imported successfully. ID:567
12-24-2021 @ 12:48:02 - > Finished importing user 567
12-24-2021 @ 12:48:02 - Row :95 - User imported successfully.
12-24-2021 @ 12:48:02 - Row :96 - Parsing item.
12-24-2021 @ 12:48:02 - Row :96 - Processing item.
12-24-2021 @ 12:48:02 - Processing users.
12-24-2021 @ 12:48:02 - > &#8220;568&#8221;User imported successfully. ID:568
12-24-2021 @ 12:48:02 - > Finished importing user 568
12-24-2021 @ 12:48:02 - Row :96 - User imported successfully.
12-24-2021 @ 12:48:02 - Row :97 - Parsing item.
12-24-2021 @ 12:48:02 - Row :97 - Processing item.
12-24-2021 @ 12:48:02 - Processing users.
12-24-2021 @ 12:48:02 - > &#8220;569&#8221;User imported successfully. ID:569
12-24-2021 @ 12:48:02 - > Finished importing user 569
12-24-2021 @ 12:48:02 - Row :97 - User imported successfully.
12-24-2021 @ 12:48:02 - Row :98 - Parsing item.
12-24-2021 @ 12:48:02 - Row :98 - Processing item.
12-24-2021 @ 12:48:02 - Processing users.
12-24-2021 @ 12:48:02 - > &#8220;570&#8221;User imported successfully. ID:570
12-24-2021 @ 12:48:02 - > Finished importing user 570
12-24-2021 @ 12:48:02 - Row :98 - User imported successfully.
12-24-2021 @ 12:48:02 - Row :99 - Parsing item.
12-24-2021 @ 12:48:02 - Row :99 - Processing item.
12-24-2021 @ 12:48:02 - Processing users.
12-24-2021 @ 12:48:02 - > &#8220;571&#8221;User imported successfully. ID:571
12-24-2021 @ 12:48:02 - > Finished importing user 571
12-24-2021 @ 12:48:02 - Row :99 - User imported successfully.
12-24-2021 @ 12:48:02 - Row :100 - Parsing item.
12-24-2021 @ 12:48:02 - Row :100 - Processing item.
12-24-2021 @ 12:48:02 - Processing users.
12-24-2021 @ 12:48:02 - > &#8220;572&#8221;User imported successfully. ID:572
12-24-2021 @ 12:48:02 - > Finished importing user 572
12-24-2021 @ 12:48:02 - Row :100 - User imported successfully.
12-24-2021 @ 12:48:02 - Row :101 - Parsing item.
12-24-2021 @ 12:48:02 - Row :101 - Processing item.
12-24-2021 @ 12:48:02 - Processing users.
12-24-2021 @ 12:48:02 - > &#8220;573&#8221;User imported successfully. ID:573
12-24-2021 @ 12:48:02 - > Finished importing user 573
12-24-2021 @ 12:48:02 - Row :101 - User imported successfully.
12-24-2021 @ 12:48:02 - Row :102 - Parsing item.
12-24-2021 @ 12:48:02 - Row :102 - Processing item.
12-24-2021 @ 12:48:02 - Processing users.
12-24-2021 @ 12:48:02 - > &#8220;574&#8221;User imported successfully. ID:574
12-24-2021 @ 12:48:02 - > Finished importing user 574
12-24-2021 @ 12:48:02 - Row :102 - User imported successfully.
12-24-2021 @ 12:48:02 - Row :103 - Parsing item.
12-24-2021 @ 12:48:02 - Row :103 - Processing item.
12-24-2021 @ 12:48:02 - Processing users.
12-24-2021 @ 12:48:02 - > &#8220;575&#8221;User imported successfully. ID:575
12-24-2021 @ 12:48:02 - > Finished importing user 575
12-24-2021 @ 12:48:02 - Row :103 - User imported successfully.
12-24-2021 @ 12:48:02 - Row :104 - Parsing item.
12-24-2021 @ 12:48:02 - Row :104 - Processing item.
12-24-2021 @ 12:48:02 - Processing users.
12-24-2021 @ 12:48:02 - > &#8220;576&#8221;User imported successfully. ID:576
12-24-2021 @ 12:48:02 - > Finished importing user 576
12-24-2021 @ 12:48:02 - Row :104 - User imported successfully.
12-24-2021 @ 12:48:02 - Row :105 - Parsing item.
12-24-2021 @ 12:48:02 - Row :105 - Processing item.
12-24-2021 @ 12:48:02 - Processing users.
12-24-2021 @ 12:48:02 - > &#8220;577&#8221;User imported successfully. ID:577
12-24-2021 @ 12:48:02 - > Finished importing user 577
12-24-2021 @ 12:48:02 - Row :105 - User imported successfully.
12-24-2021 @ 12:48:02 - Row :106 - Parsing item.
12-24-2021 @ 12:48:02 - Row :106 - Processing item.
12-24-2021 @ 12:48:02 - Processing users.
12-24-2021 @ 12:48:02 - > &#8220;578&#8221;User imported successfully. ID:578
12-24-2021 @ 12:48:02 - > Finished importing user 578
12-24-2021 @ 12:48:02 - Row :106 - User imported successfully.
12-24-2021 @ 12:48:02 - Row :107 - Parsing item.
12-24-2021 @ 12:48:02 - Row :107 - Processing item.
12-24-2021 @ 12:48:02 - Processing users.
12-24-2021 @ 12:48:02 - > &#8220;579&#8221;User imported successfully. ID:579
12-24-2021 @ 12:48:02 - > Finished importing user 579
12-24-2021 @ 12:48:02 - Row :107 - User imported successfully.
12-24-2021 @ 12:48:02 - Row :108 - Parsing item.
12-24-2021 @ 12:48:02 - Row :108 - Processing item.
12-24-2021 @ 12:48:02 - Processing users.
12-24-2021 @ 12:48:03 - > &#8220;580&#8221;User imported successfully. ID:580
12-24-2021 @ 12:48:03 - > Finished importing user 580
12-24-2021 @ 12:48:03 - Row :108 - User imported successfully.
12-24-2021 @ 12:48:03 - Row :109 - Parsing item.
12-24-2021 @ 12:48:03 - Row :109 - Processing item.
12-24-2021 @ 12:48:03 - Processing users.
12-24-2021 @ 12:48:03 - > &#8220;581&#8221;User imported successfully. ID:581
12-24-2021 @ 12:48:03 - > Finished importing user 581
12-24-2021 @ 12:48:03 - Row :109 - User imported successfully.
12-24-2021 @ 12:48:03 - Row :110 - Parsing item.
12-24-2021 @ 12:48:03 - Row :110 - Processing item.
12-24-2021 @ 12:48:03 - Processing users.
12-24-2021 @ 12:48:03 - > &#8220;582&#8221;User imported successfully. ID:582
12-24-2021 @ 12:48:03 - > Finished importing user 582
12-24-2021 @ 12:48:03 - Row :110 - User imported successfully.
12-24-2021 @ 12:48:03 - Row :111 - Parsing item.
12-24-2021 @ 12:48:03 - Row :111 - Processing item.
12-24-2021 @ 12:48:03 - Processing users.
12-24-2021 @ 12:48:03 - > &#8220;583&#8221;User imported successfully. ID:583
12-24-2021 @ 12:48:03 - > Finished importing user 583
12-24-2021 @ 12:48:03 - Row :111 - User imported successfully.
12-24-2021 @ 12:48:03 - Row :112 - Parsing item.
12-24-2021 @ 12:48:03 - Row :112 - Processing item.
12-24-2021 @ 12:48:03 - Processing users.
12-24-2021 @ 12:48:03 - > &#8220;584&#8221;User imported successfully. ID:584
12-24-2021 @ 12:48:03 - > Finished importing user 584
12-24-2021 @ 12:48:03 - Row :112 - User imported successfully.
12-24-2021 @ 12:48:03 - Row :113 - Parsing item.
12-24-2021 @ 12:48:03 - Row :113 - Processing item.
12-24-2021 @ 12:48:03 - Processing users.
12-24-2021 @ 12:48:03 - > &#8220;585&#8221;User imported successfully. ID:585
12-24-2021 @ 12:48:03 - > Finished importing user 585
12-24-2021 @ 12:48:03 - Row :113 - User imported successfully.
12-24-2021 @ 12:48:03 - Row :114 - Parsing item.
12-24-2021 @ 12:48:03 - Row :114 - Processing item.
12-24-2021 @ 12:48:03 - Processing users.
12-24-2021 @ 12:48:03 - > &#8220;586&#8221;User imported successfully. ID:586
12-24-2021 @ 12:48:03 - > Finished importing user 586
12-24-2021 @ 12:48:03 - Row :114 - User imported successfully.
12-24-2021 @ 12:48:03 - Row :115 - Parsing item.
12-24-2021 @ 12:48:03 - Row :115 - Processing item.
12-24-2021 @ 12:48:03 - Processing users.
12-24-2021 @ 12:48:03 - > &#8220;587&#8221;User imported successfully. ID:587
12-24-2021 @ 12:48:03 - > Finished importing user 587
12-24-2021 @ 12:48:03 - Row :115 - User imported successfully.
12-24-2021 @ 12:48:03 - Row :116 - Parsing item.
12-24-2021 @ 12:48:03 - Row :116 - Processing item.
12-24-2021 @ 12:48:03 - Processing users.
12-24-2021 @ 12:48:03 - > &#8220;588&#8221;User imported successfully. ID:588
12-24-2021 @ 12:48:03 - > Finished importing user 588
12-24-2021 @ 12:48:03 - Row :116 - User imported successfully.
12-24-2021 @ 12:48:03 - Row :117 - Parsing item.
12-24-2021 @ 12:48:03 - Row :117 - Processing item.
12-24-2021 @ 12:48:03 - Processing users.
12-24-2021 @ 12:48:03 - > &#8220;589&#8221;User imported successfully. ID:589
12-24-2021 @ 12:48:03 - > Finished importing user 589
12-24-2021 @ 12:48:03 - Row :117 - User imported successfully.
12-24-2021 @ 12:48:03 - Row :118 - Parsing item.
12-24-2021 @ 12:48:03 - Row :118 - Processing item.
12-24-2021 @ 12:48:03 - Processing users.
12-24-2021 @ 12:48:03 - > &#8220;590&#8221;User imported successfully. ID:590
12-24-2021 @ 12:48:03 - > Finished importing user 590
12-24-2021 @ 12:48:03 - Row :118 - User imported successfully.
12-24-2021 @ 12:48:03 - Row :119 - Parsing item.
12-24-2021 @ 12:48:03 - Row :119 - Processing item.
12-24-2021 @ 12:48:03 - Processing users.
12-24-2021 @ 12:48:03 - > &#8220;591&#8221;User imported successfully. ID:591
12-24-2021 @ 12:48:03 - > Finished importing user 591
12-24-2021 @ 12:48:03 - Row :119 - User imported successfully.
12-24-2021 @ 12:48:03 - Row :120 - Parsing item.
12-24-2021 @ 12:48:03 - Row :120 - Processing item.
12-24-2021 @ 12:48:03 - Processing users.
12-24-2021 @ 12:48:03 - > &#8220;592&#8221;User imported successfully. ID:592
12-24-2021 @ 12:48:03 - > Finished importing user 592
12-24-2021 @ 12:48:03 - Row :120 - User imported successfully.
12-24-2021 @ 12:48:03 - Row :121 - Parsing item.
12-24-2021 @ 12:48:03 - Row :121 - Processing item.
12-24-2021 @ 12:48:03 - Processing users.
12-24-2021 @ 12:48:03 - > &#8220;593&#8221;User imported successfully. ID:593
12-24-2021 @ 12:48:03 - > Finished importing user 593
12-24-2021 @ 12:48:03 - Row :121 - User imported successfully.
12-24-2021 @ 12:48:03 - Row :122 - Parsing item.
12-24-2021 @ 12:48:03 - Row :122 - Processing item.
12-24-2021 @ 12:48:03 - Processing users.
12-24-2021 @ 12:48:03 - > &#8220;594&#8221;User imported successfully. ID:594
12-24-2021 @ 12:48:03 - > Finished importing user 594
12-24-2021 @ 12:48:03 - Row :122 - User imported successfully.
12-24-2021 @ 12:48:03 - Row :123 - Parsing item.
12-24-2021 @ 12:48:03 - Row :123 - Processing item.
12-24-2021 @ 12:48:03 - Processing users.
12-24-2021 @ 12:48:03 - > &#8220;595&#8221;User imported successfully. ID:595
12-24-2021 @ 12:48:03 - > Finished importing user 595
12-24-2021 @ 12:48:03 - Row :123 - User imported successfully.
12-24-2021 @ 12:48:03 - Row :124 - Parsing item.
12-24-2021 @ 12:48:03 - Row :124 - Processing item.
12-24-2021 @ 12:48:03 - Processing users.
12-24-2021 @ 12:48:03 - > &#8220;596&#8221;User imported successfully. ID:596
12-24-2021 @ 12:48:03 - > Finished importing user 596
12-24-2021 @ 12:48:03 - Row :124 - User imported successfully.
12-24-2021 @ 12:48:03 - Row :125 - Parsing item.
12-24-2021 @ 12:48:03 - Row :125 - Processing item.
12-24-2021 @ 12:48:03 - Processing users.
12-24-2021 @ 12:48:03 - > &#8220;597&#8221;User imported successfully. ID:597
12-24-2021 @ 12:48:03 - > Finished importing user 597
12-24-2021 @ 12:48:03 - Row :125 - User imported successfully.
12-24-2021 @ 12:48:03 - Row :126 - Parsing item.
12-24-2021 @ 12:48:03 - Row :126 - Processing item.
12-24-2021 @ 12:48:03 - Processing users.
12-24-2021 @ 12:48:03 - > &#8220;598&#8221;User imported successfully. ID:598
12-24-2021 @ 12:48:03 - > Finished importing user 598
12-24-2021 @ 12:48:03 - Row :126 - User imported successfully.
12-24-2021 @ 12:48:03 - Row :127 - Parsing item.
12-24-2021 @ 12:48:03 - Row :127 - Processing item.
12-24-2021 @ 12:48:03 - Processing users.
12-24-2021 @ 12:48:03 - > &#8220;599&#8221;User imported successfully. ID:599
12-24-2021 @ 12:48:03 - > Finished importing user 599
12-24-2021 @ 12:48:03 - Row :127 - User imported successfully.
12-24-2021 @ 12:48:03 - Row :128 - Parsing item.
12-24-2021 @ 12:48:03 - Row :128 - Processing item.
12-24-2021 @ 12:48:03 - Processing users.
12-24-2021 @ 12:48:03 - > &#8220;600&#8221;User imported successfully. ID:600
12-24-2021 @ 12:48:03 - > Finished importing user 600
12-24-2021 @ 12:48:03 - Row :128 - User imported successfully.
12-24-2021 @ 12:48:03 - Row :129 - Parsing item.
12-24-2021 @ 12:48:03 - Row :129 - Processing item.
12-24-2021 @ 12:48:03 - Processing users.
12-24-2021 @ 12:48:03 - > &#8220;601&#8221;User imported successfully. ID:601
12-24-2021 @ 12:48:03 - > Finished importing user 601
12-24-2021 @ 12:48:03 - Row :129 - User imported successfully.
12-24-2021 @ 12:48:03 - Row :130 - Parsing item.
12-24-2021 @ 12:48:03 - Row :130 - Processing item.
12-24-2021 @ 12:48:03 - Processing users.
12-24-2021 @ 12:48:03 - > &#8220;602&#8221;User imported successfully. ID:602
12-24-2021 @ 12:48:03 - > Finished importing user 602
12-24-2021 @ 12:48:03 - Row :130 - User imported successfully.
12-24-2021 @ 12:48:03 - Row :131 - Parsing item.
12-24-2021 @ 12:48:03 - Row :131 - Processing item.
12-24-2021 @ 12:48:03 - Processing users.
12-24-2021 @ 12:48:03 - > &#8220;603&#8221;User imported successfully. ID:603
12-24-2021 @ 12:48:03 - > Finished importing user 603
12-24-2021 @ 12:48:03 - Row :131 - User imported successfully.
12-24-2021 @ 12:48:03 - Row :132 - Parsing item.
12-24-2021 @ 12:48:03 - Row :132 - Processing item.
12-24-2021 @ 12:48:03 - Processing users.
12-24-2021 @ 12:48:03 - > &#8220;604&#8221;User imported successfully. ID:604
12-24-2021 @ 12:48:03 - > Finished importing user 604
12-24-2021 @ 12:48:03 - Row :132 - User imported successfully.
12-24-2021 @ 12:48:03 - Row :133 - Parsing item.
12-24-2021 @ 12:48:03 - Row :133 - Processing item.
12-24-2021 @ 12:48:03 - Processing users.
12-24-2021 @ 12:48:03 - > &#8220;605&#8221;User imported successfully. ID:605
12-24-2021 @ 12:48:03 - > Finished importing user 605
12-24-2021 @ 12:48:03 - Row :133 - User imported successfully.
12-24-2021 @ 12:48:03 - Row :134 - Parsing item.
12-24-2021 @ 12:48:03 - Row :134 - Processing item.
12-24-2021 @ 12:48:03 - Processing users.
12-24-2021 @ 12:48:03 - > &#8220;606&#8221;User imported successfully. ID:606
12-24-2021 @ 12:48:03 - > Finished importing user 606
12-24-2021 @ 12:48:03 - Row :134 - User imported successfully.
12-24-2021 @ 12:48:03 - Row :135 - Parsing item.
12-24-2021 @ 12:48:03 - Row :135 - Processing item.
12-24-2021 @ 12:48:03 - Processing users.
12-24-2021 @ 12:48:03 - > &#8220;607&#8221;User imported successfully. ID:607
12-24-2021 @ 12:48:03 - > Finished importing user 607
12-24-2021 @ 12:48:03 - Row :135 - User imported successfully.
12-24-2021 @ 12:48:03 - Row :136 - Parsing item.
12-24-2021 @ 12:48:03 - Row :136 - Processing item.
12-24-2021 @ 12:48:03 - Processing users.
12-24-2021 @ 12:48:03 - > &#8220;608&#8221;User imported successfully. ID:608
12-24-2021 @ 12:48:03 - > Finished importing user 608
12-24-2021 @ 12:48:03 - Row :136 - User imported successfully.
12-24-2021 @ 12:48:03 - Row :137 - Parsing item.
12-24-2021 @ 12:48:03 - Row :137 - Processing item.
12-24-2021 @ 12:48:03 - Processing users.
12-24-2021 @ 12:48:03 - > &#8220;609&#8221;User imported successfully. ID:609
12-24-2021 @ 12:48:03 - > Finished importing user 609
12-24-2021 @ 12:48:03 - Row :137 - User imported successfully.
12-24-2021 @ 12:48:03 - Row :138 - Parsing item.
12-24-2021 @ 12:48:03 - Row :138 - Parsing failed. Reason: User with same Email already exists. Email: info@clane.co.jp
12-24-2021 @ 12:48:03 - Row :139 - Parsing item.
12-24-2021 @ 12:48:03 - Row :139 - Processing item.
12-24-2021 @ 12:48:03 - Processing users.
12-24-2021 @ 12:48:03 - > &#8220;610&#8221;User imported successfully. ID:610
12-24-2021 @ 12:48:03 - > Finished importing user 610
12-24-2021 @ 12:48:03 - Row :139 - User imported successfully.
12-24-2021 @ 12:48:03 - Row :140 - Parsing item.
12-24-2021 @ 12:48:03 - Row :140 - Processing item.
12-24-2021 @ 12:48:03 - Processing users.
12-24-2021 @ 12:48:03 - > &#8220;611&#8221;User imported successfully. ID:611
12-24-2021 @ 12:48:03 - > Finished importing user 611
12-24-2021 @ 12:48:03 - Row :140 - User imported successfully.
12-24-2021 @ 12:48:03 - Row :141 - Parsing item.
12-24-2021 @ 12:48:03 - Row :141 - Processing item.
12-24-2021 @ 12:48:03 - Processing users.
12-24-2021 @ 12:48:03 - > &#8220;612&#8221;User imported successfully. ID:612
12-24-2021 @ 12:48:03 - > Finished importing user 612
12-24-2021 @ 12:48:03 - Row :141 - User imported successfully.
12-24-2021 @ 12:48:03 - ---[ Import ended at 2021-12-24 12:48:03]---
